2025-06-15 21:57:54,142 - root - INFO - Font set to: Arial
2025-06-15 21:59:02,994 - root - INFO - plot_trace: Trace data min: -4078.0684379010963, max: 4802.883294800529, shape: (4000,)
2025-06-15 21:59:05,134 - root - INFO - plot_trace: Trace data min: -4078.0684379010963, max: 4802.883294800529, shape: (4000,)
2025-06-15 21:59:07,504 - root - INFO - Updated pick quality for /Users/hujiachen/Desktop/深地项目/example_mseed/3J.BHPC.evid.17544.mseed to B
2025-06-15 21:59:07,549 - root - INFO - plot_trace: Trace data min: -4078.0684379010963, max: 4802.883294800529, shape: (4000,)
2025-06-15 21:59:08,796 - root - INFO - plot_trace: Trace data min: -513.1344674835525, max: 463.00156891195485, shape: (4000,)
2025-06-15 21:59:09,930 - root - INFO - plot_trace: Trace data min: -513.1344674835525, max: 463.00156891195485, shape: (4000,)
2025-06-15 21:59:09,994 - root - INFO - plot_trace: Trace data min: -513.1344674835525, max: 463.00156891195485, shape: (4000,)
2025-06-15 21:59:11,536 - root - INFO - Updated pick quality for /Users/hujiachen/Desktop/深地项目/example_mseed/IC.KMI.evid.21647.mseed to B
2025-06-15 21:59:11,583 - root - INFO - plot_trace: Trace data min: -513.1344674835525, max: 463.00156891195485, shape: (4000,)
2025-06-15 21:59:12,746 - root - INFO - plot_trace: Trace data min: -700.9445003840085, max: 1004.7906582793964, shape: (4000,)
2025-06-15 21:59:15,020 - root - WARNING - Failed to update pick quality for pick: 17.390492050874403 in /Users/hujiachen/Desktop/深地项目/example_mseed/XF.H1090.evid.38307.mseed. Pick not found.
2025-06-15 21:59:15,067 - root - INFO - plot_trace: Trace data min: -700.9445003840085, max: 1004.7906582793964, shape: (4000,)
2025-06-15 21:59:16,061 - root - INFO - plot_trace: Trace data min: -700.9445003840085, max: 1004.7906582793964, shape: (4000,)
2025-06-15 21:59:16,122 - root - INFO - plot_trace: Trace data min: -700.9445003840085, max: 1004.7906582793964, shape: (4000,)
2025-06-15 21:59:23,001 - root - INFO - All picks successfully saved to file: /Users/hujiachen/Desktop/深地项目/example_mseed/111.csv
2025-06-15 22:00:22,155 - root - INFO - plot_trace: Trace data min: -700.9445003840085, max: 1004.7906582793964, shape: (4000,)
2025-06-15 22:00:22,222 - root - INFO - plot_trace: Trace data min: -700.9445003840085, max: 1004.7906582793964, shape: (4000,)
2025-06-15 22:00:22,937 - root - INFO - plot_trace: Trace data min: -700.9445003840085, max: 1004.7906582793964, shape: (4000,)
2025-06-15 22:00:23,002 - root - INFO - plot_trace: Trace data min: -700.9445003840085, max: 1004.7906582793964, shape: (4000,)
2025-06-15 22:00:23,567 - root - INFO - plot_trace: Trace data min: -700.9445003840085, max: 1004.7906582793964, shape: (4000,)
2025-06-15 22:00:23,632 - root - INFO - plot_trace: Trace data min: -700.9445003840085, max: 1004.7906582793964, shape: (4000,)
2025-06-15 22:00:25,142 - root - INFO - plot_trace: Trace data min: -700.9445003840085, max: 1004.7906582793964, shape: (4000,)
2025-06-15 22:00:25,433 - root - INFO - plot_trace: Trace data min: -700.9445003840085, max: 1004.7906582793964, shape: (4000,)
2025-06-15 22:00:25,817 - root - INFO - plot_trace: Trace data min: -700.9445003840085, max: 1004.7906582793964, shape: (4000,)
