2025-06-15 19:20:24,681 - root - INFO - Chinese font set to: Microsoft YaHei
2025-06-15 19:20:24,682 - matplotlib.font_manager - WARNING - findfont: Font family ['Microsoft YaHei'] not found. Falling back to DejaVu Sans.
2025-06-15 19:20:24,844 - matplotlib.font_manager - WARNING - findfont: Font family 'Microsoft YaHei' not found.
2025-06-15 19:20:24,846 - matplotlib.font_manager - WARNING - findfont: Font family 'Microsoft YaHei' not found.
2025-06-15 19:20:24,846 - matplotlib.font_manager - WARNING - findfont: Font family 'Microsoft YaHei' not found.
2025-06-15 19:20:24,847 - matplotlib.font_manager - WARNING - findfont: Font family 'Microsoft YaHei' not found.
2025-06-15 19:20:24,847 - matplotlib.font_manager - WARNING - findfont: Font family 'Microsoft YaHei' not found.
2025-06-15 19:20:24,847 - matplotlib.font_manager - WARNING - findfont: Font family 'Microsoft YaHei' not found.
2025-06-15 19:20:24,847 - matplotlib.font_manager - WARNING - findfont: Font family 'Microsoft YaHei' not found.
2025-06-15 19:20:24,847 - matplotlib.font_manager - WARNING - findfont: Font family 'Microsoft YaHei' not found.
2025-06-15 19:20:24,848 - matplotlib.font_manager - WARNING - findfont: Font family 'Microsoft YaHei' not found.
2025-06-15 19:20:24,848 - matplotlib.font_manager - WARNING - findfont: Font family 'Microsoft YaHei' not found.
2025-06-15 19:20:24,852 - matplotlib.font_manager - WARNING - findfont: Font family 'Microsoft YaHei' not found.
2025-06-15 19:20:24,852 - matplotlib.font_manager - WARNING - findfont: Font family 'Microsoft YaHei' not found.
2025-06-15 19:20:24,852 - matplotlib.font_manager - WARNING - findfont: Font family 'Microsoft YaHei' not found.
2025-06-15 19:20:24,856 - matplotlib.font_manager - WARNING - findfont: Font family 'Microsoft YaHei' not found.
2025-06-15 19:20:24,856 - matplotlib.font_manager - WARNING - findfont: Font family 'Microsoft YaHei' not found.
2025-06-15 19:20:24,856 - matplotlib.font_manager - WARNING - findfont: Font family 'Microsoft YaHei' not found.
2025-06-15 19:20:24,857 - matplotlib.font_manager - WARNING - findfont: Font family 'Microsoft YaHei' not found.
2025-06-15 19:20:24,857 - matplotlib.font_manager - WARNING - findfont: Font family 'Microsoft YaHei' not found.
2025-06-15 19:20:24,857 - matplotlib.font_manager - WARNING - findfont: Font family 'Microsoft YaHei' not found.
2025-06-15 19:20:24,905 - matplotlib.font_manager - WARNING - findfont: Font family 'Microsoft YaHei' not found.
2025-06-15 19:20:24,905 - matplotlib.font_manager - WARNING - findfont: Font family 'Microsoft YaHei' not found.
2025-06-15 19:20:24,905 - matplotlib.font_manager - WARNING - findfont: Font family 'Microsoft YaHei' not found.
2025-06-15 19:20:24,905 - matplotlib.font_manager - WARNING - findfont: Font family 'Microsoft YaHei' not found.
2025-06-15 19:20:24,905 - matplotlib.font_manager - WARNING - findfont: Font family 'Microsoft YaHei' not found.
2025-06-15 19:20:24,906 - matplotlib.font_manager - WARNING - findfont: Font family 'Microsoft YaHei' not found.
2025-06-15 19:20:24,906 - matplotlib.font_manager - WARNING - findfont: Font family 'Microsoft YaHei' not found.
2025-06-15 19:20:24,907 - matplotlib.font_manager - WARNING - findfont: Font family 'Microsoft YaHei' not found.
2025-06-15 19:20:24,908 - matplotlib.font_manager - WARNING - findfont: Font family 'Microsoft YaHei' not found.
2025-06-15 19:20:24,909 - matplotlib.font_manager - WARNING - findfont: Font family 'Microsoft YaHei' not found.
2025-06-15 19:20:24,911 - matplotlib.font_manager - WARNING - findfont: Font family 'Microsoft YaHei' not found.
2025-06-15 19:20:24,912 - matplotlib.font_manager - WARNING - findfont: Font family 'Microsoft YaHei' not found.
2025-06-15 19:20:24,912 - matplotlib.font_manager - WARNING - findfont: Font family 'Microsoft YaHei' not found.
2025-06-15 19:20:24,912 - matplotlib.font_manager - WARNING - findfont: Font family 'Microsoft YaHei' not found.
2025-06-15 19:20:24,912 - matplotlib.font_manager - WARNING - findfont: Font family 'Microsoft YaHei' not found.
2025-06-15 19:20:24,913 - matplotlib.font_manager - WARNING - findfont: Font family 'Microsoft YaHei' not found.
2025-06-15 19:20:24,914 - matplotlib.font_manager - WARNING - findfont: Font family 'Microsoft YaHei' not found.
2025-06-15 19:20:24,914 - matplotlib.font_manager - WARNING - findfont: Font family 'Microsoft YaHei' not found.
2025-06-15 19:20:24,915 - matplotlib.font_manager - WARNING - findfont: Font family 'Microsoft YaHei' not found.
2025-06-15 19:20:24,916 - matplotlib.font_manager - WARNING - findfont: Font family 'Microsoft YaHei' not found.
2025-06-15 19:20:24,916 - matplotlib.font_manager - WARNING - findfont: Font family 'Microsoft YaHei' not found.
2025-06-15 19:20:24,916 - matplotlib.font_manager - WARNING - findfont: Font family 'Microsoft YaHei' not found.
2025-06-15 19:20:24,916 - matplotlib.font_manager - WARNING - findfont: Font family 'Microsoft YaHei' not found.
2025-06-15 19:20:24,917 - matplotlib.font_manager - WARNING - findfont: Font family 'Microsoft YaHei' not found.
2025-06-15 19:20:24,918 - matplotlib.font_manager - WARNING - findfont: Font family 'Microsoft YaHei' not found.
2025-06-15 19:20:24,918 - matplotlib.font_manager - WARNING - findfont: Font family 'Microsoft YaHei' not found.
2025-06-15 19:20:41,277 - matplotlib.font_manager - WARNING - findfont: Font family 'Microsoft YaHei' not found.
2025-06-15 19:20:41,280 - matplotlib.font_manager - WARNING - findfont: Font family 'Microsoft YaHei' not found.
2025-06-15 19:20:41,280 - matplotlib.font_manager - WARNING - findfont: Font family 'Microsoft YaHei' not found.
2025-06-15 19:20:41,281 - matplotlib.font_manager - WARNING - findfont: Font family 'Microsoft YaHei' not found.
2025-06-15 19:20:41,281 - matplotlib.font_manager - WARNING - findfont: Font family 'Microsoft YaHei' not found.
2025-06-15 19:20:41,282 - matplotlib.font_manager - WARNING - findfont: Font family 'Microsoft YaHei' not found.
2025-06-15 19:20:41,284 - matplotlib.font_manager - WARNING - findfont: Font family 'Microsoft YaHei' not found.
2025-06-15 19:20:41,286 - matplotlib.font_manager - WARNING - findfont: Font family 'Microsoft YaHei' not found.
2025-06-15 19:20:41,286 - matplotlib.font_manager - WARNING - findfont: Font family 'Microsoft YaHei' not found.
2025-06-15 19:20:41,287 - matplotlib.font_manager - WARNING - findfont: Font family 'Microsoft YaHei' not found.
2025-06-15 19:20:41,287 - matplotlib.font_manager - WARNING - findfont: Font family 'Microsoft YaHei' not found.
2025-06-15 19:20:41,287 - matplotlib.font_manager - WARNING - findfont: Font family 'Microsoft YaHei' not found.
2025-06-15 19:20:41,288 - matplotlib.font_manager - WARNING - findfont: Font family 'Microsoft YaHei' not found.
2025-06-15 19:20:41,290 - matplotlib.font_manager - WARNING - findfont: Font family 'Microsoft YaHei' not found.
2025-06-15 19:20:41,290 - matplotlib.font_manager - WARNING - findfont: Font family 'Microsoft YaHei' not found.
2025-06-15 19:20:41,301 - matplotlib.font_manager - WARNING - findfont: Font family 'Microsoft YaHei' not found.
2025-06-15 19:20:41,301 - matplotlib.font_manager - WARNING - findfont: Font family 'Microsoft YaHei' not found.
2025-06-15 19:20:41,302 - matplotlib.font_manager - WARNING - findfont: Font family 'Microsoft YaHei' not found.
2025-06-15 19:20:41,302 - matplotlib.font_manager - WARNING - findfont: Font family 'Microsoft YaHei' not found.
2025-06-15 19:20:41,303 - matplotlib.font_manager - WARNING - findfont: Font family 'Microsoft YaHei' not found.
2025-06-15 19:20:41,303 - matplotlib.font_manager - WARNING - findfont: Font family 'Microsoft YaHei' not found.
2025-06-15 19:20:41,304 - matplotlib.font_manager - WARNING - findfont: Font family 'Microsoft YaHei' not found.
2025-06-15 19:20:41,305 - matplotlib.font_manager - WARNING - findfont: Font family 'Microsoft YaHei' not found.
2025-06-15 19:20:41,306 - matplotlib.font_manager - WARNING - findfont: Font family 'Microsoft YaHei' not found.
2025-06-15 19:20:41,306 - matplotlib.font_manager - WARNING - findfont: Font family 'Microsoft YaHei' not found.
2025-06-15 19:20:41,306 - matplotlib.font_manager - WARNING - findfont: Font family 'Microsoft YaHei' not found.
2025-06-15 19:20:41,307 - matplotlib.font_manager - WARNING - findfont: Font family 'Microsoft YaHei' not found.
2025-06-15 19:20:41,307 - matplotlib.font_manager - WARNING - findfont: Font family 'Microsoft YaHei' not found.
2025-06-15 19:20:41,308 - matplotlib.font_manager - WARNING - findfont: Font family 'Microsoft YaHei' not found.
2025-06-15 19:20:41,309 - matplotlib.font_manager - WARNING - findfont: Font family 'Microsoft YaHei' not found.
2025-06-15 19:20:41,318 - matplotlib.font_manager - WARNING - findfont: Font family 'Microsoft YaHei' not found.
2025-06-15 19:20:41,318 - matplotlib.font_manager - WARNING - findfont: Font family 'Microsoft YaHei' not found.
2025-06-15 19:20:41,319 - matplotlib.font_manager - WARNING - findfont: Font family 'Microsoft YaHei' not found.
2025-06-15 19:20:41,319 - matplotlib.font_manager - WARNING - findfont: Font family 'Microsoft YaHei' not found.
2025-06-15 19:20:41,319 - matplotlib.font_manager - WARNING - findfont: Font family 'Microsoft YaHei' not found.
2025-06-15 19:20:41,320 - matplotlib.font_manager - WARNING - findfont: Font family 'Microsoft YaHei' not found.
2025-06-15 19:20:41,321 - matplotlib.font_manager - WARNING - findfont: Font family 'Microsoft YaHei' not found.
2025-06-15 19:20:41,322 - matplotlib.font_manager - WARNING - findfont: Font family 'Microsoft YaHei' not found.
2025-06-15 19:20:41,322 - matplotlib.font_manager - WARNING - findfont: Font family 'Microsoft YaHei' not found.
2025-06-15 19:20:41,323 - matplotlib.font_manager - WARNING - findfont: Font family 'Microsoft YaHei' not found.
2025-06-15 19:20:41,323 - matplotlib.font_manager - WARNING - findfont: Font family 'Microsoft YaHei' not found.
2025-06-15 19:20:41,323 - matplotlib.font_manager - WARNING - findfont: Font family 'Microsoft YaHei' not found.
2025-06-15 19:20:41,323 - matplotlib.font_manager - WARNING - findfont: Font family 'Microsoft YaHei' not found.
2025-06-15 19:20:41,324 - matplotlib.font_manager - WARNING - findfont: Font family 'Microsoft YaHei' not found.
2025-06-15 19:20:41,325 - matplotlib.font_manager - WARNING - findfont: Font family 'Microsoft YaHei' not found.
2025-06-15 19:20:41,331 - matplotlib.font_manager - WARNING - findfont: Font family 'Microsoft YaHei' not found.
2025-06-15 19:20:41,331 - matplotlib.font_manager - WARNING - findfont: Font family 'Microsoft YaHei' not found.
2025-06-15 19:20:41,331 - matplotlib.font_manager - WARNING - findfont: Font family 'Microsoft YaHei' not found.
2025-06-15 19:20:41,331 - matplotlib.font_manager - WARNING - findfont: Font family 'Microsoft YaHei' not found.
2025-06-15 19:20:41,331 - matplotlib.font_manager - WARNING - findfont: Font family 'Microsoft YaHei' not found.
2025-06-15 19:20:41,332 - matplotlib.font_manager - WARNING - findfont: Font family 'Microsoft YaHei' not found.
2025-06-15 19:20:41,332 - matplotlib.font_manager - WARNING - findfont: Font family 'Microsoft YaHei' not found.
2025-06-15 19:20:41,332 - matplotlib.font_manager - WARNING - findfont: Font family 'Microsoft YaHei' not found.
2025-06-15 19:20:41,333 - matplotlib.font_manager - WARNING - findfont: Font family 'Microsoft YaHei' not found.
2025-06-15 19:20:41,333 - matplotlib.font_manager - WARNING - findfont: Font family 'Microsoft YaHei' not found.
2025-06-15 19:20:41,334 - matplotlib.font_manager - WARNING - findfont: Font family 'Microsoft YaHei' not found.
2025-06-15 19:20:41,334 - matplotlib.font_manager - WARNING - findfont: Font family 'Microsoft YaHei' not found.
2025-06-15 19:20:41,335 - matplotlib.font_manager - WARNING - findfont: Font family 'Microsoft YaHei' not found.
2025-06-15 19:20:41,335 - matplotlib.font_manager - WARNING - findfont: Font family 'Microsoft YaHei' not found.
2025-06-15 19:20:41,335 - matplotlib.font_manager - WARNING - findfont: Font family 'Microsoft YaHei' not found.
2025-06-15 19:20:41,335 - matplotlib.font_manager - WARNING - findfont: Font family 'Microsoft YaHei' not found.
2025-06-15 19:20:41,336 - matplotlib.font_manager - WARNING - findfont: Font family 'Microsoft YaHei' not found.
2025-06-15 19:20:41,337 - matplotlib.font_manager - WARNING - findfont: Font family 'Microsoft YaHei' not found.
2025-06-15 19:20:41,337 - matplotlib.font_manager - WARNING - findfont: Font family 'Microsoft YaHei' not found.
2025-06-15 19:20:41,338 - matplotlib.font_manager - WARNING - findfont: Font family 'Microsoft YaHei' not found.
2025-06-15 19:20:41,338 - matplotlib.font_manager - WARNING - findfont: Font family 'Microsoft YaHei' not found.
2025-06-15 19:20:41,338 - matplotlib.font_manager - WARNING - findfont: Font family 'Microsoft YaHei' not found.
2025-06-15 19:20:41,339 - matplotlib.font_manager - WARNING - findfont: Font family 'Microsoft YaHei' not found.
2025-06-15 19:20:41,339 - matplotlib.font_manager - WARNING - findfont: Font family 'Microsoft YaHei' not found.
2025-06-15 19:20:41,340 - matplotlib.font_manager - WARNING - findfont: Font family 'Microsoft YaHei' not found.
2025-06-15 19:20:41,340 - matplotlib.font_manager - WARNING - findfont: Font family 'Microsoft YaHei' not found.
2025-06-15 19:20:41,351 - matplotlib.font_manager - WARNING - findfont: Font family 'Microsoft YaHei' not found.
2025-06-15 19:20:41,351 - matplotlib.font_manager - WARNING - findfont: Font family 'Microsoft YaHei' not found.
2025-06-15 19:20:41,351 - matplotlib.font_manager - WARNING - findfont: Font family 'Microsoft YaHei' not found.
2025-06-15 19:20:41,352 - matplotlib.font_manager - WARNING - findfont: Font family 'Microsoft YaHei' not found.
2025-06-15 19:20:41,352 - matplotlib.font_manager - WARNING - findfont: Font family 'Microsoft YaHei' not found.
2025-06-15 19:20:41,352 - matplotlib.font_manager - WARNING - findfont: Font family 'Microsoft YaHei' not found.
2025-06-15 19:20:41,353 - matplotlib.font_manager - WARNING - findfont: Font family 'Microsoft YaHei' not found.
2025-06-15 19:20:41,354 - matplotlib.font_manager - WARNING - findfont: Font family 'Microsoft YaHei' not found.
2025-06-15 19:20:41,355 - matplotlib.font_manager - WARNING - findfont: Font family 'Microsoft YaHei' not found.
2025-06-15 19:20:41,355 - matplotlib.font_manager - WARNING - findfont: Font family 'Microsoft YaHei' not found.
2025-06-15 19:20:41,355 - matplotlib.font_manager - WARNING - findfont: Font family 'Microsoft YaHei' not found.
2025-06-15 19:20:41,355 - matplotlib.font_manager - WARNING - findfont: Font family 'Microsoft YaHei' not found.
2025-06-15 19:20:41,356 - matplotlib.font_manager - WARNING - findfont: Font family 'Microsoft YaHei' not found.
2025-06-15 19:20:41,357 - matplotlib.font_manager - WARNING - findfont: Font family 'Microsoft YaHei' not found.
2025-06-15 19:20:41,357 - matplotlib.font_manager - WARNING - findfont: Font family 'Microsoft YaHei' not found.
2025-06-15 19:20:41,365 - matplotlib.font_manager - WARNING - findfont: Font family 'Microsoft YaHei' not found.
2025-06-15 19:20:41,365 - matplotlib.font_manager - WARNING - findfont: Font family 'Microsoft YaHei' not found.
2025-06-15 19:20:41,365 - matplotlib.font_manager - WARNING - findfont: Font family 'Microsoft YaHei' not found.
2025-06-15 19:20:41,366 - matplotlib.font_manager - WARNING - findfont: Font family 'Microsoft YaHei' not found.
2025-06-15 19:20:41,366 - matplotlib.font_manager - WARNING - findfont: Font family 'Microsoft YaHei' not found.
2025-06-15 19:20:41,366 - matplotlib.font_manager - WARNING - findfont: Font family 'Microsoft YaHei' not found.
2025-06-15 19:20:41,367 - matplotlib.font_manager - WARNING - findfont: Font family 'Microsoft YaHei' not found.
2025-06-15 19:20:41,368 - matplotlib.font_manager - WARNING - findfont: Font family 'Microsoft YaHei' not found.
2025-06-15 19:20:41,368 - matplotlib.font_manager - WARNING - findfont: Font family 'Microsoft YaHei' not found.
2025-06-15 19:20:41,369 - matplotlib.font_manager - WARNING - findfont: Font family 'Microsoft YaHei' not found.
2025-06-15 19:20:41,369 - matplotlib.font_manager - WARNING - findfont: Font family 'Microsoft YaHei' not found.
2025-06-15 19:20:41,369 - matplotlib.font_manager - WARNING - findfont: Font family 'Microsoft YaHei' not found.
2025-06-15 19:20:41,369 - matplotlib.font_manager - WARNING - findfont: Font family 'Microsoft YaHei' not found.
2025-06-15 19:20:41,371 - matplotlib.font_manager - WARNING - findfont: Font family 'Microsoft YaHei' not found.
2025-06-15 19:20:41,371 - matplotlib.font_manager - WARNING - findfont: Font family 'Microsoft YaHei' not found.
2025-06-15 19:20:41,379 - matplotlib.font_manager - WARNING - findfont: Font family 'Microsoft YaHei' not found.
2025-06-15 19:20:41,379 - matplotlib.font_manager - WARNING - findfont: Font family 'Microsoft YaHei' not found.
2025-06-15 19:20:41,379 - matplotlib.font_manager - WARNING - findfont: Font family 'Microsoft YaHei' not found.
2025-06-15 19:20:41,380 - matplotlib.font_manager - WARNING - findfont: Font family 'Microsoft YaHei' not found.
2025-06-15 19:20:41,380 - matplotlib.font_manager - WARNING - findfont: Font family 'Microsoft YaHei' not found.
2025-06-15 19:20:41,380 - matplotlib.font_manager - WARNING - findfont: Font family 'Microsoft YaHei' not found.
2025-06-15 19:20:41,381 - matplotlib.font_manager - WARNING - findfont: Font family 'Microsoft YaHei' not found.
2025-06-15 19:20:41,382 - matplotlib.font_manager - WARNING - findfont: Font family 'Microsoft YaHei' not found.
2025-06-15 19:20:41,382 - matplotlib.font_manager - WARNING - findfont: Font family 'Microsoft YaHei' not found.
2025-06-15 19:20:41,383 - matplotlib.font_manager - WARNING - findfont: Font family 'Microsoft YaHei' not found.
2025-06-15 19:20:41,383 - matplotlib.font_manager - WARNING - findfont: Font family 'Microsoft YaHei' not found.
2025-06-15 19:20:41,383 - matplotlib.font_manager - WARNING - findfont: Font family 'Microsoft YaHei' not found.
2025-06-15 19:20:41,383 - matplotlib.font_manager - WARNING - findfont: Font family 'Microsoft YaHei' not found.
2025-06-15 19:20:41,384 - matplotlib.font_manager - WARNING - findfont: Font family 'Microsoft YaHei' not found.
2025-06-15 19:20:41,385 - matplotlib.font_manager - WARNING - findfont: Font family 'Microsoft YaHei' not found.
2025-06-15 19:20:41,392 - matplotlib.font_manager - WARNING - findfont: Font family 'Microsoft YaHei' not found.
2025-06-15 19:20:41,392 - matplotlib.font_manager - WARNING - findfont: Font family 'Microsoft YaHei' not found.
2025-06-15 19:20:41,392 - matplotlib.font_manager - WARNING - findfont: Font family 'Microsoft YaHei' not found.
2025-06-15 19:20:41,392 - matplotlib.font_manager - WARNING - findfont: Font family 'Microsoft YaHei' not found.
2025-06-15 19:20:41,392 - matplotlib.font_manager - WARNING - findfont: Font family 'Microsoft YaHei' not found.
2025-06-15 19:20:41,392 - matplotlib.font_manager - WARNING - findfont: Font family 'Microsoft YaHei' not found.
2025-06-15 19:20:41,392 - matplotlib.font_manager - WARNING - findfont: Font family 'Microsoft YaHei' not found.
2025-06-15 19:20:41,393 - matplotlib.font_manager - WARNING - findfont: Font family 'Microsoft YaHei' not found.
2025-06-15 19:20:41,393 - matplotlib.font_manager - WARNING - findfont: Font family 'Microsoft YaHei' not found.
2025-06-15 19:20:41,393 - matplotlib.font_manager - WARNING - findfont: Font family 'Microsoft YaHei' not found.
2025-06-15 19:20:41,395 - matplotlib.font_manager - WARNING - findfont: Font family 'Microsoft YaHei' not found.
2025-06-15 19:20:41,395 - matplotlib.font_manager - WARNING - findfont: Font family 'Microsoft YaHei' not found.
2025-06-15 19:20:41,395 - matplotlib.font_manager - WARNING - findfont: Font family 'Microsoft YaHei' not found.
2025-06-15 19:20:41,396 - matplotlib.font_manager - WARNING - findfont: Font family 'Microsoft YaHei' not found.
2025-06-15 19:20:41,396 - matplotlib.font_manager - WARNING - findfont: Font family 'Microsoft YaHei' not found.
2025-06-15 19:20:41,396 - matplotlib.font_manager - WARNING - findfont: Font family 'Microsoft YaHei' not found.
2025-06-15 19:20:41,397 - matplotlib.font_manager - WARNING - findfont: Font family 'Microsoft YaHei' not found.
2025-06-15 19:20:41,397 - matplotlib.font_manager - WARNING - findfont: Font family 'Microsoft YaHei' not found.
2025-06-15 19:20:41,398 - matplotlib.font_manager - WARNING - findfont: Font family 'Microsoft YaHei' not found.
2025-06-15 19:20:41,398 - matplotlib.font_manager - WARNING - findfont: Font family 'Microsoft YaHei' not found.
2025-06-15 19:20:41,399 - matplotlib.font_manager - WARNING - findfont: Font family 'Microsoft YaHei' not found.
2025-06-15 19:20:41,399 - matplotlib.font_manager - WARNING - findfont: Font family 'Microsoft YaHei' not found.
2025-06-15 19:20:41,399 - matplotlib.font_manager - WARNING - findfont: Font family 'Microsoft YaHei' not found.
2025-06-15 19:20:41,399 - matplotlib.font_manager - WARNING - findfont: Font family 'Microsoft YaHei' not found.
2025-06-15 19:20:41,400 - matplotlib.font_manager - WARNING - findfont: Font family 'Microsoft YaHei' not found.
2025-06-15 19:20:41,401 - matplotlib.font_manager - WARNING - findfont: Font family 'Microsoft YaHei' not found.
2025-06-15 19:20:43,288 - root - INFO - plot_trace: Trace data min: -1323.8019026621207, max: 2209.838015978964, shape: (4000,)
2025-06-15 19:20:43,293 - matplotlib.font_manager - WARNING - findfont: Font family 'Microsoft YaHei' not found.
2025-06-15 19:20:43,294 - matplotlib.font_manager - WARNING - findfont: Font family 'Microsoft YaHei' not found.
2025-06-15 19:20:43,294 - matplotlib.font_manager - WARNING - findfont: Font family 'Microsoft YaHei' not found.
2025-06-15 19:20:43,294 - matplotlib.font_manager - WARNING - findfont: Font family 'Microsoft YaHei' not found.
2025-06-15 19:20:43,294 - matplotlib.font_manager - WARNING - findfont: Font family 'Microsoft YaHei' not found.
2025-06-15 19:20:43,294 - matplotlib.font_manager - WARNING - findfont: Font family 'Microsoft YaHei' not found.
2025-06-15 19:20:43,294 - matplotlib.font_manager - WARNING - findfont: Font family 'Microsoft YaHei' not found.
2025-06-15 19:20:43,294 - matplotlib.font_manager - WARNING - findfont: Font family 'Microsoft YaHei' not found.
2025-06-15 19:20:43,299 - matplotlib.font_manager - WARNING - findfont: Font family 'Microsoft YaHei' not found.
2025-06-15 19:20:43,299 - matplotlib.font_manager - WARNING - findfont: Font family 'Microsoft YaHei' not found.
2025-06-15 19:20:43,299 - matplotlib.font_manager - WARNING - findfont: Font family 'Microsoft YaHei' not found.
2025-06-15 19:20:43,300 - matplotlib.font_manager - WARNING - findfont: Font family 'Microsoft YaHei' not found.
2025-06-15 19:20:43,300 - matplotlib.font_manager - WARNING - findfont: Font family 'Microsoft YaHei' not found.
2025-06-15 19:20:43,300 - matplotlib.font_manager - WARNING - findfont: Font family 'Microsoft YaHei' not found.
2025-06-15 19:20:43,300 - matplotlib.font_manager - WARNING - findfont: Font family 'Microsoft YaHei' not found.
2025-06-15 19:20:43,300 - matplotlib.font_manager - WARNING - findfont: Font family 'Microsoft YaHei' not found.
2025-06-15 19:20:43,300 - matplotlib.font_manager - WARNING - findfont: Font family 'Microsoft YaHei' not found.
2025-06-15 19:20:43,301 - matplotlib.font_manager - WARNING - findfont: Font family 'Microsoft YaHei' not found.
2025-06-15 19:20:43,301 - matplotlib.font_manager - WARNING - findfont: Font family 'Microsoft YaHei' not found.
2025-06-15 19:20:43,301 - matplotlib.font_manager - WARNING - findfont: Font family 'Microsoft YaHei' not found.
2025-06-15 19:20:43,301 - matplotlib.font_manager - WARNING - findfont: Font family 'Microsoft YaHei' not found.
2025-06-15 19:20:43,302 - matplotlib.font_manager - WARNING - findfont: Font family 'Microsoft YaHei' not found.
2025-06-15 19:20:43,302 - matplotlib.font_manager - WARNING - findfont: Font family 'Microsoft YaHei' not found.
2025-06-15 19:20:43,302 - matplotlib.font_manager - WARNING - findfont: Font family 'Microsoft YaHei' not found.
2025-06-15 19:20:43,302 - matplotlib.font_manager - WARNING - findfont: Font family 'Microsoft YaHei' not found.
2025-06-15 19:20:43,304 - matplotlib.font_manager - WARNING - findfont: Font family 'Microsoft YaHei' not found.
2025-06-15 19:20:43,305 - matplotlib.font_manager - WARNING - findfont: Font family 'Microsoft YaHei' not found.
2025-06-15 19:20:43,306 - matplotlib.font_manager - WARNING - findfont: Font family 'Microsoft YaHei' not found.
2025-06-15 19:20:43,306 - matplotlib.font_manager - WARNING - findfont: Font family 'Microsoft YaHei' not found.
2025-06-15 19:20:43,306 - matplotlib.font_manager - WARNING - findfont: Font family 'Microsoft YaHei' not found.
2025-06-15 19:20:43,306 - matplotlib.font_manager - WARNING - findfont: Font family 'Microsoft YaHei' not found.
2025-06-15 19:20:43,307 - matplotlib.font_manager - WARNING - findfont: Font family 'Microsoft YaHei' not found.
2025-06-15 19:20:43,307 - matplotlib.font_manager - WARNING - findfont: Font family 'Microsoft YaHei' not found.
2025-06-15 19:20:43,307 - matplotlib.font_manager - WARNING - findfont: Font family 'Microsoft YaHei' not found.
2025-06-15 19:20:43,308 - matplotlib.font_manager - WARNING - findfont: Font family 'Microsoft YaHei' not found.
2025-06-15 19:20:43,310 - matplotlib.font_manager - WARNING - findfont: Font family 'Microsoft YaHei' not found.
2025-06-15 19:20:45,596 - root - INFO - plot_trace: Trace data min: -4078.0684379010513, max: 4802.88329480054, shape: (4000,)
2025-06-15 19:20:45,603 - matplotlib.font_manager - WARNING - findfont: Font family 'Microsoft YaHei' not found.
2025-06-15 19:20:45,603 - matplotlib.font_manager - WARNING - findfont: Font family 'Microsoft YaHei' not found.
2025-06-15 19:20:45,603 - matplotlib.font_manager - WARNING - findfont: Font family 'Microsoft YaHei' not found.
2025-06-15 19:20:45,611 - matplotlib.font_manager - WARNING - findfont: Font family 'Microsoft YaHei' not found.
2025-06-15 19:20:45,612 - matplotlib.font_manager - WARNING - findfont: Font family 'Microsoft YaHei' not found.
2025-06-15 19:20:45,612 - matplotlib.font_manager - WARNING - findfont: Font family 'Microsoft YaHei' not found.
2025-06-15 19:20:45,613 - matplotlib.font_manager - WARNING - findfont: Font family 'Microsoft YaHei' not found.
2025-06-15 19:20:45,613 - matplotlib.font_manager - WARNING - findfont: Font family 'Microsoft YaHei' not found.
2025-06-15 19:20:45,613 - matplotlib.font_manager - WARNING - findfont: Font family 'Microsoft YaHei' not found.
2025-06-15 19:20:45,614 - matplotlib.font_manager - WARNING - findfont: Font family 'Microsoft YaHei' not found.
2025-06-15 19:20:45,614 - matplotlib.font_manager - WARNING - findfont: Font family 'Microsoft YaHei' not found.
2025-06-15 19:20:45,614 - matplotlib.font_manager - WARNING - findfont: Font family 'Microsoft YaHei' not found.
2025-06-15 19:20:45,616 - matplotlib.font_manager - WARNING - findfont: Font family 'Microsoft YaHei' not found.
2025-06-15 19:20:45,617 - matplotlib.font_manager - WARNING - findfont: Font family 'Microsoft YaHei' not found.
2025-06-15 19:20:45,618 - matplotlib.font_manager - WARNING - findfont: Font family 'Microsoft YaHei' not found.
2025-06-15 19:20:45,618 - matplotlib.font_manager - WARNING - findfont: Font family 'Microsoft YaHei' not found.
2025-06-15 19:20:45,618 - matplotlib.font_manager - WARNING - findfont: Font family 'Microsoft YaHei' not found.
2025-06-15 19:20:45,619 - matplotlib.font_manager - WARNING - findfont: Font family 'Microsoft YaHei' not found.
2025-06-15 19:20:45,620 - matplotlib.font_manager - WARNING - findfont: Font family 'Microsoft YaHei' not found.
2025-06-15 19:20:45,625 - matplotlib.font_manager - WARNING - findfont: Font family 'Microsoft YaHei' not found.
2025-06-15 19:20:46,969 - root - INFO - plot_trace: Trace data min: -4078.0684379010513, max: 4802.88329480054, shape: (4000,)
2025-06-15 19:20:46,984 - matplotlib.font_manager - WARNING - findfont: Font family 'Microsoft YaHei' not found.
2025-06-15 19:20:46,984 - matplotlib.font_manager - WARNING - findfont: Font family 'Microsoft YaHei' not found.
2025-06-15 19:20:46,985 - matplotlib.font_manager - WARNING - findfont: Font family 'Microsoft YaHei' not found.
2025-06-15 19:20:46,985 - matplotlib.font_manager - WARNING - findfont: Font family 'Microsoft YaHei' not found.
2025-06-15 19:20:46,986 - matplotlib.font_manager - WARNING - findfont: Font family 'Microsoft YaHei' not found.
2025-06-15 19:20:46,986 - matplotlib.font_manager - WARNING - findfont: Font family 'Microsoft YaHei' not found.
2025-06-15 19:20:46,986 - matplotlib.font_manager - WARNING - findfont: Font family 'Microsoft YaHei' not found.
2025-06-15 19:20:46,987 - matplotlib.font_manager - WARNING - findfont: Font family 'Microsoft YaHei' not found.
2025-06-15 19:20:46,987 - matplotlib.font_manager - WARNING - findfont: Font family 'Microsoft YaHei' not found.
2025-06-15 19:20:46,989 - matplotlib.font_manager - WARNING - findfont: Font family 'Microsoft YaHei' not found.
2025-06-15 19:20:46,990 - matplotlib.font_manager - WARNING - findfont: Font family 'Microsoft YaHei' not found.
2025-06-15 19:20:46,990 - matplotlib.font_manager - WARNING - findfont: Font family 'Microsoft YaHei' not found.
2025-06-15 19:20:46,991 - matplotlib.font_manager - WARNING - findfont: Font family 'Microsoft YaHei' not found.
2025-06-15 19:20:46,991 - matplotlib.font_manager - WARNING - findfont: Font family 'Microsoft YaHei' not found.
2025-06-15 19:20:46,991 - matplotlib.font_manager - WARNING - findfont: Font family 'Microsoft YaHei' not found.
2025-06-15 19:20:46,993 - matplotlib.font_manager - WARNING - findfont: Font family 'Microsoft YaHei' not found.
2025-06-15 19:20:46,998 - matplotlib.font_manager - WARNING - findfont: Font family 'Microsoft YaHei' not found.
2025-06-15 19:20:48,572 - root - INFO - plot_trace: Trace data min: -4869.094675845313, max: 3002.006798098549, shape: (4000,)
2025-06-15 19:20:48,580 - matplotlib.font_manager - WARNING - findfont: Font family 'Microsoft YaHei' not found.
2025-06-15 19:20:48,581 - matplotlib.font_manager - WARNING - findfont: Font family 'Microsoft YaHei' not found.
2025-06-15 19:20:48,581 - matplotlib.font_manager - WARNING - findfont: Font family 'Microsoft YaHei' not found.
2025-06-15 19:20:48,590 - matplotlib.font_manager - WARNING - findfont: Font family 'Microsoft YaHei' not found.
2025-06-15 19:20:48,590 - matplotlib.font_manager - WARNING - findfont: Font family 'Microsoft YaHei' not found.
2025-06-15 19:20:48,590 - matplotlib.font_manager - WARNING - findfont: Font family 'Microsoft YaHei' not found.
2025-06-15 19:20:48,591 - matplotlib.font_manager - WARNING - findfont: Font family 'Microsoft YaHei' not found.
2025-06-15 19:20:48,591 - matplotlib.font_manager - WARNING - findfont: Font family 'Microsoft YaHei' not found.
2025-06-15 19:20:48,592 - matplotlib.font_manager - WARNING - findfont: Font family 'Microsoft YaHei' not found.
2025-06-15 19:20:48,592 - matplotlib.font_manager - WARNING - findfont: Font family 'Microsoft YaHei' not found.
2025-06-15 19:20:48,592 - matplotlib.font_manager - WARNING - findfont: Font family 'Microsoft YaHei' not found.
2025-06-15 19:20:48,593 - matplotlib.font_manager - WARNING - findfont: Font family 'Microsoft YaHei' not found.
2025-06-15 19:20:48,594 - matplotlib.font_manager - WARNING - findfont: Font family 'Microsoft YaHei' not found.
2025-06-15 19:20:48,596 - matplotlib.font_manager - WARNING - findfont: Font family 'Microsoft YaHei' not found.
2025-06-15 19:20:48,596 - matplotlib.font_manager - WARNING - findfont: Font family 'Microsoft YaHei' not found.
2025-06-15 19:20:48,596 - matplotlib.font_manager - WARNING - findfont: Font family 'Microsoft YaHei' not found.
2025-06-15 19:20:48,597 - matplotlib.font_manager - WARNING - findfont: Font family 'Microsoft YaHei' not found.
2025-06-15 19:20:48,597 - matplotlib.font_manager - WARNING - findfont: Font family 'Microsoft YaHei' not found.
2025-06-15 19:20:48,597 - matplotlib.font_manager - WARNING - findfont: Font family 'Microsoft YaHei' not found.
2025-06-15 19:20:48,598 - matplotlib.font_manager - WARNING - findfont: Font family 'Microsoft YaHei' not found.
2025-06-15 19:20:48,598 - matplotlib.font_manager - WARNING - findfont: Font family 'Microsoft YaHei' not found.
2025-06-15 19:20:48,598 - matplotlib.font_manager - WARNING - findfont: Font family 'Microsoft YaHei' not found.
2025-06-15 19:20:48,600 - matplotlib.font_manager - WARNING - findfont: Font family 'Microsoft YaHei' not found.
2025-06-15 19:20:48,602 - matplotlib.font_manager - WARNING - findfont: Font family 'Microsoft YaHei' not found.
2025-06-15 19:20:49,329 - root - INFO - plot_trace: Trace data min: -4078.0684379010513, max: 4802.88329480054, shape: (4000,)
2025-06-15 19:20:49,343 - matplotlib.font_manager - WARNING - findfont: Font family 'Microsoft YaHei' not found.
2025-06-15 19:20:49,343 - matplotlib.font_manager - WARNING - findfont: Font family 'Microsoft YaHei' not found.
2025-06-15 19:20:49,344 - matplotlib.font_manager - WARNING - findfont: Font family 'Microsoft YaHei' not found.
2025-06-15 19:20:49,344 - matplotlib.font_manager - WARNING - findfont: Font family 'Microsoft YaHei' not found.
2025-06-15 19:20:49,345 - matplotlib.font_manager - WARNING - findfont: Font family 'Microsoft YaHei' not found.
2025-06-15 19:20:49,345 - matplotlib.font_manager - WARNING - findfont: Font family 'Microsoft YaHei' not found.
2025-06-15 19:20:49,345 - matplotlib.font_manager - WARNING - findfont: Font family 'Microsoft YaHei' not found.
2025-06-15 19:20:49,346 - matplotlib.font_manager - WARNING - findfont: Font family 'Microsoft YaHei' not found.
2025-06-15 19:20:49,346 - matplotlib.font_manager - WARNING - findfont: Font family 'Microsoft YaHei' not found.
2025-06-15 19:20:49,348 - matplotlib.font_manager - WARNING - findfont: Font family 'Microsoft YaHei' not found.
2025-06-15 19:20:49,349 - matplotlib.font_manager - WARNING - findfont: Font family 'Microsoft YaHei' not found.
2025-06-15 19:20:49,350 - matplotlib.font_manager - WARNING - findfont: Font family 'Microsoft YaHei' not found.
2025-06-15 19:20:49,350 - matplotlib.font_manager - WARNING - findfont: Font family 'Microsoft YaHei' not found.
2025-06-15 19:20:49,350 - matplotlib.font_manager - WARNING - findfont: Font family 'Microsoft YaHei' not found.
2025-06-15 19:20:49,351 - matplotlib.font_manager - WARNING - findfont: Font family 'Microsoft YaHei' not found.
2025-06-15 19:20:49,352 - matplotlib.font_manager - WARNING - findfont: Font family 'Microsoft YaHei' not found.
2025-06-15 19:20:49,357 - matplotlib.font_manager - WARNING - findfont: Font family 'Microsoft YaHei' not found.
2025-06-15 19:20:59,746 - root - INFO - plot_trace: Trace data min: -4869.094675845313, max: 3002.006798098549, shape: (4000,)
2025-06-15 19:20:59,763 - matplotlib.font_manager - WARNING - findfont: Font family 'Microsoft YaHei' not found.
2025-06-15 19:20:59,764 - matplotlib.font_manager - WARNING - findfont: Font family 'Microsoft YaHei' not found.
2025-06-15 19:20:59,764 - matplotlib.font_manager - WARNING - findfont: Font family 'Microsoft YaHei' not found.
2025-06-15 19:20:59,765 - matplotlib.font_manager - WARNING - findfont: Font family 'Microsoft YaHei' not found.
2025-06-15 19:20:59,765 - matplotlib.font_manager - WARNING - findfont: Font family 'Microsoft YaHei' not found.
2025-06-15 19:20:59,765 - matplotlib.font_manager - WARNING - findfont: Font family 'Microsoft YaHei' not found.
2025-06-15 19:20:59,766 - matplotlib.font_manager - WARNING - findfont: Font family 'Microsoft YaHei' not found.
2025-06-15 19:20:59,766 - matplotlib.font_manager - WARNING - findfont: Font family 'Microsoft YaHei' not found.
2025-06-15 19:20:59,767 - matplotlib.font_manager - WARNING - findfont: Font family 'Microsoft YaHei' not found.
2025-06-15 19:20:59,768 - matplotlib.font_manager - WARNING - findfont: Font family 'Microsoft YaHei' not found.
2025-06-15 19:20:59,770 - matplotlib.font_manager - WARNING - findfont: Font family 'Microsoft YaHei' not found.
2025-06-15 19:20:59,770 - matplotlib.font_manager - WARNING - findfont: Font family 'Microsoft YaHei' not found.
2025-06-15 19:20:59,770 - matplotlib.font_manager - WARNING - findfont: Font family 'Microsoft YaHei' not found.
2025-06-15 19:20:59,771 - matplotlib.font_manager - WARNING - findfont: Font family 'Microsoft YaHei' not found.
2025-06-15 19:20:59,771 - matplotlib.font_manager - WARNING - findfont: Font family 'Microsoft YaHei' not found.
2025-06-15 19:20:59,771 - matplotlib.font_manager - WARNING - findfont: Font family 'Microsoft YaHei' not found.
2025-06-15 19:20:59,772 - matplotlib.font_manager - WARNING - findfont: Font family 'Microsoft YaHei' not found.
2025-06-15 19:20:59,772 - matplotlib.font_manager - WARNING - findfont: Font family 'Microsoft YaHei' not found.
2025-06-15 19:20:59,772 - matplotlib.font_manager - WARNING - findfont: Font family 'Microsoft YaHei' not found.
2025-06-15 19:20:59,774 - matplotlib.font_manager - WARNING - findfont: Font family 'Microsoft YaHei' not found.
2025-06-15 19:20:59,776 - matplotlib.font_manager - WARNING - findfont: Font family 'Microsoft YaHei' not found.
2025-06-15 19:21:02,234 - root - INFO - plot_trace: Trace data min: -1323.8019026621207, max: 2209.838015978964, shape: (4000,)
2025-06-15 19:21:02,250 - matplotlib.font_manager - WARNING - findfont: Font family 'Microsoft YaHei' not found.
2025-06-15 19:21:02,251 - matplotlib.font_manager - WARNING - findfont: Font family 'Microsoft YaHei' not found.
2025-06-15 19:21:02,251 - matplotlib.font_manager - WARNING - findfont: Font family 'Microsoft YaHei' not found.
2025-06-15 19:21:02,252 - matplotlib.font_manager - WARNING - findfont: Font family 'Microsoft YaHei' not found.
2025-06-15 19:21:02,252 - matplotlib.font_manager - WARNING - findfont: Font family 'Microsoft YaHei' not found.
2025-06-15 19:21:02,252 - matplotlib.font_manager - WARNING - findfont: Font family 'Microsoft YaHei' not found.
2025-06-15 19:21:02,253 - matplotlib.font_manager - WARNING - findfont: Font family 'Microsoft YaHei' not found.
2025-06-15 19:21:02,253 - matplotlib.font_manager - WARNING - findfont: Font family 'Microsoft YaHei' not found.
2025-06-15 19:21:02,253 - matplotlib.font_manager - WARNING - findfont: Font family 'Microsoft YaHei' not found.
2025-06-15 19:21:02,255 - matplotlib.font_manager - WARNING - findfont: Font family 'Microsoft YaHei' not found.
2025-06-15 19:21:02,256 - matplotlib.font_manager - WARNING - findfont: Font family 'Microsoft YaHei' not found.
2025-06-15 19:21:02,257 - matplotlib.font_manager - WARNING - findfont: Font family 'Microsoft YaHei' not found.
2025-06-15 19:21:02,257 - matplotlib.font_manager - WARNING - findfont: Font family 'Microsoft YaHei' not found.
2025-06-15 19:21:02,257 - matplotlib.font_manager - WARNING - findfont: Font family 'Microsoft YaHei' not found.
2025-06-15 19:21:02,258 - matplotlib.font_manager - WARNING - findfont: Font family 'Microsoft YaHei' not found.
2025-06-15 19:21:02,258 - matplotlib.font_manager - WARNING - findfont: Font family 'Microsoft YaHei' not found.
2025-06-15 19:21:02,258 - matplotlib.font_manager - WARNING - findfont: Font family 'Microsoft YaHei' not found.
2025-06-15 19:21:02,259 - matplotlib.font_manager - WARNING - findfont: Font family 'Microsoft YaHei' not found.
2025-06-15 19:21:02,260 - matplotlib.font_manager - WARNING - findfont: Font family 'Microsoft YaHei' not found.
2025-06-15 19:21:02,263 - matplotlib.font_manager - WARNING - findfont: Font family 'Microsoft YaHei' not found.
2025-06-15 19:21:03,437 - root - INFO - plot_trace: Trace data min: -4869.094675845313, max: 3002.006798098549, shape: (4000,)
2025-06-15 19:21:03,455 - matplotlib.font_manager - WARNING - findfont: Font family 'Microsoft YaHei' not found.
2025-06-15 19:21:03,456 - matplotlib.font_manager - WARNING - findfont: Font family 'Microsoft YaHei' not found.
2025-06-15 19:21:03,456 - matplotlib.font_manager - WARNING - findfont: Font family 'Microsoft YaHei' not found.
2025-06-15 19:21:03,457 - matplotlib.font_manager - WARNING - findfont: Font family 'Microsoft YaHei' not found.
2025-06-15 19:21:03,457 - matplotlib.font_manager - WARNING - findfont: Font family 'Microsoft YaHei' not found.
2025-06-15 19:21:03,457 - matplotlib.font_manager - WARNING - findfont: Font family 'Microsoft YaHei' not found.
2025-06-15 19:21:03,458 - matplotlib.font_manager - WARNING - findfont: Font family 'Microsoft YaHei' not found.
2025-06-15 19:21:03,458 - matplotlib.font_manager - WARNING - findfont: Font family 'Microsoft YaHei' not found.
2025-06-15 19:21:03,459 - matplotlib.font_manager - WARNING - findfont: Font family 'Microsoft YaHei' not found.
2025-06-15 19:21:03,460 - matplotlib.font_manager - WARNING - findfont: Font family 'Microsoft YaHei' not found.
2025-06-15 19:21:03,462 - matplotlib.font_manager - WARNING - findfont: Font family 'Microsoft YaHei' not found.
2025-06-15 19:21:03,462 - matplotlib.font_manager - WARNING - findfont: Font family 'Microsoft YaHei' not found.
2025-06-15 19:21:03,463 - matplotlib.font_manager - WARNING - findfont: Font family 'Microsoft YaHei' not found.
2025-06-15 19:21:03,463 - matplotlib.font_manager - WARNING - findfont: Font family 'Microsoft YaHei' not found.
2025-06-15 19:21:03,463 - matplotlib.font_manager - WARNING - findfont: Font family 'Microsoft YaHei' not found.
2025-06-15 19:21:03,464 - matplotlib.font_manager - WARNING - findfont: Font family 'Microsoft YaHei' not found.
2025-06-15 19:21:03,464 - matplotlib.font_manager - WARNING - findfont: Font family 'Microsoft YaHei' not found.
2025-06-15 19:21:03,464 - matplotlib.font_manager - WARNING - findfont: Font family 'Microsoft YaHei' not found.
2025-06-15 19:21:03,465 - matplotlib.font_manager - WARNING - findfont: Font family 'Microsoft YaHei' not found.
2025-06-15 19:21:03,466 - matplotlib.font_manager - WARNING - findfont: Font family 'Microsoft YaHei' not found.
2025-06-15 19:21:03,469 - matplotlib.font_manager - WARNING - findfont: Font family 'Microsoft YaHei' not found.
2025-06-15 19:21:06,161 - root - INFO - reset_view: Trace data min: -4869.094675845313, max: 3002.006798098549, shape: (4000,)
2025-06-15 19:21:06,173 - matplotlib.font_manager - WARNING - findfont: Font family 'Microsoft YaHei' not found.
2025-06-15 19:21:06,174 - matplotlib.font_manager - WARNING - findfont: Font family 'Microsoft YaHei' not found.
2025-06-15 19:21:06,174 - matplotlib.font_manager - WARNING - findfont: Font family 'Microsoft YaHei' not found.
2025-06-15 19:21:06,174 - matplotlib.font_manager - WARNING - findfont: Font family 'Microsoft YaHei' not found.
2025-06-15 19:21:06,175 - matplotlib.font_manager - WARNING - findfont: Font family 'Microsoft YaHei' not found.
2025-06-15 19:21:06,175 - matplotlib.font_manager - WARNING - findfont: Font family 'Microsoft YaHei' not found.
2025-06-15 19:21:06,175 - matplotlib.font_manager - WARNING - findfont: Font family 'Microsoft YaHei' not found.
2025-06-15 19:21:06,176 - matplotlib.font_manager - WARNING - findfont: Font family 'Microsoft YaHei' not found.
2025-06-15 19:21:06,177 - matplotlib.font_manager - WARNING - findfont: Font family 'Microsoft YaHei' not found.
2025-06-15 19:21:06,178 - matplotlib.font_manager - WARNING - findfont: Font family 'Microsoft YaHei' not found.
2025-06-15 19:21:06,178 - matplotlib.font_manager - WARNING - findfont: Font family 'Microsoft YaHei' not found.
2025-06-15 19:21:06,179 - matplotlib.font_manager - WARNING - findfont: Font family 'Microsoft YaHei' not found.
2025-06-15 19:21:06,179 - matplotlib.font_manager - WARNING - findfont: Font family 'Microsoft YaHei' not found.
2025-06-15 19:21:06,179 - matplotlib.font_manager - WARNING - findfont: Font family 'Microsoft YaHei' not found.
2025-06-15 19:21:06,180 - matplotlib.font_manager - WARNING - findfont: Font family 'Microsoft YaHei' not found.
2025-06-15 19:21:06,180 - matplotlib.font_manager - WARNING - findfont: Font family 'Microsoft YaHei' not found.
2025-06-15 19:21:06,180 - matplotlib.font_manager - WARNING - findfont: Font family 'Microsoft YaHei' not found.
2025-06-15 19:21:06,180 - matplotlib.font_manager - WARNING - findfont: Font family 'Microsoft YaHei' not found.
2025-06-15 19:21:06,182 - matplotlib.font_manager - WARNING - findfont: Font family 'Microsoft YaHei' not found.
2025-06-15 19:21:06,183 - matplotlib.font_manager - WARNING - findfont: Font family 'Microsoft YaHei' not found.
2025-06-15 19:21:06,727 - root - INFO - reset_view: Trace data min: -4869.094675845313, max: 3002.006798098549, shape: (4000,)
2025-06-15 19:21:06,737 - matplotlib.font_manager - WARNING - findfont: Font family 'Microsoft YaHei' not found.
2025-06-15 19:21:06,738 - matplotlib.font_manager - WARNING - findfont: Font family 'Microsoft YaHei' not found.
2025-06-15 19:21:06,738 - matplotlib.font_manager - WARNING - findfont: Font family 'Microsoft YaHei' not found.
2025-06-15 19:21:06,738 - matplotlib.font_manager - WARNING - findfont: Font family 'Microsoft YaHei' not found.
2025-06-15 19:21:06,738 - matplotlib.font_manager - WARNING - findfont: Font family 'Microsoft YaHei' not found.
2025-06-15 19:21:06,739 - matplotlib.font_manager - WARNING - findfont: Font family 'Microsoft YaHei' not found.
2025-06-15 19:21:06,739 - matplotlib.font_manager - WARNING - findfont: Font family 'Microsoft YaHei' not found.
2025-06-15 19:21:06,739 - matplotlib.font_manager - WARNING - findfont: Font family 'Microsoft YaHei' not found.
2025-06-15 19:21:06,741 - matplotlib.font_manager - WARNING - findfont: Font family 'Microsoft YaHei' not found.
2025-06-15 19:21:06,742 - matplotlib.font_manager - WARNING - findfont: Font family 'Microsoft YaHei' not found.
2025-06-15 19:21:06,742 - matplotlib.font_manager - WARNING - findfont: Font family 'Microsoft YaHei' not found.
2025-06-15 19:21:06,742 - matplotlib.font_manager - WARNING - findfont: Font family 'Microsoft YaHei' not found.
2025-06-15 19:21:06,742 - matplotlib.font_manager - WARNING - findfont: Font family 'Microsoft YaHei' not found.
2025-06-15 19:21:06,743 - matplotlib.font_manager - WARNING - findfont: Font family 'Microsoft YaHei' not found.
2025-06-15 19:21:06,743 - matplotlib.font_manager - WARNING - findfont: Font family 'Microsoft YaHei' not found.
2025-06-15 19:21:06,743 - matplotlib.font_manager - WARNING - findfont: Font family 'Microsoft YaHei' not found.
2025-06-15 19:21:06,743 - matplotlib.font_manager - WARNING - findfont: Font family 'Microsoft YaHei' not found.
2025-06-15 19:21:06,744 - matplotlib.font_manager - WARNING - findfont: Font family 'Microsoft YaHei' not found.
2025-06-15 19:21:06,745 - matplotlib.font_manager - WARNING - findfont: Font family 'Microsoft YaHei' not found.
2025-06-15 19:21:06,747 - matplotlib.font_manager - WARNING - findfont: Font family 'Microsoft YaHei' not found.
2025-06-15 19:21:10,739 - root - INFO - plot_trace: Trace data min: -4078.0684379010513, max: 4802.88329480054, shape: (4000,)
2025-06-15 19:21:10,754 - matplotlib.font_manager - WARNING - findfont: Font family 'Microsoft YaHei' not found.
2025-06-15 19:21:10,754 - matplotlib.font_manager - WARNING - findfont: Font family 'Microsoft YaHei' not found.
2025-06-15 19:21:10,755 - matplotlib.font_manager - WARNING - findfont: Font family 'Microsoft YaHei' not found.
2025-06-15 19:21:10,755 - matplotlib.font_manager - WARNING - findfont: Font family 'Microsoft YaHei' not found.
2025-06-15 19:21:10,756 - matplotlib.font_manager - WARNING - findfont: Font family 'Microsoft YaHei' not found.
2025-06-15 19:21:10,756 - matplotlib.font_manager - WARNING - findfont: Font family 'Microsoft YaHei' not found.
2025-06-15 19:21:10,756 - matplotlib.font_manager - WARNING - findfont: Font family 'Microsoft YaHei' not found.
2025-06-15 19:21:10,757 - matplotlib.font_manager - WARNING - findfont: Font family 'Microsoft YaHei' not found.
2025-06-15 19:21:10,757 - matplotlib.font_manager - WARNING - findfont: Font family 'Microsoft YaHei' not found.
2025-06-15 19:21:10,759 - matplotlib.font_manager - WARNING - findfont: Font family 'Microsoft YaHei' not found.
2025-06-15 19:21:10,760 - matplotlib.font_manager - WARNING - findfont: Font family 'Microsoft YaHei' not found.
2025-06-15 19:21:10,760 - matplotlib.font_manager - WARNING - findfont: Font family 'Microsoft YaHei' not found.
2025-06-15 19:21:10,761 - matplotlib.font_manager - WARNING - findfont: Font family 'Microsoft YaHei' not found.
2025-06-15 19:21:10,761 - matplotlib.font_manager - WARNING - findfont: Font family 'Microsoft YaHei' not found.
2025-06-15 19:21:10,761 - matplotlib.font_manager - WARNING - findfont: Font family 'Microsoft YaHei' not found.
2025-06-15 19:21:10,763 - matplotlib.font_manager - WARNING - findfont: Font family 'Microsoft YaHei' not found.
2025-06-15 19:21:10,768 - matplotlib.font_manager - WARNING - findfont: Font family 'Microsoft YaHei' not found.
2025-06-15 19:21:18,044 - root - INFO - plot_trace: Trace data min: -4869.094675845313, max: 3002.006798098549, shape: (4000,)
2025-06-15 19:21:18,063 - matplotlib.font_manager - WARNING - findfont: Font family 'Microsoft YaHei' not found.
2025-06-15 19:21:18,064 - matplotlib.font_manager - WARNING - findfont: Font family 'Microsoft YaHei' not found.
2025-06-15 19:21:18,064 - matplotlib.font_manager - WARNING - findfont: Font family 'Microsoft YaHei' not found.
2025-06-15 19:21:18,065 - matplotlib.font_manager - WARNING - findfont: Font family 'Microsoft YaHei' not found.
2025-06-15 19:21:18,065 - matplotlib.font_manager - WARNING - findfont: Font family 'Microsoft YaHei' not found.
2025-06-15 19:21:18,066 - matplotlib.font_manager - WARNING - findfont: Font family 'Microsoft YaHei' not found.
2025-06-15 19:21:18,066 - matplotlib.font_manager - WARNING - findfont: Font family 'Microsoft YaHei' not found.
2025-06-15 19:21:18,066 - matplotlib.font_manager - WARNING - findfont: Font family 'Microsoft YaHei' not found.
2025-06-15 19:21:18,067 - matplotlib.font_manager - WARNING - findfont: Font family 'Microsoft YaHei' not found.
2025-06-15 19:21:18,069 - matplotlib.font_manager - WARNING - findfont: Font family 'Microsoft YaHei' not found.
2025-06-15 19:21:18,070 - matplotlib.font_manager - WARNING - findfont: Font family 'Microsoft YaHei' not found.
2025-06-15 19:21:18,070 - matplotlib.font_manager - WARNING - findfont: Font family 'Microsoft YaHei' not found.
2025-06-15 19:21:18,071 - matplotlib.font_manager - WARNING - findfont: Font family 'Microsoft YaHei' not found.
2025-06-15 19:21:18,071 - matplotlib.font_manager - WARNING - findfont: Font family 'Microsoft YaHei' not found.
2025-06-15 19:21:18,072 - matplotlib.font_manager - WARNING - findfont: Font family 'Microsoft YaHei' not found.
2025-06-15 19:21:18,072 - matplotlib.font_manager - WARNING - findfont: Font family 'Microsoft YaHei' not found.
2025-06-15 19:21:18,072 - matplotlib.font_manager - WARNING - findfont: Font family 'Microsoft YaHei' not found.
2025-06-15 19:21:18,073 - matplotlib.font_manager - WARNING - findfont: Font family 'Microsoft YaHei' not found.
2025-06-15 19:21:18,073 - matplotlib.font_manager - WARNING - findfont: Font family 'Microsoft YaHei' not found.
2025-06-15 19:21:18,075 - matplotlib.font_manager - WARNING - findfont: Font family 'Microsoft YaHei' not found.
2025-06-15 19:21:18,077 - matplotlib.font_manager - WARNING - findfont: Font family 'Microsoft YaHei' not found.
2025-06-15 19:22:11,977 - root - INFO - plot_trace: Trace data min: -1323.8019026621207, max: 2209.838015978964, shape: (4000,)
2025-06-15 19:22:11,991 - matplotlib.font_manager - WARNING - findfont: Font family 'Microsoft YaHei' not found.
2025-06-15 19:22:11,992 - matplotlib.font_manager - WARNING - findfont: Font family 'Microsoft YaHei' not found.
2025-06-15 19:22:11,992 - matplotlib.font_manager - WARNING - findfont: Font family 'Microsoft YaHei' not found.
2025-06-15 19:22:11,993 - matplotlib.font_manager - WARNING - findfont: Font family 'Microsoft YaHei' not found.
2025-06-15 19:22:11,993 - matplotlib.font_manager - WARNING - findfont: Font family 'Microsoft YaHei' not found.
2025-06-15 19:22:11,994 - matplotlib.font_manager - WARNING - findfont: Font family 'Microsoft YaHei' not found.
2025-06-15 19:22:11,994 - matplotlib.font_manager - WARNING - findfont: Font family 'Microsoft YaHei' not found.
2025-06-15 19:22:11,995 - matplotlib.font_manager - WARNING - findfont: Font family 'Microsoft YaHei' not found.
2025-06-15 19:22:11,995 - matplotlib.font_manager - WARNING - findfont: Font family 'Microsoft YaHei' not found.
2025-06-15 19:22:11,997 - matplotlib.font_manager - WARNING - findfont: Font family 'Microsoft YaHei' not found.
2025-06-15 19:22:11,999 - matplotlib.font_manager - WARNING - findfont: Font family 'Microsoft YaHei' not found.
2025-06-15 19:22:11,999 - matplotlib.font_manager - WARNING - findfont: Font family 'Microsoft YaHei' not found.
2025-06-15 19:22:12,000 - matplotlib.font_manager - WARNING - findfont: Font family 'Microsoft YaHei' not found.
2025-06-15 19:22:12,000 - matplotlib.font_manager - WARNING - findfont: Font family 'Microsoft YaHei' not found.
2025-06-15 19:22:12,000 - matplotlib.font_manager - WARNING - findfont: Font family 'Microsoft YaHei' not found.
2025-06-15 19:22:12,001 - matplotlib.font_manager - WARNING - findfont: Font family 'Microsoft YaHei' not found.
2025-06-15 19:22:12,001 - matplotlib.font_manager - WARNING - findfont: Font family 'Microsoft YaHei' not found.
2025-06-15 19:22:12,001 - matplotlib.font_manager - WARNING - findfont: Font family 'Microsoft YaHei' not found.
2025-06-15 19:22:12,003 - matplotlib.font_manager - WARNING - findfont: Font family 'Microsoft YaHei' not found.
2025-06-15 19:22:12,006 - matplotlib.font_manager - WARNING - findfont: Font family 'Microsoft YaHei' not found.
2025-06-15 19:22:14,005 - root - INFO - plot_trace: Trace data min: -4078.0684379010513, max: 4802.88329480054, shape: (4000,)
2025-06-15 19:22:14,020 - matplotlib.font_manager - WARNING - findfont: Font family 'Microsoft YaHei' not found.
2025-06-15 19:22:14,020 - matplotlib.font_manager - WARNING - findfont: Font family 'Microsoft YaHei' not found.
2025-06-15 19:22:14,021 - matplotlib.font_manager - WARNING - findfont: Font family 'Microsoft YaHei' not found.
2025-06-15 19:22:14,021 - matplotlib.font_manager - WARNING - findfont: Font family 'Microsoft YaHei' not found.
2025-06-15 19:22:14,021 - matplotlib.font_manager - WARNING - findfont: Font family 'Microsoft YaHei' not found.
2025-06-15 19:22:14,022 - matplotlib.font_manager - WARNING - findfont: Font family 'Microsoft YaHei' not found.
2025-06-15 19:22:14,022 - matplotlib.font_manager - WARNING - findfont: Font family 'Microsoft YaHei' not found.
2025-06-15 19:22:14,022 - matplotlib.font_manager - WARNING - findfont: Font family 'Microsoft YaHei' not found.
2025-06-15 19:22:14,023 - matplotlib.font_manager - WARNING - findfont: Font family 'Microsoft YaHei' not found.
2025-06-15 19:22:14,025 - matplotlib.font_manager - WARNING - findfont: Font family 'Microsoft YaHei' not found.
2025-06-15 19:22:14,026 - matplotlib.font_manager - WARNING - findfont: Font family 'Microsoft YaHei' not found.
2025-06-15 19:22:14,026 - matplotlib.font_manager - WARNING - findfont: Font family 'Microsoft YaHei' not found.
2025-06-15 19:22:14,027 - matplotlib.font_manager - WARNING - findfont: Font family 'Microsoft YaHei' not found.
2025-06-15 19:22:14,027 - matplotlib.font_manager - WARNING - findfont: Font family 'Microsoft YaHei' not found.
2025-06-15 19:22:14,028 - matplotlib.font_manager - WARNING - findfont: Font family 'Microsoft YaHei' not found.
2025-06-15 19:22:14,029 - matplotlib.font_manager - WARNING - findfont: Font family 'Microsoft YaHei' not found.
2025-06-15 19:22:14,034 - matplotlib.font_manager - WARNING - findfont: Font family 'Microsoft YaHei' not found.
2025-06-15 19:22:55,501 - root - INFO - plot_trace: Trace data min: -1323.8019026621207, max: 2209.838015978964, shape: (4000,)
2025-06-15 19:22:55,540 - matplotlib.font_manager - WARNING - findfont: Font family 'Microsoft YaHei' not found.
2025-06-15 19:22:55,541 - matplotlib.font_manager - WARNING - findfont: Font family 'Microsoft YaHei' not found.
2025-06-15 19:22:55,542 - matplotlib.font_manager - WARNING - findfont: Font family 'Microsoft YaHei' not found.
2025-06-15 19:22:55,542 - matplotlib.font_manager - WARNING - findfont: Font family 'Microsoft YaHei' not found.
2025-06-15 19:22:55,542 - matplotlib.font_manager - WARNING - findfont: Font family 'Microsoft YaHei' not found.
2025-06-15 19:22:55,543 - matplotlib.font_manager - WARNING - findfont: Font family 'Microsoft YaHei' not found.
2025-06-15 19:22:55,543 - matplotlib.font_manager - WARNING - findfont: Font family 'Microsoft YaHei' not found.
2025-06-15 19:22:55,543 - matplotlib.font_manager - WARNING - findfont: Font family 'Microsoft YaHei' not found.
2025-06-15 19:22:55,544 - matplotlib.font_manager - WARNING - findfont: Font family 'Microsoft YaHei' not found.
2025-06-15 19:22:55,545 - matplotlib.font_manager - WARNING - findfont: Font family 'Microsoft YaHei' not found.
2025-06-15 19:22:55,547 - matplotlib.font_manager - WARNING - findfont: Font family 'Microsoft YaHei' not found.
2025-06-15 19:22:55,547 - matplotlib.font_manager - WARNING - findfont: Font family 'Microsoft YaHei' not found.
2025-06-15 19:22:55,547 - matplotlib.font_manager - WARNING - findfont: Font family 'Microsoft YaHei' not found.
2025-06-15 19:22:55,548 - matplotlib.font_manager - WARNING - findfont: Font family 'Microsoft YaHei' not found.
2025-06-15 19:22:55,548 - matplotlib.font_manager - WARNING - findfont: Font family 'Microsoft YaHei' not found.
2025-06-15 19:22:55,549 - matplotlib.font_manager - WARNING - findfont: Font family 'Microsoft YaHei' not found.
2025-06-15 19:22:55,549 - matplotlib.font_manager - WARNING - findfont: Font family 'Microsoft YaHei' not found.
2025-06-15 19:22:55,549 - matplotlib.font_manager - WARNING - findfont: Font family 'Microsoft YaHei' not found.
2025-06-15 19:22:55,551 - matplotlib.font_manager - WARNING - findfont: Font family 'Microsoft YaHei' not found.
2025-06-15 19:22:55,553 - matplotlib.font_manager - WARNING - findfont: Font family 'Microsoft YaHei' not found.
2025-06-15 19:23:04,765 - root - INFO - plot_trace: Trace data min: -4078.0684379010513, max: 4802.88329480054, shape: (4000,)
2025-06-15 19:23:04,777 - matplotlib.font_manager - WARNING - findfont: Font family 'Microsoft YaHei' not found.
2025-06-15 19:23:04,777 - matplotlib.font_manager - WARNING - findfont: Font family 'Microsoft YaHei' not found.
2025-06-15 19:23:04,778 - matplotlib.font_manager - WARNING - findfont: Font family 'Microsoft YaHei' not found.
2025-06-15 19:23:04,778 - matplotlib.font_manager - WARNING - findfont: Font family 'Microsoft YaHei' not found.
2025-06-15 19:23:04,779 - matplotlib.font_manager - WARNING - findfont: Font family 'Microsoft YaHei' not found.
2025-06-15 19:23:04,779 - matplotlib.font_manager - WARNING - findfont: Font family 'Microsoft YaHei' not found.
2025-06-15 19:23:04,779 - matplotlib.font_manager - WARNING - findfont: Font family 'Microsoft YaHei' not found.
2025-06-15 19:23:04,779 - matplotlib.font_manager - WARNING - findfont: Font family 'Microsoft YaHei' not found.
2025-06-15 19:23:04,780 - matplotlib.font_manager - WARNING - findfont: Font family 'Microsoft YaHei' not found.
2025-06-15 19:23:04,781 - matplotlib.font_manager - WARNING - findfont: Font family 'Microsoft YaHei' not found.
2025-06-15 19:23:04,782 - matplotlib.font_manager - WARNING - findfont: Font family 'Microsoft YaHei' not found.
2025-06-15 19:23:04,783 - matplotlib.font_manager - WARNING - findfont: Font family 'Microsoft YaHei' not found.
2025-06-15 19:23:04,783 - matplotlib.font_manager - WARNING - findfont: Font family 'Microsoft YaHei' not found.
2025-06-15 19:23:04,783 - matplotlib.font_manager - WARNING - findfont: Font family 'Microsoft YaHei' not found.
2025-06-15 19:23:04,784 - matplotlib.font_manager - WARNING - findfont: Font family 'Microsoft YaHei' not found.
2025-06-15 19:23:04,785 - matplotlib.font_manager - WARNING - findfont: Font family 'Microsoft YaHei' not found.
2025-06-15 19:23:04,789 - matplotlib.font_manager - WARNING - findfont: Font family 'Microsoft YaHei' not found.
2025-06-15 19:23:26,529 - root - INFO - plot_trace: Trace data min: -4869.094675845313, max: 3002.006798098549, shape: (4000,)
2025-06-15 19:23:26,546 - matplotlib.font_manager - WARNING - findfont: Font family 'Microsoft YaHei' not found.
2025-06-15 19:23:26,547 - matplotlib.font_manager - WARNING - findfont: Font family 'Microsoft YaHei' not found.
2025-06-15 19:23:26,547 - matplotlib.font_manager - WARNING - findfont: Font family 'Microsoft YaHei' not found.
2025-06-15 19:23:26,547 - matplotlib.font_manager - WARNING - findfont: Font family 'Microsoft YaHei' not found.
2025-06-15 19:23:26,548 - matplotlib.font_manager - WARNING - findfont: Font family 'Microsoft YaHei' not found.
2025-06-15 19:23:26,548 - matplotlib.font_manager - WARNING - findfont: Font family 'Microsoft YaHei' not found.
2025-06-15 19:23:26,549 - matplotlib.font_manager - WARNING - findfont: Font family 'Microsoft YaHei' not found.
2025-06-15 19:23:26,549 - matplotlib.font_manager - WARNING - findfont: Font family 'Microsoft YaHei' not found.
2025-06-15 19:23:26,549 - matplotlib.font_manager - WARNING - findfont: Font family 'Microsoft YaHei' not found.
2025-06-15 19:23:26,551 - matplotlib.font_manager - WARNING - findfont: Font family 'Microsoft YaHei' not found.
2025-06-15 19:23:26,553 - matplotlib.font_manager - WARNING - findfont: Font family 'Microsoft YaHei' not found.
2025-06-15 19:23:26,553 - matplotlib.font_manager - WARNING - findfont: Font family 'Microsoft YaHei' not found.
2025-06-15 19:23:26,554 - matplotlib.font_manager - WARNING - findfont: Font family 'Microsoft YaHei' not found.
2025-06-15 19:23:26,554 - matplotlib.font_manager - WARNING - findfont: Font family 'Microsoft YaHei' not found.
2025-06-15 19:23:26,554 - matplotlib.font_manager - WARNING - findfont: Font family 'Microsoft YaHei' not found.
2025-06-15 19:23:26,555 - matplotlib.font_manager - WARNING - findfont: Font family 'Microsoft YaHei' not found.
2025-06-15 19:23:26,555 - matplotlib.font_manager - WARNING - findfont: Font family 'Microsoft YaHei' not found.
2025-06-15 19:23:26,556 - matplotlib.font_manager - WARNING - findfont: Font family 'Microsoft YaHei' not found.
2025-06-15 19:23:26,556 - matplotlib.font_manager - WARNING - findfont: Font family 'Microsoft YaHei' not found.
2025-06-15 19:23:26,558 - matplotlib.font_manager - WARNING - findfont: Font family 'Microsoft YaHei' not found.
2025-06-15 19:23:26,560 - matplotlib.font_manager - WARNING - findfont: Font family 'Microsoft YaHei' not found.
2025-06-15 19:23:27,634 - root - INFO - plot_trace: Trace data min: -1323.8019026621207, max: 2209.838015978964, shape: (4000,)
2025-06-15 19:23:27,651 - matplotlib.font_manager - WARNING - findfont: Font family 'Microsoft YaHei' not found.
2025-06-15 19:23:27,651 - matplotlib.font_manager - WARNING - findfont: Font family 'Microsoft YaHei' not found.
2025-06-15 19:23:27,652 - matplotlib.font_manager - WARNING - findfont: Font family 'Microsoft YaHei' not found.
2025-06-15 19:23:27,652 - matplotlib.font_manager - WARNING - findfont: Font family 'Microsoft YaHei' not found.
2025-06-15 19:23:27,652 - matplotlib.font_manager - WARNING - findfont: Font family 'Microsoft YaHei' not found.
2025-06-15 19:23:27,653 - matplotlib.font_manager - WARNING - findfont: Font family 'Microsoft YaHei' not found.
2025-06-15 19:23:27,653 - matplotlib.font_manager - WARNING - findfont: Font family 'Microsoft YaHei' not found.
2025-06-15 19:23:27,654 - matplotlib.font_manager - WARNING - findfont: Font family 'Microsoft YaHei' not found.
2025-06-15 19:23:27,654 - matplotlib.font_manager - WARNING - findfont: Font family 'Microsoft YaHei' not found.
2025-06-15 19:23:27,656 - matplotlib.font_manager - WARNING - findfont: Font family 'Microsoft YaHei' not found.
2025-06-15 19:23:27,657 - matplotlib.font_manager - WARNING - findfont: Font family 'Microsoft YaHei' not found.
2025-06-15 19:23:27,657 - matplotlib.font_manager - WARNING - findfont: Font family 'Microsoft YaHei' not found.
2025-06-15 19:23:27,658 - matplotlib.font_manager - WARNING - findfont: Font family 'Microsoft YaHei' not found.
2025-06-15 19:23:27,658 - matplotlib.font_manager - WARNING - findfont: Font family 'Microsoft YaHei' not found.
2025-06-15 19:23:27,658 - matplotlib.font_manager - WARNING - findfont: Font family 'Microsoft YaHei' not found.
2025-06-15 19:23:27,659 - matplotlib.font_manager - WARNING - findfont: Font family 'Microsoft YaHei' not found.
2025-06-15 19:23:27,659 - matplotlib.font_manager - WARNING - findfont: Font family 'Microsoft YaHei' not found.
2025-06-15 19:23:27,659 - matplotlib.font_manager - WARNING - findfont: Font family 'Microsoft YaHei' not found.
2025-06-15 19:23:27,661 - matplotlib.font_manager - WARNING - findfont: Font family 'Microsoft YaHei' not found.
2025-06-15 19:23:27,664 - matplotlib.font_manager - WARNING - findfont: Font family 'Microsoft YaHei' not found.
2025-06-15 19:23:28,493 - root - INFO - plot_trace: Trace data min: -4078.0684379010513, max: 4802.88329480054, shape: (4000,)
2025-06-15 19:23:28,508 - matplotlib.font_manager - WARNING - findfont: Font family 'Microsoft YaHei' not found.
2025-06-15 19:23:28,509 - matplotlib.font_manager - WARNING - findfont: Font family 'Microsoft YaHei' not found.
2025-06-15 19:23:28,509 - matplotlib.font_manager - WARNING - findfont: Font family 'Microsoft YaHei' not found.
2025-06-15 19:23:28,510 - matplotlib.font_manager - WARNING - findfont: Font family 'Microsoft YaHei' not found.
2025-06-15 19:23:28,510 - matplotlib.font_manager - WARNING - findfont: Font family 'Microsoft YaHei' not found.
2025-06-15 19:23:28,510 - matplotlib.font_manager - WARNING - findfont: Font family 'Microsoft YaHei' not found.
2025-06-15 19:23:28,511 - matplotlib.font_manager - WARNING - findfont: Font family 'Microsoft YaHei' not found.
2025-06-15 19:23:28,511 - matplotlib.font_manager - WARNING - findfont: Font family 'Microsoft YaHei' not found.
2025-06-15 19:23:28,512 - matplotlib.font_manager - WARNING - findfont: Font family 'Microsoft YaHei' not found.
2025-06-15 19:23:28,513 - matplotlib.font_manager - WARNING - findfont: Font family 'Microsoft YaHei' not found.
2025-06-15 19:23:28,514 - matplotlib.font_manager - WARNING - findfont: Font family 'Microsoft YaHei' not found.
2025-06-15 19:23:28,515 - matplotlib.font_manager - WARNING - findfont: Font family 'Microsoft YaHei' not found.
2025-06-15 19:23:28,515 - matplotlib.font_manager - WARNING - findfont: Font family 'Microsoft YaHei' not found.
2025-06-15 19:23:28,516 - matplotlib.font_manager - WARNING - findfont: Font family 'Microsoft YaHei' not found.
2025-06-15 19:23:28,516 - matplotlib.font_manager - WARNING - findfont: Font family 'Microsoft YaHei' not found.
2025-06-15 19:23:28,517 - matplotlib.font_manager - WARNING - findfont: Font family 'Microsoft YaHei' not found.
2025-06-15 19:23:28,522 - matplotlib.font_manager - WARNING - findfont: Font family 'Microsoft YaHei' not found.
2025-06-15 19:24:17,258 - root - INFO - plot_trace: Trace data min: -4078.0684379010513, max: 4802.88329480054, shape: (4000,)
2025-06-15 19:24:17,272 - matplotlib.font_manager - WARNING - findfont: Font family 'Microsoft YaHei' not found.
2025-06-15 19:24:17,273 - matplotlib.font_manager - WARNING - findfont: Font family 'Microsoft YaHei' not found.
2025-06-15 19:24:17,273 - matplotlib.font_manager - WARNING - findfont: Font family 'Microsoft YaHei' not found.
2025-06-15 19:24:17,274 - matplotlib.font_manager - WARNING - findfont: Font family 'Microsoft YaHei' not found.
2025-06-15 19:24:17,274 - matplotlib.font_manager - WARNING - findfont: Font family 'Microsoft YaHei' not found.
2025-06-15 19:24:17,274 - matplotlib.font_manager - WARNING - findfont: Font family 'Microsoft YaHei' not found.
2025-06-15 19:24:17,275 - matplotlib.font_manager - WARNING - findfont: Font family 'Microsoft YaHei' not found.
2025-06-15 19:24:17,275 - matplotlib.font_manager - WARNING - findfont: Font family 'Microsoft YaHei' not found.
2025-06-15 19:24:17,275 - matplotlib.font_manager - WARNING - findfont: Font family 'Microsoft YaHei' not found.
2025-06-15 19:24:17,277 - matplotlib.font_manager - WARNING - findfont: Font family 'Microsoft YaHei' not found.
2025-06-15 19:24:17,279 - matplotlib.font_manager - WARNING - findfont: Font family 'Microsoft YaHei' not found.
2025-06-15 19:24:17,279 - matplotlib.font_manager - WARNING - findfont: Font family 'Microsoft YaHei' not found.
2025-06-15 19:24:17,279 - matplotlib.font_manager - WARNING - findfont: Font family 'Microsoft YaHei' not found.
2025-06-15 19:24:17,280 - matplotlib.font_manager - WARNING - findfont: Font family 'Microsoft YaHei' not found.
2025-06-15 19:24:17,280 - matplotlib.font_manager - WARNING - findfont: Font family 'Microsoft YaHei' not found.
2025-06-15 19:24:17,281 - matplotlib.font_manager - WARNING - findfont: Font family 'Microsoft YaHei' not found.
2025-06-15 19:24:17,286 - matplotlib.font_manager - WARNING - findfont: Font family 'Microsoft YaHei' not found.
