2025-06-15 17:13:43,542 - root - INFO - Chinese font set to: Microsoft YaHei
2025-06-15 17:13:43,544 - matplotlib.font_manager - WARNING - findfont: Font family ['Microsoft YaHei'] not found. Falling back to DejaVu Sans.
2025-06-15 17:13:43,718 - matplotlib.font_manager - WARNING - findfont: Font family 'Microsoft YaHei' not found.
2025-06-15 17:13:43,721 - matplotlib.font_manager - WARNING - findfont: Font family 'Microsoft YaHei' not found.
2025-06-15 17:13:43,721 - matplotlib.font_manager - WARNING - findfont: Font family 'Microsoft YaHei' not found.
2025-06-15 17:13:43,721 - matplotlib.font_manager - WARNING - findfont: Font family 'Microsoft YaHei' not found.
2025-06-15 17:13:43,721 - matplotlib.font_manager - WARNING - findfont: Font family 'Microsoft YaHei' not found.
2025-06-15 17:13:43,721 - matplotlib.font_manager - WARNING - findfont: Font family 'Microsoft YaHei' not found.
2025-06-15 17:13:43,721 - matplotlib.font_manager - WARNING - findfont: Font family 'Microsoft YaHei' not found.
2025-06-15 17:13:43,722 - matplotlib.font_manager - WARNING - findfont: Font family 'Microsoft YaHei' not found.
2025-06-15 17:13:43,722 - matplotlib.font_manager - WARNING - findfont: Font family 'Microsoft YaHei' not found.
2025-06-15 17:13:43,723 - matplotlib.font_manager - WARNING - findfont: Font family 'Microsoft YaHei' not found.
2025-06-15 17:13:43,723 - matplotlib.font_manager - WARNING - findfont: Font family 'Microsoft YaHei' not found.
2025-06-15 17:13:43,723 - matplotlib.font_manager - WARNING - findfont: Font family 'Microsoft YaHei' not found.
2025-06-15 17:13:43,725 - matplotlib.font_manager - WARNING - findfont: Font family 'Microsoft YaHei' not found.
2025-06-15 17:13:43,729 - matplotlib.font_manager - WARNING - findfont: Font family 'Microsoft YaHei' not found.
2025-06-15 17:13:43,729 - matplotlib.font_manager - WARNING - findfont: Font family 'Microsoft YaHei' not found.
2025-06-15 17:13:43,729 - matplotlib.font_manager - WARNING - findfont: Font family 'Microsoft YaHei' not found.
2025-06-15 17:13:43,729 - matplotlib.font_manager - WARNING - findfont: Font family 'Microsoft YaHei' not found.
2025-06-15 17:13:43,730 - matplotlib.font_manager - WARNING - findfont: Font family 'Microsoft YaHei' not found.
2025-06-15 17:13:43,730 - matplotlib.font_manager - WARNING - findfont: Font family 'Microsoft YaHei' not found.
2025-06-15 17:13:43,770 - matplotlib.font_manager - WARNING - findfont: Font family 'Microsoft YaHei' not found.
2025-06-15 17:13:43,770 - matplotlib.font_manager - WARNING - findfont: Font family 'Microsoft YaHei' not found.
2025-06-15 17:13:43,770 - matplotlib.font_manager - WARNING - findfont: Font family 'Microsoft YaHei' not found.
2025-06-15 17:13:43,770 - matplotlib.font_manager - WARNING - findfont: Font family 'Microsoft YaHei' not found.
2025-06-15 17:13:43,770 - matplotlib.font_manager - WARNING - findfont: Font family 'Microsoft YaHei' not found.
2025-06-15 17:13:43,770 - matplotlib.font_manager - WARNING - findfont: Font family 'Microsoft YaHei' not found.
2025-06-15 17:13:43,770 - matplotlib.font_manager - WARNING - findfont: Font family 'Microsoft YaHei' not found.
2025-06-15 17:13:43,771 - matplotlib.font_manager - WARNING - findfont: Font family 'Microsoft YaHei' not found.
2025-06-15 17:13:43,773 - matplotlib.font_manager - WARNING - findfont: Font family 'Microsoft YaHei' not found.
2025-06-15 17:13:43,774 - matplotlib.font_manager - WARNING - findfont: Font family 'Microsoft YaHei' not found.
2025-06-15 17:13:43,775 - matplotlib.font_manager - WARNING - findfont: Font family 'Microsoft YaHei' not found.
2025-06-15 17:13:43,776 - matplotlib.font_manager - WARNING - findfont: Font family 'Microsoft YaHei' not found.
2025-06-15 17:13:43,776 - matplotlib.font_manager - WARNING - findfont: Font family 'Microsoft YaHei' not found.
2025-06-15 17:13:43,776 - matplotlib.font_manager - WARNING - findfont: Font family 'Microsoft YaHei' not found.
2025-06-15 17:13:43,777 - matplotlib.font_manager - WARNING - findfont: Font family 'Microsoft YaHei' not found.
2025-06-15 17:13:43,777 - matplotlib.font_manager - WARNING - findfont: Font family 'Microsoft YaHei' not found.
2025-06-15 17:13:43,778 - matplotlib.font_manager - WARNING - findfont: Font family 'Microsoft YaHei' not found.
2025-06-15 17:13:43,778 - matplotlib.font_manager - WARNING - findfont: Font family 'Microsoft YaHei' not found.
2025-06-15 17:13:43,779 - matplotlib.font_manager - WARNING - findfont: Font family 'Microsoft YaHei' not found.
2025-06-15 17:13:43,780 - matplotlib.font_manager - WARNING - findfont: Font family 'Microsoft YaHei' not found.
2025-06-15 17:13:43,780 - matplotlib.font_manager - WARNING - findfont: Font family 'Microsoft YaHei' not found.
2025-06-15 17:13:43,780 - matplotlib.font_manager - WARNING - findfont: Font family 'Microsoft YaHei' not found.
2025-06-15 17:13:43,780 - matplotlib.font_manager - WARNING - findfont: Font family 'Microsoft YaHei' not found.
2025-06-15 17:13:43,781 - matplotlib.font_manager - WARNING - findfont: Font family 'Microsoft YaHei' not found.
2025-06-15 17:13:43,782 - matplotlib.font_manager - WARNING - findfont: Font family 'Microsoft YaHei' not found.
2025-06-15 17:13:43,782 - matplotlib.font_manager - WARNING - findfont: Font family 'Microsoft YaHei' not found.
2025-06-15 17:13:45,359 - matplotlib.font_manager - WARNING - findfont: Font family 'Microsoft YaHei' not found.
2025-06-15 17:13:45,360 - matplotlib.font_manager - WARNING - findfont: Font family 'Microsoft YaHei' not found.
2025-06-15 17:13:45,360 - matplotlib.font_manager - WARNING - findfont: Font family 'Microsoft YaHei' not found.
2025-06-15 17:13:45,361 - matplotlib.font_manager - WARNING - findfont: Font family 'Microsoft YaHei' not found.
2025-06-15 17:13:45,361 - matplotlib.font_manager - WARNING - findfont: Font family 'Microsoft YaHei' not found.
2025-06-15 17:13:45,362 - matplotlib.font_manager - WARNING - findfont: Font family 'Microsoft YaHei' not found.
2025-06-15 17:13:45,364 - matplotlib.font_manager - WARNING - findfont: Font family 'Microsoft YaHei' not found.
2025-06-15 17:13:45,365 - matplotlib.font_manager - WARNING - findfont: Font family 'Microsoft YaHei' not found.
2025-06-15 17:13:45,366 - matplotlib.font_manager - WARNING - findfont: Font family 'Microsoft YaHei' not found.
2025-06-15 17:13:45,366 - matplotlib.font_manager - WARNING - findfont: Font family 'Microsoft YaHei' not found.
2025-06-15 17:13:45,367 - matplotlib.font_manager - WARNING - findfont: Font family 'Microsoft YaHei' not found.
2025-06-15 17:13:45,367 - matplotlib.font_manager - WARNING - findfont: Font family 'Microsoft YaHei' not found.
2025-06-15 17:13:45,367 - matplotlib.font_manager - WARNING - findfont: Font family 'Microsoft YaHei' not found.
2025-06-15 17:13:45,369 - matplotlib.font_manager - WARNING - findfont: Font family 'Microsoft YaHei' not found.
2025-06-15 17:13:45,370 - matplotlib.font_manager - WARNING - findfont: Font family 'Microsoft YaHei' not found.
2025-06-15 17:13:45,380 - matplotlib.font_manager - WARNING - findfont: Font family 'Microsoft YaHei' not found.
2025-06-15 17:13:45,381 - matplotlib.font_manager - WARNING - findfont: Font family 'Microsoft YaHei' not found.
2025-06-15 17:13:45,381 - matplotlib.font_manager - WARNING - findfont: Font family 'Microsoft YaHei' not found.
2025-06-15 17:13:45,381 - matplotlib.font_manager - WARNING - findfont: Font family 'Microsoft YaHei' not found.
2025-06-15 17:13:45,382 - matplotlib.font_manager - WARNING - findfont: Font family 'Microsoft YaHei' not found.
2025-06-15 17:13:45,382 - matplotlib.font_manager - WARNING - findfont: Font family 'Microsoft YaHei' not found.
2025-06-15 17:13:45,383 - matplotlib.font_manager - WARNING - findfont: Font family 'Microsoft YaHei' not found.
2025-06-15 17:13:45,385 - matplotlib.font_manager - WARNING - findfont: Font family 'Microsoft YaHei' not found.
2025-06-15 17:13:45,385 - matplotlib.font_manager - WARNING - findfont: Font family 'Microsoft YaHei' not found.
2025-06-15 17:13:45,385 - matplotlib.font_manager - WARNING - findfont: Font family 'Microsoft YaHei' not found.
2025-06-15 17:13:45,386 - matplotlib.font_manager - WARNING - findfont: Font family 'Microsoft YaHei' not found.
2025-06-15 17:13:45,386 - matplotlib.font_manager - WARNING - findfont: Font family 'Microsoft YaHei' not found.
2025-06-15 17:13:45,386 - matplotlib.font_manager - WARNING - findfont: Font family 'Microsoft YaHei' not found.
2025-06-15 17:13:45,388 - matplotlib.font_manager - WARNING - findfont: Font family 'Microsoft YaHei' not found.
2025-06-15 17:13:45,388 - matplotlib.font_manager - WARNING - findfont: Font family 'Microsoft YaHei' not found.
2025-06-15 17:13:45,397 - matplotlib.font_manager - WARNING - findfont: Font family 'Microsoft YaHei' not found.
2025-06-15 17:13:45,397 - matplotlib.font_manager - WARNING - findfont: Font family 'Microsoft YaHei' not found.
2025-06-15 17:13:45,397 - matplotlib.font_manager - WARNING - findfont: Font family 'Microsoft YaHei' not found.
2025-06-15 17:13:45,398 - matplotlib.font_manager - WARNING - findfont: Font family 'Microsoft YaHei' not found.
2025-06-15 17:13:45,398 - matplotlib.font_manager - WARNING - findfont: Font family 'Microsoft YaHei' not found.
2025-06-15 17:13:45,398 - matplotlib.font_manager - WARNING - findfont: Font family 'Microsoft YaHei' not found.
2025-06-15 17:13:45,400 - matplotlib.font_manager - WARNING - findfont: Font family 'Microsoft YaHei' not found.
2025-06-15 17:13:45,401 - matplotlib.font_manager - WARNING - findfont: Font family 'Microsoft YaHei' not found.
2025-06-15 17:13:45,401 - matplotlib.font_manager - WARNING - findfont: Font family 'Microsoft YaHei' not found.
2025-06-15 17:13:45,401 - matplotlib.font_manager - WARNING - findfont: Font family 'Microsoft YaHei' not found.
2025-06-15 17:13:45,402 - matplotlib.font_manager - WARNING - findfont: Font family 'Microsoft YaHei' not found.
2025-06-15 17:13:45,402 - matplotlib.font_manager - WARNING - findfont: Font family 'Microsoft YaHei' not found.
2025-06-15 17:13:45,402 - matplotlib.font_manager - WARNING - findfont: Font family 'Microsoft YaHei' not found.
2025-06-15 17:13:45,403 - matplotlib.font_manager - WARNING - findfont: Font family 'Microsoft YaHei' not found.
2025-06-15 17:13:45,404 - matplotlib.font_manager - WARNING - findfont: Font family 'Microsoft YaHei' not found.
2025-06-15 17:13:45,409 - matplotlib.font_manager - WARNING - findfont: Font family 'Microsoft YaHei' not found.
2025-06-15 17:13:45,410 - matplotlib.font_manager - WARNING - findfont: Font family 'Microsoft YaHei' not found.
2025-06-15 17:13:45,410 - matplotlib.font_manager - WARNING - findfont: Font family 'Microsoft YaHei' not found.
2025-06-15 17:13:45,410 - matplotlib.font_manager - WARNING - findfont: Font family 'Microsoft YaHei' not found.
2025-06-15 17:13:45,410 - matplotlib.font_manager - WARNING - findfont: Font family 'Microsoft YaHei' not found.
2025-06-15 17:13:45,410 - matplotlib.font_manager - WARNING - findfont: Font family 'Microsoft YaHei' not found.
2025-06-15 17:13:45,410 - matplotlib.font_manager - WARNING - findfont: Font family 'Microsoft YaHei' not found.
2025-06-15 17:13:45,411 - matplotlib.font_manager - WARNING - findfont: Font family 'Microsoft YaHei' not found.
2025-06-15 17:13:45,411 - matplotlib.font_manager - WARNING - findfont: Font family 'Microsoft YaHei' not found.
2025-06-15 17:13:45,411 - matplotlib.font_manager - WARNING - findfont: Font family 'Microsoft YaHei' not found.
2025-06-15 17:13:45,412 - matplotlib.font_manager - WARNING - findfont: Font family 'Microsoft YaHei' not found.
2025-06-15 17:13:45,413 - matplotlib.font_manager - WARNING - findfont: Font family 'Microsoft YaHei' not found.
2025-06-15 17:13:45,413 - matplotlib.font_manager - WARNING - findfont: Font family 'Microsoft YaHei' not found.
2025-06-15 17:13:45,413 - matplotlib.font_manager - WARNING - findfont: Font family 'Microsoft YaHei' not found.
2025-06-15 17:13:45,414 - matplotlib.font_manager - WARNING - findfont: Font family 'Microsoft YaHei' not found.
2025-06-15 17:13:45,414 - matplotlib.font_manager - WARNING - findfont: Font family 'Microsoft YaHei' not found.
2025-06-15 17:13:45,415 - matplotlib.font_manager - WARNING - findfont: Font family 'Microsoft YaHei' not found.
2025-06-15 17:13:45,415 - matplotlib.font_manager - WARNING - findfont: Font family 'Microsoft YaHei' not found.
2025-06-15 17:13:45,416 - matplotlib.font_manager - WARNING - findfont: Font family 'Microsoft YaHei' not found.
2025-06-15 17:13:45,416 - matplotlib.font_manager - WARNING - findfont: Font family 'Microsoft YaHei' not found.
2025-06-15 17:13:45,417 - matplotlib.font_manager - WARNING - findfont: Font family 'Microsoft YaHei' not found.
2025-06-15 17:13:45,417 - matplotlib.font_manager - WARNING - findfont: Font family 'Microsoft YaHei' not found.
2025-06-15 17:13:45,417 - matplotlib.font_manager - WARNING - findfont: Font family 'Microsoft YaHei' not found.
2025-06-15 17:13:45,417 - matplotlib.font_manager - WARNING - findfont: Font family 'Microsoft YaHei' not found.
2025-06-15 17:13:45,418 - matplotlib.font_manager - WARNING - findfont: Font family 'Microsoft YaHei' not found.
2025-06-15 17:13:45,419 - matplotlib.font_manager - WARNING - findfont: Font family 'Microsoft YaHei' not found.
2025-06-15 17:13:45,429 - matplotlib.font_manager - WARNING - findfont: Font family 'Microsoft YaHei' not found.
2025-06-15 17:13:45,429 - matplotlib.font_manager - WARNING - findfont: Font family 'Microsoft YaHei' not found.
2025-06-15 17:13:45,429 - matplotlib.font_manager - WARNING - findfont: Font family 'Microsoft YaHei' not found.
2025-06-15 17:13:45,429 - matplotlib.font_manager - WARNING - findfont: Font family 'Microsoft YaHei' not found.
2025-06-15 17:13:45,430 - matplotlib.font_manager - WARNING - findfont: Font family 'Microsoft YaHei' not found.
2025-06-15 17:13:45,430 - matplotlib.font_manager - WARNING - findfont: Font family 'Microsoft YaHei' not found.
2025-06-15 17:13:45,431 - matplotlib.font_manager - WARNING - findfont: Font family 'Microsoft YaHei' not found.
2025-06-15 17:13:45,432 - matplotlib.font_manager - WARNING - findfont: Font family 'Microsoft YaHei' not found.
2025-06-15 17:13:45,432 - matplotlib.font_manager - WARNING - findfont: Font family 'Microsoft YaHei' not found.
2025-06-15 17:13:45,432 - matplotlib.font_manager - WARNING - findfont: Font family 'Microsoft YaHei' not found.
2025-06-15 17:13:45,433 - matplotlib.font_manager - WARNING - findfont: Font family 'Microsoft YaHei' not found.
2025-06-15 17:13:45,433 - matplotlib.font_manager - WARNING - findfont: Font family 'Microsoft YaHei' not found.
2025-06-15 17:13:45,433 - matplotlib.font_manager - WARNING - findfont: Font family 'Microsoft YaHei' not found.
2025-06-15 17:13:45,434 - matplotlib.font_manager - WARNING - findfont: Font family 'Microsoft YaHei' not found.
2025-06-15 17:13:45,435 - matplotlib.font_manager - WARNING - findfont: Font family 'Microsoft YaHei' not found.
2025-06-15 17:13:45,442 - matplotlib.font_manager - WARNING - findfont: Font family 'Microsoft YaHei' not found.
2025-06-15 17:13:45,442 - matplotlib.font_manager - WARNING - findfont: Font family 'Microsoft YaHei' not found.
2025-06-15 17:13:45,443 - matplotlib.font_manager - WARNING - findfont: Font family 'Microsoft YaHei' not found.
2025-06-15 17:13:45,443 - matplotlib.font_manager - WARNING - findfont: Font family 'Microsoft YaHei' not found.
2025-06-15 17:13:45,443 - matplotlib.font_manager - WARNING - findfont: Font family 'Microsoft YaHei' not found.
2025-06-15 17:13:45,443 - matplotlib.font_manager - WARNING - findfont: Font family 'Microsoft YaHei' not found.
2025-06-15 17:13:45,445 - matplotlib.font_manager - WARNING - findfont: Font family 'Microsoft YaHei' not found.
2025-06-15 17:13:45,445 - matplotlib.font_manager - WARNING - findfont: Font family 'Microsoft YaHei' not found.
2025-06-15 17:13:45,446 - matplotlib.font_manager - WARNING - findfont: Font family 'Microsoft YaHei' not found.
2025-06-15 17:13:45,446 - matplotlib.font_manager - WARNING - findfont: Font family 'Microsoft YaHei' not found.
2025-06-15 17:13:45,446 - matplotlib.font_manager - WARNING - findfont: Font family 'Microsoft YaHei' not found.
2025-06-15 17:13:45,446 - matplotlib.font_manager - WARNING - findfont: Font family 'Microsoft YaHei' not found.
2025-06-15 17:13:45,447 - matplotlib.font_manager - WARNING - findfont: Font family 'Microsoft YaHei' not found.
2025-06-15 17:13:45,448 - matplotlib.font_manager - WARNING - findfont: Font family 'Microsoft YaHei' not found.
2025-06-15 17:13:45,448 - matplotlib.font_manager - WARNING - findfont: Font family 'Microsoft YaHei' not found.
2025-06-15 17:13:45,455 - matplotlib.font_manager - WARNING - findfont: Font family 'Microsoft YaHei' not found.
2025-06-15 17:13:45,456 - matplotlib.font_manager - WARNING - findfont: Font family 'Microsoft YaHei' not found.
2025-06-15 17:13:45,456 - matplotlib.font_manager - WARNING - findfont: Font family 'Microsoft YaHei' not found.
2025-06-15 17:13:45,456 - matplotlib.font_manager - WARNING - findfont: Font family 'Microsoft YaHei' not found.
2025-06-15 17:13:45,457 - matplotlib.font_manager - WARNING - findfont: Font family 'Microsoft YaHei' not found.
2025-06-15 17:13:45,457 - matplotlib.font_manager - WARNING - findfont: Font family 'Microsoft YaHei' not found.
2025-06-15 17:13:45,458 - matplotlib.font_manager - WARNING - findfont: Font family 'Microsoft YaHei' not found.
2025-06-15 17:13:45,459 - matplotlib.font_manager - WARNING - findfont: Font family 'Microsoft YaHei' not found.
2025-06-15 17:13:45,459 - matplotlib.font_manager - WARNING - findfont: Font family 'Microsoft YaHei' not found.
2025-06-15 17:13:45,459 - matplotlib.font_manager - WARNING - findfont: Font family 'Microsoft YaHei' not found.
2025-06-15 17:13:45,460 - matplotlib.font_manager - WARNING - findfont: Font family 'Microsoft YaHei' not found.
2025-06-15 17:13:45,460 - matplotlib.font_manager - WARNING - findfont: Font family 'Microsoft YaHei' not found.
2025-06-15 17:13:45,460 - matplotlib.font_manager - WARNING - findfont: Font family 'Microsoft YaHei' not found.
2025-06-15 17:13:45,461 - matplotlib.font_manager - WARNING - findfont: Font family 'Microsoft YaHei' not found.
2025-06-15 17:13:45,461 - matplotlib.font_manager - WARNING - findfont: Font family 'Microsoft YaHei' not found.
2025-06-15 17:13:45,468 - matplotlib.font_manager - WARNING - findfont: Font family 'Microsoft YaHei' not found.
2025-06-15 17:13:45,468 - matplotlib.font_manager - WARNING - findfont: Font family 'Microsoft YaHei' not found.
2025-06-15 17:13:45,468 - matplotlib.font_manager - WARNING - findfont: Font family 'Microsoft YaHei' not found.
2025-06-15 17:13:45,468 - matplotlib.font_manager - WARNING - findfont: Font family 'Microsoft YaHei' not found.
2025-06-15 17:13:45,468 - matplotlib.font_manager - WARNING - findfont: Font family 'Microsoft YaHei' not found.
2025-06-15 17:13:45,468 - matplotlib.font_manager - WARNING - findfont: Font family 'Microsoft YaHei' not found.
2025-06-15 17:13:45,468 - matplotlib.font_manager - WARNING - findfont: Font family 'Microsoft YaHei' not found.
2025-06-15 17:13:45,469 - matplotlib.font_manager - WARNING - findfont: Font family 'Microsoft YaHei' not found.
2025-06-15 17:13:45,469 - matplotlib.font_manager - WARNING - findfont: Font family 'Microsoft YaHei' not found.
2025-06-15 17:13:45,470 - matplotlib.font_manager - WARNING - findfont: Font family 'Microsoft YaHei' not found.
2025-06-15 17:13:45,471 - matplotlib.font_manager - WARNING - findfont: Font family 'Microsoft YaHei' not found.
2025-06-15 17:13:45,471 - matplotlib.font_manager - WARNING - findfont: Font family 'Microsoft YaHei' not found.
2025-06-15 17:13:45,471 - matplotlib.font_manager - WARNING - findfont: Font family 'Microsoft YaHei' not found.
2025-06-15 17:13:45,471 - matplotlib.font_manager - WARNING - findfont: Font family 'Microsoft YaHei' not found.
2025-06-15 17:13:45,472 - matplotlib.font_manager - WARNING - findfont: Font family 'Microsoft YaHei' not found.
2025-06-15 17:13:45,472 - matplotlib.font_manager - WARNING - findfont: Font family 'Microsoft YaHei' not found.
2025-06-15 17:13:45,473 - matplotlib.font_manager - WARNING - findfont: Font family 'Microsoft YaHei' not found.
2025-06-15 17:13:45,473 - matplotlib.font_manager - WARNING - findfont: Font family 'Microsoft YaHei' not found.
2025-06-15 17:13:45,474 - matplotlib.font_manager - WARNING - findfont: Font family 'Microsoft YaHei' not found.
2025-06-15 17:13:45,474 - matplotlib.font_manager - WARNING - findfont: Font family 'Microsoft YaHei' not found.
2025-06-15 17:13:45,475 - matplotlib.font_manager - WARNING - findfont: Font family 'Microsoft YaHei' not found.
2025-06-15 17:13:45,475 - matplotlib.font_manager - WARNING - findfont: Font family 'Microsoft YaHei' not found.
2025-06-15 17:13:45,475 - matplotlib.font_manager - WARNING - findfont: Font family 'Microsoft YaHei' not found.
2025-06-15 17:13:45,475 - matplotlib.font_manager - WARNING - findfont: Font family 'Microsoft YaHei' not found.
2025-06-15 17:13:45,476 - matplotlib.font_manager - WARNING - findfont: Font family 'Microsoft YaHei' not found.
2025-06-15 17:13:45,477 - matplotlib.font_manager - WARNING - findfont: Font family 'Microsoft YaHei' not found.
2025-06-15 17:13:49,607 - root - INFO - plot_trace: Trace data min: -4078.0684379010513, max: 4802.88329480054, shape: (4000,)
2025-06-15 17:13:49,612 - matplotlib.font_manager - WARNING - findfont: Font family 'Microsoft YaHei' not found.
2025-06-15 17:13:49,612 - matplotlib.font_manager - WARNING - findfont: Font family 'Microsoft YaHei' not found.
2025-06-15 17:13:49,612 - matplotlib.font_manager - WARNING - findfont: Font family 'Microsoft YaHei' not found.
2025-06-15 17:13:49,612 - matplotlib.font_manager - WARNING - findfont: Font family 'Microsoft YaHei' not found.
2025-06-15 17:13:49,613 - matplotlib.font_manager - WARNING - findfont: Font family 'Microsoft YaHei' not found.
2025-06-15 17:13:49,618 - matplotlib.font_manager - WARNING - findfont: Font family 'Microsoft YaHei' not found.
2025-06-15 17:13:49,618 - matplotlib.font_manager - WARNING - findfont: Font family 'Microsoft YaHei' not found.
2025-06-15 17:13:49,618 - matplotlib.font_manager - WARNING - findfont: Font family 'Microsoft YaHei' not found.
2025-06-15 17:13:49,618 - matplotlib.font_manager - WARNING - findfont: Font family 'Microsoft YaHei' not found.
2025-06-15 17:13:49,618 - matplotlib.font_manager - WARNING - findfont: Font family 'Microsoft YaHei' not found.
2025-06-15 17:13:49,618 - matplotlib.font_manager - WARNING - findfont: Font family 'Microsoft YaHei' not found.
2025-06-15 17:13:49,618 - matplotlib.font_manager - WARNING - findfont: Font family 'Microsoft YaHei' not found.
2025-06-15 17:13:49,618 - matplotlib.font_manager - WARNING - findfont: Font family 'Microsoft YaHei' not found.
2025-06-15 17:13:49,619 - matplotlib.font_manager - WARNING - findfont: Font family 'Microsoft YaHei' not found.
2025-06-15 17:13:49,619 - matplotlib.font_manager - WARNING - findfont: Font family 'Microsoft YaHei' not found.
2025-06-15 17:13:49,619 - matplotlib.font_manager - WARNING - findfont: Font family 'Microsoft YaHei' not found.
2025-06-15 17:13:49,620 - matplotlib.font_manager - WARNING - findfont: Font family 'Microsoft YaHei' not found.
2025-06-15 17:13:49,620 - matplotlib.font_manager - WARNING - findfont: Font family 'Microsoft YaHei' not found.
2025-06-15 17:13:49,620 - matplotlib.font_manager - WARNING - findfont: Font family 'Microsoft YaHei' not found.
2025-06-15 17:13:49,621 - matplotlib.font_manager - WARNING - findfont: Font family 'Microsoft YaHei' not found.
2025-06-15 17:13:49,621 - matplotlib.font_manager - WARNING - findfont: Font family 'Microsoft YaHei' not found.
2025-06-15 17:13:49,621 - matplotlib.font_manager - WARNING - findfont: Font family 'Microsoft YaHei' not found.
2025-06-15 17:13:49,622 - matplotlib.font_manager - WARNING - findfont: Font family 'Microsoft YaHei' not found.
2025-06-15 17:13:49,623 - matplotlib.font_manager - WARNING - findfont: Font family 'Microsoft YaHei' not found.
2025-06-15 17:13:49,624 - matplotlib.font_manager - WARNING - findfont: Font family 'Microsoft YaHei' not found.
2025-06-15 17:13:49,624 - matplotlib.font_manager - WARNING - findfont: Font family 'Microsoft YaHei' not found.
2025-06-15 17:13:49,624 - matplotlib.font_manager - WARNING - findfont: Font family 'Microsoft YaHei' not found.
2025-06-15 17:13:49,625 - matplotlib.font_manager - WARNING - findfont: Font family 'Microsoft YaHei' not found.
2025-06-15 17:13:49,626 - matplotlib.font_manager - WARNING - findfont: Font family 'Microsoft YaHei' not found.
2025-06-15 17:13:49,630 - matplotlib.font_manager - WARNING - findfont: Font family 'Microsoft YaHei' not found.
2025-06-15 17:14:12,322 - matplotlib.font_manager - WARNING - findfont: Font family 'Microsoft YaHei' not found.
2025-06-15 17:14:12,324 - matplotlib.font_manager - WARNING - findfont: Font family 'Microsoft YaHei' not found.
2025-06-15 17:14:12,324 - matplotlib.font_manager - WARNING - findfont: Font family 'Microsoft YaHei' not found.
2025-06-15 17:14:12,324 - matplotlib.font_manager - WARNING - findfont: Font family 'Microsoft YaHei' not found.
2025-06-15 17:14:12,324 - matplotlib.font_manager - WARNING - findfont: Font family 'Microsoft YaHei' not found.
2025-06-15 17:14:12,325 - matplotlib.font_manager - WARNING - findfont: Font family 'Microsoft YaHei' not found.
2025-06-15 17:14:12,326 - matplotlib.font_manager - WARNING - findfont: Font family 'Microsoft YaHei' not found.
2025-06-15 17:14:12,326 - matplotlib.font_manager - WARNING - findfont: Font family 'Microsoft YaHei' not found.
2025-06-15 17:14:12,326 - matplotlib.font_manager - WARNING - findfont: Font family 'Microsoft YaHei' not found.
2025-06-15 17:14:12,326 - matplotlib.font_manager - WARNING - findfont: Font family 'Microsoft YaHei' not found.
2025-06-15 17:14:12,326 - matplotlib.font_manager - WARNING - findfont: Font family 'Microsoft YaHei' not found.
2025-06-15 17:14:12,326 - matplotlib.font_manager - WARNING - findfont: Font family 'Microsoft YaHei' not found.
2025-06-15 17:14:12,326 - matplotlib.font_manager - WARNING - findfont: Font family 'Microsoft YaHei' not found.
2025-06-15 17:14:12,326 - matplotlib.font_manager - WARNING - findfont: Font family 'Microsoft YaHei' not found.
2025-06-15 17:14:12,327 - matplotlib.font_manager - WARNING - findfont: Font family 'Microsoft YaHei' not found.
2025-06-15 17:14:12,327 - matplotlib.font_manager - WARNING - findfont: Font family 'Microsoft YaHei' not found.
2025-06-15 17:14:12,327 - matplotlib.font_manager - WARNING - findfont: Font family 'Microsoft YaHei' not found.
2025-06-15 17:14:12,328 - matplotlib.font_manager - WARNING - findfont: Font family 'Microsoft YaHei' not found.
2025-06-15 17:14:12,328 - matplotlib.font_manager - WARNING - findfont: Font family 'Microsoft YaHei' not found.
2025-06-15 17:14:12,328 - matplotlib.font_manager - WARNING - findfont: Font family 'Microsoft YaHei' not found.
2025-06-15 17:14:12,329 - matplotlib.font_manager - WARNING - findfont: Font family 'Microsoft YaHei' not found.
2025-06-15 17:14:12,329 - matplotlib.font_manager - WARNING - findfont: Font family 'Microsoft YaHei' not found.
2025-06-15 17:14:12,329 - matplotlib.font_manager - WARNING - findfont: Font family 'Microsoft YaHei' not found.
2025-06-15 17:14:12,330 - matplotlib.font_manager - WARNING - findfont: Font family 'Microsoft YaHei' not found.
2025-06-15 17:14:12,331 - matplotlib.font_manager - WARNING - findfont: Font family 'Microsoft YaHei' not found.
2025-06-15 17:14:12,332 - matplotlib.font_manager - WARNING - findfont: Font family 'Microsoft YaHei' not found.
2025-06-15 17:14:12,332 - matplotlib.font_manager - WARNING - findfont: Font family 'Microsoft YaHei' not found.
2025-06-15 17:14:12,332 - matplotlib.font_manager - WARNING - findfont: Font family 'Microsoft YaHei' not found.
2025-06-15 17:14:12,332 - matplotlib.font_manager - WARNING - findfont: Font family 'Microsoft YaHei' not found.
2025-06-15 17:14:12,333 - matplotlib.font_manager - WARNING - findfont: Font family 'Microsoft YaHei' not found.
2025-06-15 17:14:12,334 - matplotlib.font_manager - WARNING - findfont: Font family 'Microsoft YaHei' not found.
2025-06-15 17:14:12,335 - matplotlib.font_manager - WARNING - findfont: Font family 'Microsoft YaHei' not found.
2025-06-15 17:14:14,068 - matplotlib.font_manager - WARNING - findfont: Font family 'Microsoft YaHei' not found.
2025-06-15 17:14:14,069 - matplotlib.font_manager - WARNING - findfont: Font family 'Microsoft YaHei' not found.
2025-06-15 17:14:14,070 - matplotlib.font_manager - WARNING - findfont: Font family 'Microsoft YaHei' not found.
2025-06-15 17:14:14,070 - matplotlib.font_manager - WARNING - findfont: Font family 'Microsoft YaHei' not found.
2025-06-15 17:14:14,071 - matplotlib.font_manager - WARNING - findfont: Font family 'Microsoft YaHei' not found.
2025-06-15 17:14:14,072 - matplotlib.font_manager - WARNING - findfont: Font family 'Microsoft YaHei' not found.
2025-06-15 17:14:14,072 - matplotlib.font_manager - WARNING - findfont: Font family 'Microsoft YaHei' not found.
2025-06-15 17:14:14,073 - matplotlib.font_manager - WARNING - findfont: Font family 'Microsoft YaHei' not found.
2025-06-15 17:14:14,074 - matplotlib.font_manager - WARNING - findfont: Font family 'Microsoft YaHei' not found.
2025-06-15 17:14:14,076 - matplotlib.font_manager - WARNING - findfont: Font family 'Microsoft YaHei' not found.
2025-06-15 17:14:14,078 - matplotlib.font_manager - WARNING - findfont: Font family 'Microsoft YaHei' not found.
2025-06-15 17:14:14,078 - matplotlib.font_manager - WARNING - findfont: Font family 'Microsoft YaHei' not found.
2025-06-15 17:14:14,079 - matplotlib.font_manager - WARNING - findfont: Font family 'Microsoft YaHei' not found.
2025-06-15 17:14:14,079 - matplotlib.font_manager - WARNING - findfont: Font family 'Microsoft YaHei' not found.
2025-06-15 17:14:14,080 - matplotlib.font_manager - WARNING - findfont: Font family 'Microsoft YaHei' not found.
2025-06-15 17:14:14,080 - matplotlib.font_manager - WARNING - findfont: Font family 'Microsoft YaHei' not found.
2025-06-15 17:14:14,082 - matplotlib.font_manager - WARNING - findfont: Font family 'Microsoft YaHei' not found.
2025-06-15 17:14:14,084 - matplotlib.font_manager - WARNING - findfont: Font family 'Microsoft YaHei' not found.
2025-06-15 17:14:15,864 - matplotlib.font_manager - WARNING - findfont: Font family 'Microsoft YaHei' not found.
2025-06-15 17:14:15,865 - matplotlib.font_manager - WARNING - findfont: Font family 'Microsoft YaHei' not found.
2025-06-15 17:14:15,865 - matplotlib.font_manager - WARNING - findfont: Font family 'Microsoft YaHei' not found.
2025-06-15 17:14:15,865 - matplotlib.font_manager - WARNING - findfont: Font family 'Microsoft YaHei' not found.
2025-06-15 17:14:15,869 - matplotlib.font_manager - WARNING - findfont: Font family 'Microsoft YaHei' not found.
2025-06-15 17:14:15,870 - matplotlib.font_manager - WARNING - findfont: Font family 'Microsoft YaHei' not found.
2025-06-15 17:14:15,870 - matplotlib.font_manager - WARNING - findfont: Font family 'Microsoft YaHei' not found.
2025-06-15 17:14:15,870 - matplotlib.font_manager - WARNING - findfont: Font family 'Microsoft YaHei' not found.
2025-06-15 17:14:15,870 - matplotlib.font_manager - WARNING - findfont: Font family 'Microsoft YaHei' not found.
2025-06-15 17:14:15,871 - matplotlib.font_manager - WARNING - findfont: Font family 'Microsoft YaHei' not found.
2025-06-15 17:14:15,871 - matplotlib.font_manager - WARNING - findfont: Font family 'Microsoft YaHei' not found.
2025-06-15 17:14:15,872 - matplotlib.font_manager - WARNING - findfont: Font family 'Microsoft YaHei' not found.
2025-06-15 17:14:15,873 - matplotlib.font_manager - WARNING - findfont: Font family 'Microsoft YaHei' not found.
2025-06-15 17:14:15,873 - matplotlib.font_manager - WARNING - findfont: Font family 'Microsoft YaHei' not found.
2025-06-15 17:14:15,874 - matplotlib.font_manager - WARNING - findfont: Font family 'Microsoft YaHei' not found.
2025-06-15 17:14:15,874 - matplotlib.font_manager - WARNING - findfont: Font family 'Microsoft YaHei' not found.
2025-06-15 17:14:15,875 - matplotlib.font_manager - WARNING - findfont: Font family 'Microsoft YaHei' not found.
2025-06-15 17:14:15,876 - matplotlib.font_manager - WARNING - findfont: Font family 'Microsoft YaHei' not found.
2025-06-15 17:14:15,878 - matplotlib.font_manager - WARNING - findfont: Font family 'Microsoft YaHei' not found.
2025-06-15 17:14:15,880 - matplotlib.font_manager - WARNING - findfont: Font family 'Microsoft YaHei' not found.
2025-06-15 17:14:15,881 - matplotlib.font_manager - WARNING - findfont: Font family 'Microsoft YaHei' not found.
2025-06-15 17:14:15,881 - matplotlib.font_manager - WARNING - findfont: Font family 'Microsoft YaHei' not found.
2025-06-15 17:14:15,881 - matplotlib.font_manager - WARNING - findfont: Font family 'Microsoft YaHei' not found.
2025-06-15 17:14:15,882 - matplotlib.font_manager - WARNING - findfont: Font family 'Microsoft YaHei' not found.
2025-06-15 17:14:15,884 - matplotlib.font_manager - WARNING - findfont: Font family 'Microsoft YaHei' not found.
2025-06-15 17:14:15,885 - matplotlib.font_manager - WARNING - findfont: Font family 'Microsoft YaHei' not found.
2025-06-15 17:14:18,276 - root - INFO - reset_view: Trace data min: -4078.0684379010513, max: 4802.88329480054, shape: (4000,)
2025-06-15 17:14:18,284 - matplotlib.font_manager - WARNING - findfont: Font family 'Microsoft YaHei' not found.
2025-06-15 17:14:18,285 - matplotlib.font_manager - WARNING - findfont: Font family 'Microsoft YaHei' not found.
2025-06-15 17:14:18,285 - matplotlib.font_manager - WARNING - findfont: Font family 'Microsoft YaHei' not found.
2025-06-15 17:14:18,285 - matplotlib.font_manager - WARNING - findfont: Font family 'Microsoft YaHei' not found.
2025-06-15 17:14:18,286 - matplotlib.font_manager - WARNING - findfont: Font family 'Microsoft YaHei' not found.
2025-06-15 17:14:18,286 - matplotlib.font_manager - WARNING - findfont: Font family 'Microsoft YaHei' not found.
2025-06-15 17:14:18,286 - matplotlib.font_manager - WARNING - findfont: Font family 'Microsoft YaHei' not found.
2025-06-15 17:14:18,286 - matplotlib.font_manager - WARNING - findfont: Font family 'Microsoft YaHei' not found.
2025-06-15 17:14:18,288 - matplotlib.font_manager - WARNING - findfont: Font family 'Microsoft YaHei' not found.
2025-06-15 17:14:18,289 - matplotlib.font_manager - WARNING - findfont: Font family 'Microsoft YaHei' not found.
2025-06-15 17:14:18,289 - matplotlib.font_manager - WARNING - findfont: Font family 'Microsoft YaHei' not found.
2025-06-15 17:14:18,289 - matplotlib.font_manager - WARNING - findfont: Font family 'Microsoft YaHei' not found.
2025-06-15 17:14:18,289 - matplotlib.font_manager - WARNING - findfont: Font family 'Microsoft YaHei' not found.
2025-06-15 17:14:18,290 - matplotlib.font_manager - WARNING - findfont: Font family 'Microsoft YaHei' not found.
2025-06-15 17:14:18,291 - matplotlib.font_manager - WARNING - findfont: Font family 'Microsoft YaHei' not found.
2025-06-15 17:14:18,295 - matplotlib.font_manager - WARNING - findfont: Font family 'Microsoft YaHei' not found.
2025-06-15 17:15:40,484 - matplotlib.font_manager - WARNING - findfont: Font family 'Microsoft YaHei' not found.
2025-06-15 17:15:40,489 - matplotlib.font_manager - WARNING - findfont: Font family 'Microsoft YaHei' not found.
2025-06-15 17:15:40,489 - matplotlib.font_manager - WARNING - findfont: Font family 'Microsoft YaHei' not found.
2025-06-15 17:15:40,490 - matplotlib.font_manager - WARNING - findfont: Font family 'Microsoft YaHei' not found.
2025-06-15 17:15:40,490 - matplotlib.font_manager - WARNING - findfont: Font family 'Microsoft YaHei' not found.
2025-06-15 17:15:40,490 - matplotlib.font_manager - WARNING - findfont: Font family 'Microsoft YaHei' not found.
2025-06-15 17:15:40,491 - matplotlib.font_manager - WARNING - findfont: Font family 'Microsoft YaHei' not found.
2025-06-15 17:15:40,491 - matplotlib.font_manager - WARNING - findfont: Font family 'Microsoft YaHei' not found.
2025-06-15 17:15:40,492 - matplotlib.font_manager - WARNING - findfont: Font family 'Microsoft YaHei' not found.
2025-06-15 17:15:40,494 - matplotlib.font_manager - WARNING - findfont: Font family 'Microsoft YaHei' not found.
2025-06-15 17:15:40,494 - matplotlib.font_manager - WARNING - findfont: Font family 'Microsoft YaHei' not found.
2025-06-15 17:15:40,494 - matplotlib.font_manager - WARNING - findfont: Font family 'Microsoft YaHei' not found.
2025-06-15 17:15:40,494 - matplotlib.font_manager - WARNING - findfont: Font family 'Microsoft YaHei' not found.
2025-06-15 17:15:40,495 - matplotlib.font_manager - WARNING - findfont: Font family 'Microsoft YaHei' not found.
2025-06-15 17:15:40,496 - matplotlib.font_manager - WARNING - findfont: Font family 'Microsoft YaHei' not found.
2025-06-15 17:15:40,500 - matplotlib.font_manager - WARNING - findfont: Font family 'Microsoft YaHei' not found.
2025-06-15 17:15:40,696 - matplotlib.font_manager - WARNING - findfont: Font family 'Microsoft YaHei' not found.
2025-06-15 17:15:40,696 - matplotlib.font_manager - WARNING - findfont: Font family 'Microsoft YaHei' not found.
2025-06-15 17:15:40,696 - matplotlib.font_manager - WARNING - findfont: Font family 'Microsoft YaHei' not found.
2025-06-15 17:15:40,697 - matplotlib.font_manager - WARNING - findfont: Font family 'Microsoft YaHei' not found.
2025-06-15 17:15:40,697 - matplotlib.font_manager - WARNING - findfont: Font family 'Microsoft YaHei' not found.
2025-06-15 17:15:40,697 - matplotlib.font_manager - WARNING - findfont: Font family 'Microsoft YaHei' not found.
2025-06-15 17:15:40,698 - matplotlib.font_manager - WARNING - findfont: Font family 'Microsoft YaHei' not found.
2025-06-15 17:15:40,698 - matplotlib.font_manager - WARNING - findfont: Font family 'Microsoft YaHei' not found.
2025-06-15 17:15:40,699 - matplotlib.font_manager - WARNING - findfont: Font family 'Microsoft YaHei' not found.
2025-06-15 17:15:40,700 - matplotlib.font_manager - WARNING - findfont: Font family 'Microsoft YaHei' not found.
2025-06-15 17:15:40,700 - matplotlib.font_manager - WARNING - findfont: Font family 'Microsoft YaHei' not found.
2025-06-15 17:15:40,700 - matplotlib.font_manager - WARNING - findfont: Font family 'Microsoft YaHei' not found.
2025-06-15 17:15:40,701 - matplotlib.font_manager - WARNING - findfont: Font family 'Microsoft YaHei' not found.
2025-06-15 17:15:40,701 - matplotlib.font_manager - WARNING - findfont: Font family 'Microsoft YaHei' not found.
2025-06-15 17:15:40,702 - matplotlib.font_manager - WARNING - findfont: Font family 'Microsoft YaHei' not found.
2025-06-15 17:15:40,706 - matplotlib.font_manager - WARNING - findfont: Font family 'Microsoft YaHei' not found.
2025-06-15 17:15:40,904 - matplotlib.font_manager - WARNING - findfont: Font family 'Microsoft YaHei' not found.
2025-06-15 17:15:40,905 - matplotlib.font_manager - WARNING - findfont: Font family 'Microsoft YaHei' not found.
2025-06-15 17:15:40,905 - matplotlib.font_manager - WARNING - findfont: Font family 'Microsoft YaHei' not found.
2025-06-15 17:15:40,905 - matplotlib.font_manager - WARNING - findfont: Font family 'Microsoft YaHei' not found.
2025-06-15 17:15:40,905 - matplotlib.font_manager - WARNING - findfont: Font family 'Microsoft YaHei' not found.
2025-06-15 17:15:40,906 - matplotlib.font_manager - WARNING - findfont: Font family 'Microsoft YaHei' not found.
2025-06-15 17:15:40,906 - matplotlib.font_manager - WARNING - findfont: Font family 'Microsoft YaHei' not found.
2025-06-15 17:15:40,906 - matplotlib.font_manager - WARNING - findfont: Font family 'Microsoft YaHei' not found.
2025-06-15 17:15:40,908 - matplotlib.font_manager - WARNING - findfont: Font family 'Microsoft YaHei' not found.
2025-06-15 17:15:40,908 - matplotlib.font_manager - WARNING - findfont: Font family 'Microsoft YaHei' not found.
2025-06-15 17:15:40,909 - matplotlib.font_manager - WARNING - findfont: Font family 'Microsoft YaHei' not found.
2025-06-15 17:15:40,909 - matplotlib.font_manager - WARNING - findfont: Font family 'Microsoft YaHei' not found.
2025-06-15 17:15:40,909 - matplotlib.font_manager - WARNING - findfont: Font family 'Microsoft YaHei' not found.
2025-06-15 17:15:40,910 - matplotlib.font_manager - WARNING - findfont: Font family 'Microsoft YaHei' not found.
2025-06-15 17:15:40,911 - matplotlib.font_manager - WARNING - findfont: Font family 'Microsoft YaHei' not found.
2025-06-15 17:15:40,915 - matplotlib.font_manager - WARNING - findfont: Font family 'Microsoft YaHei' not found.
2025-06-15 17:15:41,096 - matplotlib.font_manager - WARNING - findfont: Font family 'Microsoft YaHei' not found.
2025-06-15 17:15:41,096 - matplotlib.font_manager - WARNING - findfont: Font family 'Microsoft YaHei' not found.
2025-06-15 17:15:41,097 - matplotlib.font_manager - WARNING - findfont: Font family 'Microsoft YaHei' not found.
2025-06-15 17:15:41,097 - matplotlib.font_manager - WARNING - findfont: Font family 'Microsoft YaHei' not found.
2025-06-15 17:15:41,097 - matplotlib.font_manager - WARNING - findfont: Font family 'Microsoft YaHei' not found.
2025-06-15 17:15:41,097 - matplotlib.font_manager - WARNING - findfont: Font family 'Microsoft YaHei' not found.
2025-06-15 17:15:41,098 - matplotlib.font_manager - WARNING - findfont: Font family 'Microsoft YaHei' not found.
2025-06-15 17:15:41,098 - matplotlib.font_manager - WARNING - findfont: Font family 'Microsoft YaHei' not found.
2025-06-15 17:15:41,099 - matplotlib.font_manager - WARNING - findfont: Font family 'Microsoft YaHei' not found.
2025-06-15 17:15:41,100 - matplotlib.font_manager - WARNING - findfont: Font family 'Microsoft YaHei' not found.
2025-06-15 17:15:41,100 - matplotlib.font_manager - WARNING - findfont: Font family 'Microsoft YaHei' not found.
2025-06-15 17:15:41,100 - matplotlib.font_manager - WARNING - findfont: Font family 'Microsoft YaHei' not found.
2025-06-15 17:15:41,101 - matplotlib.font_manager - WARNING - findfont: Font family 'Microsoft YaHei' not found.
2025-06-15 17:15:41,101 - matplotlib.font_manager - WARNING - findfont: Font family 'Microsoft YaHei' not found.
2025-06-15 17:15:41,102 - matplotlib.font_manager - WARNING - findfont: Font family 'Microsoft YaHei' not found.
2025-06-15 17:15:41,106 - matplotlib.font_manager - WARNING - findfont: Font family 'Microsoft YaHei' not found.
2025-06-15 17:15:41,803 - matplotlib.font_manager - WARNING - findfont: Font family 'Microsoft YaHei' not found.
2025-06-15 17:15:41,803 - matplotlib.font_manager - WARNING - findfont: Font family 'Microsoft YaHei' not found.
2025-06-15 17:15:41,803 - matplotlib.font_manager - WARNING - findfont: Font family 'Microsoft YaHei' not found.
2025-06-15 17:15:41,804 - matplotlib.font_manager - WARNING - findfont: Font family 'Microsoft YaHei' not found.
2025-06-15 17:15:41,805 - matplotlib.font_manager - WARNING - findfont: Font family 'Microsoft YaHei' not found.
2025-06-15 17:15:41,805 - matplotlib.font_manager - WARNING - findfont: Font family 'Microsoft YaHei' not found.
2025-06-15 17:15:41,805 - matplotlib.font_manager - WARNING - findfont: Font family 'Microsoft YaHei' not found.
2025-06-15 17:15:41,805 - matplotlib.font_manager - WARNING - findfont: Font family 'Microsoft YaHei' not found.
2025-06-15 17:15:41,806 - matplotlib.font_manager - WARNING - findfont: Font family 'Microsoft YaHei' not found.
2025-06-15 17:15:41,806 - matplotlib.font_manager - WARNING - findfont: Font family 'Microsoft YaHei' not found.
2025-06-15 17:15:41,806 - matplotlib.font_manager - WARNING - findfont: Font family 'Microsoft YaHei' not found.
2025-06-15 17:15:41,806 - matplotlib.font_manager - WARNING - findfont: Font family 'Microsoft YaHei' not found.
2025-06-15 17:15:41,807 - matplotlib.font_manager - WARNING - findfont: Font family 'Microsoft YaHei' not found.
2025-06-15 17:15:41,808 - matplotlib.font_manager - WARNING - findfont: Font family 'Microsoft YaHei' not found.
2025-06-15 17:15:41,809 - matplotlib.font_manager - WARNING - findfont: Font family 'Microsoft YaHei' not found.
2025-06-15 17:15:41,809 - matplotlib.font_manager - WARNING - findfont: Font family 'Microsoft YaHei' not found.
2025-06-15 17:15:41,809 - matplotlib.font_manager - WARNING - findfont: Font family 'Microsoft YaHei' not found.
2025-06-15 17:15:41,809 - matplotlib.font_manager - WARNING - findfont: Font family 'Microsoft YaHei' not found.
2025-06-15 17:15:41,810 - matplotlib.font_manager - WARNING - findfont: Font family 'Microsoft YaHei' not found.
2025-06-15 17:15:41,811 - matplotlib.font_manager - WARNING - findfont: Font family 'Microsoft YaHei' not found.
2025-06-15 17:15:41,811 - matplotlib.font_manager - WARNING - findfont: Font family 'Microsoft YaHei' not found.
2025-06-15 17:15:42,150 - matplotlib.font_manager - WARNING - findfont: Font family 'Microsoft YaHei' not found.
2025-06-15 17:15:42,151 - matplotlib.font_manager - WARNING - findfont: Font family 'Microsoft YaHei' not found.
2025-06-15 17:15:42,151 - matplotlib.font_manager - WARNING - findfont: Font family 'Microsoft YaHei' not found.
2025-06-15 17:15:42,151 - matplotlib.font_manager - WARNING - findfont: Font family 'Microsoft YaHei' not found.
2025-06-15 17:15:42,152 - matplotlib.font_manager - WARNING - findfont: Font family 'Microsoft YaHei' not found.
2025-06-15 17:15:42,153 - matplotlib.font_manager - WARNING - findfont: Font family 'Microsoft YaHei' not found.
2025-06-15 17:15:42,154 - matplotlib.font_manager - WARNING - findfont: Font family 'Microsoft YaHei' not found.
2025-06-15 17:15:42,154 - matplotlib.font_manager - WARNING - findfont: Font family 'Microsoft YaHei' not found.
2025-06-15 17:15:42,154 - matplotlib.font_manager - WARNING - findfont: Font family 'Microsoft YaHei' not found.
2025-06-15 17:15:42,154 - matplotlib.font_manager - WARNING - findfont: Font family 'Microsoft YaHei' not found.
2025-06-15 17:15:42,155 - matplotlib.font_manager - WARNING - findfont: Font family 'Microsoft YaHei' not found.
2025-06-15 17:15:42,156 - matplotlib.font_manager - WARNING - findfont: Font family 'Microsoft YaHei' not found.
2025-06-15 17:15:42,156 - matplotlib.font_manager - WARNING - findfont: Font family 'Microsoft YaHei' not found.
2025-06-15 17:15:44,451 - root - INFO - reset_view: Trace data min: -4078.0684379010513, max: 4802.88329480054, shape: (4000,)
2025-06-15 17:15:44,467 - matplotlib.font_manager - WARNING - findfont: Font family 'Microsoft YaHei' not found.
2025-06-15 17:15:44,478 - matplotlib.font_manager - WARNING - findfont: Font family 'Microsoft YaHei' not found.
2025-06-15 17:15:44,478 - matplotlib.font_manager - WARNING - findfont: Font family 'Microsoft YaHei' not found.
2025-06-15 17:15:44,479 - matplotlib.font_manager - WARNING - findfont: Font family 'Microsoft YaHei' not found.
2025-06-15 17:15:44,479 - matplotlib.font_manager - WARNING - findfont: Font family 'Microsoft YaHei' not found.
2025-06-15 17:15:44,479 - matplotlib.font_manager - WARNING - findfont: Font family 'Microsoft YaHei' not found.
2025-06-15 17:15:44,480 - matplotlib.font_manager - WARNING - findfont: Font family 'Microsoft YaHei' not found.
2025-06-15 17:15:44,480 - matplotlib.font_manager - WARNING - findfont: Font family 'Microsoft YaHei' not found.
2025-06-15 17:15:44,481 - matplotlib.font_manager - WARNING - findfont: Font family 'Microsoft YaHei' not found.
2025-06-15 17:15:44,482 - matplotlib.font_manager - WARNING - findfont: Font family 'Microsoft YaHei' not found.
2025-06-15 17:15:44,483 - matplotlib.font_manager - WARNING - findfont: Font family 'Microsoft YaHei' not found.
2025-06-15 17:15:44,483 - matplotlib.font_manager - WARNING - findfont: Font family 'Microsoft YaHei' not found.
2025-06-15 17:15:44,483 - matplotlib.font_manager - WARNING - findfont: Font family 'Microsoft YaHei' not found.
2025-06-15 17:15:44,484 - matplotlib.font_manager - WARNING - findfont: Font family 'Microsoft YaHei' not found.
2025-06-15 17:15:44,485 - matplotlib.font_manager - WARNING - findfont: Font family 'Microsoft YaHei' not found.
2025-06-15 17:15:44,489 - matplotlib.font_manager - WARNING - findfont: Font family 'Microsoft YaHei' not found.
