2025-06-15 17:05:27,445 - root - INFO - Chinese font set to: Microsoft YaHei
2025-06-15 17:05:27,447 - matplotlib.font_manager - WARNING - findfont: Font family ['Microsoft YaHei'] not found. Falling back to DejaVu Sans.
2025-06-15 17:05:27,583 - matplotlib.font_manager - WARNING - findfont: Font family 'Microsoft YaHei' not found.
2025-06-15 17:05:27,587 - matplotlib.font_manager - WARNING - findfont: Font family 'Microsoft YaHei' not found.
2025-06-15 17:05:27,587 - matplotlib.font_manager - WARNING - findfont: Font family 'Microsoft YaHei' not found.
2025-06-15 17:05:27,587 - matplotlib.font_manager - WARNING - findfont: Font family 'Microsoft YaHei' not found.
2025-06-15 17:05:27,587 - matplotlib.font_manager - WARNING - findfont: Font family 'Microsoft YaHei' not found.
2025-06-15 17:05:27,587 - matplotlib.font_manager - WARNING - findfont: Font family 'Microsoft YaHei' not found.
2025-06-15 17:05:27,587 - matplotlib.font_manager - WARNING - findfont: Font family 'Microsoft YaHei' not found.
2025-06-15 17:05:27,588 - matplotlib.font_manager - WARNING - findfont: Font family 'Microsoft YaHei' not found.
2025-06-15 17:05:27,588 - matplotlib.font_manager - WARNING - findfont: Font family 'Microsoft YaHei' not found.
2025-06-15 17:05:27,589 - matplotlib.font_manager - WARNING - findfont: Font family 'Microsoft YaHei' not found.
2025-06-15 17:05:27,589 - matplotlib.font_manager - WARNING - findfont: Font family 'Microsoft YaHei' not found.
2025-06-15 17:05:27,589 - matplotlib.font_manager - WARNING - findfont: Font family 'Microsoft YaHei' not found.
2025-06-15 17:05:27,589 - matplotlib.font_manager - WARNING - findfont: Font family 'Microsoft YaHei' not found.
2025-06-15 17:05:27,593 - matplotlib.font_manager - WARNING - findfont: Font family 'Microsoft YaHei' not found.
2025-06-15 17:05:27,593 - matplotlib.font_manager - WARNING - findfont: Font family 'Microsoft YaHei' not found.
2025-06-15 17:05:27,594 - matplotlib.font_manager - WARNING - findfont: Font family 'Microsoft YaHei' not found.
2025-06-15 17:05:27,594 - matplotlib.font_manager - WARNING - findfont: Font family 'Microsoft YaHei' not found.
2025-06-15 17:05:27,594 - matplotlib.font_manager - WARNING - findfont: Font family 'Microsoft YaHei' not found.
2025-06-15 17:05:27,594 - matplotlib.font_manager - WARNING - findfont: Font family 'Microsoft YaHei' not found.
2025-06-15 17:05:27,632 - matplotlib.font_manager - WARNING - findfont: Font family 'Microsoft YaHei' not found.
2025-06-15 17:05:27,632 - matplotlib.font_manager - WARNING - findfont: Font family 'Microsoft YaHei' not found.
2025-06-15 17:05:27,632 - matplotlib.font_manager - WARNING - findfont: Font family 'Microsoft YaHei' not found.
2025-06-15 17:05:27,632 - matplotlib.font_manager - WARNING - findfont: Font family 'Microsoft YaHei' not found.
2025-06-15 17:05:27,632 - matplotlib.font_manager - WARNING - findfont: Font family 'Microsoft YaHei' not found.
2025-06-15 17:05:27,632 - matplotlib.font_manager - WARNING - findfont: Font family 'Microsoft YaHei' not found.
2025-06-15 17:05:27,633 - matplotlib.font_manager - WARNING - findfont: Font family 'Microsoft YaHei' not found.
2025-06-15 17:05:27,634 - matplotlib.font_manager - WARNING - findfont: Font family 'Microsoft YaHei' not found.
2025-06-15 17:05:27,635 - matplotlib.font_manager - WARNING - findfont: Font family 'Microsoft YaHei' not found.
2025-06-15 17:05:27,636 - matplotlib.font_manager - WARNING - findfont: Font family 'Microsoft YaHei' not found.
2025-06-15 17:05:27,638 - matplotlib.font_manager - WARNING - findfont: Font family 'Microsoft YaHei' not found.
2025-06-15 17:05:27,638 - matplotlib.font_manager - WARNING - findfont: Font family 'Microsoft YaHei' not found.
2025-06-15 17:05:27,638 - matplotlib.font_manager - WARNING - findfont: Font family 'Microsoft YaHei' not found.
2025-06-15 17:05:27,639 - matplotlib.font_manager - WARNING - findfont: Font family 'Microsoft YaHei' not found.
2025-06-15 17:05:27,639 - matplotlib.font_manager - WARNING - findfont: Font family 'Microsoft YaHei' not found.
2025-06-15 17:05:27,639 - matplotlib.font_manager - WARNING - findfont: Font family 'Microsoft YaHei' not found.
2025-06-15 17:05:27,641 - matplotlib.font_manager - WARNING - findfont: Font family 'Microsoft YaHei' not found.
2025-06-15 17:05:27,641 - matplotlib.font_manager - WARNING - findfont: Font family 'Microsoft YaHei' not found.
2025-06-15 17:05:27,642 - matplotlib.font_manager - WARNING - findfont: Font family 'Microsoft YaHei' not found.
2025-06-15 17:05:27,642 - matplotlib.font_manager - WARNING - findfont: Font family 'Microsoft YaHei' not found.
2025-06-15 17:05:27,644 - matplotlib.font_manager - WARNING - findfont: Font family 'Microsoft YaHei' not found.
2025-06-15 17:05:27,644 - matplotlib.font_manager - WARNING - findfont: Font family 'Microsoft YaHei' not found.
2025-06-15 17:05:27,645 - matplotlib.font_manager - WARNING - findfont: Font family 'Microsoft YaHei' not found.
2025-06-15 17:05:27,645 - matplotlib.font_manager - WARNING - findfont: Font family 'Microsoft YaHei' not found.
2025-06-15 17:05:27,646 - matplotlib.font_manager - WARNING - findfont: Font family 'Microsoft YaHei' not found.
2025-06-15 17:05:27,646 - matplotlib.font_manager - WARNING - findfont: Font family 'Microsoft YaHei' not found.
2025-06-15 17:05:29,727 - matplotlib.font_manager - WARNING - findfont: Font family 'Microsoft YaHei' not found.
2025-06-15 17:05:29,728 - matplotlib.font_manager - WARNING - findfont: Font family 'Microsoft YaHei' not found.
2025-06-15 17:05:29,729 - matplotlib.font_manager - WARNING - findfont: Font family 'Microsoft YaHei' not found.
2025-06-15 17:05:29,729 - matplotlib.font_manager - WARNING - findfont: Font family 'Microsoft YaHei' not found.
2025-06-15 17:05:29,730 - matplotlib.font_manager - WARNING - findfont: Font family 'Microsoft YaHei' not found.
2025-06-15 17:05:29,730 - matplotlib.font_manager - WARNING - findfont: Font family 'Microsoft YaHei' not found.
2025-06-15 17:05:29,732 - matplotlib.font_manager - WARNING - findfont: Font family 'Microsoft YaHei' not found.
2025-06-15 17:05:29,734 - matplotlib.font_manager - WARNING - findfont: Font family 'Microsoft YaHei' not found.
2025-06-15 17:05:29,734 - matplotlib.font_manager - WARNING - findfont: Font family 'Microsoft YaHei' not found.
2025-06-15 17:05:29,735 - matplotlib.font_manager - WARNING - findfont: Font family 'Microsoft YaHei' not found.
2025-06-15 17:05:29,735 - matplotlib.font_manager - WARNING - findfont: Font family 'Microsoft YaHei' not found.
2025-06-15 17:05:29,735 - matplotlib.font_manager - WARNING - findfont: Font family 'Microsoft YaHei' not found.
2025-06-15 17:05:29,736 - matplotlib.font_manager - WARNING - findfont: Font family 'Microsoft YaHei' not found.
2025-06-15 17:05:29,738 - matplotlib.font_manager - WARNING - findfont: Font family 'Microsoft YaHei' not found.
2025-06-15 17:05:29,738 - matplotlib.font_manager - WARNING - findfont: Font family 'Microsoft YaHei' not found.
2025-06-15 17:05:29,748 - matplotlib.font_manager - WARNING - findfont: Font family 'Microsoft YaHei' not found.
2025-06-15 17:05:29,749 - matplotlib.font_manager - WARNING - findfont: Font family 'Microsoft YaHei' not found.
2025-06-15 17:05:29,749 - matplotlib.font_manager - WARNING - findfont: Font family 'Microsoft YaHei' not found.
2025-06-15 17:05:29,750 - matplotlib.font_manager - WARNING - findfont: Font family 'Microsoft YaHei' not found.
2025-06-15 17:05:29,750 - matplotlib.font_manager - WARNING - findfont: Font family 'Microsoft YaHei' not found.
2025-06-15 17:05:29,750 - matplotlib.font_manager - WARNING - findfont: Font family 'Microsoft YaHei' not found.
2025-06-15 17:05:29,752 - matplotlib.font_manager - WARNING - findfont: Font family 'Microsoft YaHei' not found.
2025-06-15 17:05:29,753 - matplotlib.font_manager - WARNING - findfont: Font family 'Microsoft YaHei' not found.
2025-06-15 17:05:29,753 - matplotlib.font_manager - WARNING - findfont: Font family 'Microsoft YaHei' not found.
2025-06-15 17:05:29,754 - matplotlib.font_manager - WARNING - findfont: Font family 'Microsoft YaHei' not found.
2025-06-15 17:05:29,754 - matplotlib.font_manager - WARNING - findfont: Font family 'Microsoft YaHei' not found.
2025-06-15 17:05:29,754 - matplotlib.font_manager - WARNING - findfont: Font family 'Microsoft YaHei' not found.
2025-06-15 17:05:29,755 - matplotlib.font_manager - WARNING - findfont: Font family 'Microsoft YaHei' not found.
2025-06-15 17:05:29,756 - matplotlib.font_manager - WARNING - findfont: Font family 'Microsoft YaHei' not found.
2025-06-15 17:05:29,756 - matplotlib.font_manager - WARNING - findfont: Font family 'Microsoft YaHei' not found.
2025-06-15 17:05:29,766 - matplotlib.font_manager - WARNING - findfont: Font family 'Microsoft YaHei' not found.
2025-06-15 17:05:29,766 - matplotlib.font_manager - WARNING - findfont: Font family 'Microsoft YaHei' not found.
2025-06-15 17:05:29,767 - matplotlib.font_manager - WARNING - findfont: Font family 'Microsoft YaHei' not found.
2025-06-15 17:05:29,767 - matplotlib.font_manager - WARNING - findfont: Font family 'Microsoft YaHei' not found.
2025-06-15 17:05:29,768 - matplotlib.font_manager - WARNING - findfont: Font family 'Microsoft YaHei' not found.
2025-06-15 17:05:29,768 - matplotlib.font_manager - WARNING - findfont: Font family 'Microsoft YaHei' not found.
2025-06-15 17:05:29,769 - matplotlib.font_manager - WARNING - findfont: Font family 'Microsoft YaHei' not found.
2025-06-15 17:05:29,770 - matplotlib.font_manager - WARNING - findfont: Font family 'Microsoft YaHei' not found.
2025-06-15 17:05:29,771 - matplotlib.font_manager - WARNING - findfont: Font family 'Microsoft YaHei' not found.
2025-06-15 17:05:29,771 - matplotlib.font_manager - WARNING - findfont: Font family 'Microsoft YaHei' not found.
2025-06-15 17:05:29,771 - matplotlib.font_manager - WARNING - findfont: Font family 'Microsoft YaHei' not found.
2025-06-15 17:05:29,772 - matplotlib.font_manager - WARNING - findfont: Font family 'Microsoft YaHei' not found.
2025-06-15 17:05:29,772 - matplotlib.font_manager - WARNING - findfont: Font family 'Microsoft YaHei' not found.
2025-06-15 17:05:29,773 - matplotlib.font_manager - WARNING - findfont: Font family 'Microsoft YaHei' not found.
2025-06-15 17:05:29,774 - matplotlib.font_manager - WARNING - findfont: Font family 'Microsoft YaHei' not found.
2025-06-15 17:05:29,779 - matplotlib.font_manager - WARNING - findfont: Font family 'Microsoft YaHei' not found.
2025-06-15 17:05:29,780 - matplotlib.font_manager - WARNING - findfont: Font family 'Microsoft YaHei' not found.
2025-06-15 17:05:29,780 - matplotlib.font_manager - WARNING - findfont: Font family 'Microsoft YaHei' not found.
2025-06-15 17:05:29,780 - matplotlib.font_manager - WARNING - findfont: Font family 'Microsoft YaHei' not found.
2025-06-15 17:05:29,780 - matplotlib.font_manager - WARNING - findfont: Font family 'Microsoft YaHei' not found.
2025-06-15 17:05:29,780 - matplotlib.font_manager - WARNING - findfont: Font family 'Microsoft YaHei' not found.
2025-06-15 17:05:29,780 - matplotlib.font_manager - WARNING - findfont: Font family 'Microsoft YaHei' not found.
2025-06-15 17:05:29,781 - matplotlib.font_manager - WARNING - findfont: Font family 'Microsoft YaHei' not found.
2025-06-15 17:05:29,781 - matplotlib.font_manager - WARNING - findfont: Font family 'Microsoft YaHei' not found.
2025-06-15 17:05:29,781 - matplotlib.font_manager - WARNING - findfont: Font family 'Microsoft YaHei' not found.
2025-06-15 17:05:29,782 - matplotlib.font_manager - WARNING - findfont: Font family 'Microsoft YaHei' not found.
2025-06-15 17:05:29,783 - matplotlib.font_manager - WARNING - findfont: Font family 'Microsoft YaHei' not found.
2025-06-15 17:05:29,783 - matplotlib.font_manager - WARNING - findfont: Font family 'Microsoft YaHei' not found.
2025-06-15 17:05:29,783 - matplotlib.font_manager - WARNING - findfont: Font family 'Microsoft YaHei' not found.
2025-06-15 17:05:29,784 - matplotlib.font_manager - WARNING - findfont: Font family 'Microsoft YaHei' not found.
2025-06-15 17:05:29,784 - matplotlib.font_manager - WARNING - findfont: Font family 'Microsoft YaHei' not found.
2025-06-15 17:05:29,785 - matplotlib.font_manager - WARNING - findfont: Font family 'Microsoft YaHei' not found.
2025-06-15 17:05:29,785 - matplotlib.font_manager - WARNING - findfont: Font family 'Microsoft YaHei' not found.
2025-06-15 17:05:29,786 - matplotlib.font_manager - WARNING - findfont: Font family 'Microsoft YaHei' not found.
2025-06-15 17:05:29,786 - matplotlib.font_manager - WARNING - findfont: Font family 'Microsoft YaHei' not found.
2025-06-15 17:05:29,787 - matplotlib.font_manager - WARNING - findfont: Font family 'Microsoft YaHei' not found.
2025-06-15 17:05:29,787 - matplotlib.font_manager - WARNING - findfont: Font family 'Microsoft YaHei' not found.
2025-06-15 17:05:29,787 - matplotlib.font_manager - WARNING - findfont: Font family 'Microsoft YaHei' not found.
2025-06-15 17:05:29,787 - matplotlib.font_manager - WARNING - findfont: Font family 'Microsoft YaHei' not found.
2025-06-15 17:05:29,789 - matplotlib.font_manager - WARNING - findfont: Font family 'Microsoft YaHei' not found.
2025-06-15 17:05:29,789 - matplotlib.font_manager - WARNING - findfont: Font family 'Microsoft YaHei' not found.
2025-06-15 17:05:29,799 - matplotlib.font_manager - WARNING - findfont: Font family 'Microsoft YaHei' not found.
2025-06-15 17:05:29,799 - matplotlib.font_manager - WARNING - findfont: Font family 'Microsoft YaHei' not found.
2025-06-15 17:05:29,800 - matplotlib.font_manager - WARNING - findfont: Font family 'Microsoft YaHei' not found.
2025-06-15 17:05:29,800 - matplotlib.font_manager - WARNING - findfont: Font family 'Microsoft YaHei' not found.
2025-06-15 17:05:29,800 - matplotlib.font_manager - WARNING - findfont: Font family 'Microsoft YaHei' not found.
2025-06-15 17:05:29,800 - matplotlib.font_manager - WARNING - findfont: Font family 'Microsoft YaHei' not found.
2025-06-15 17:05:29,802 - matplotlib.font_manager - WARNING - findfont: Font family 'Microsoft YaHei' not found.
2025-06-15 17:05:29,802 - matplotlib.font_manager - WARNING - findfont: Font family 'Microsoft YaHei' not found.
2025-06-15 17:05:29,803 - matplotlib.font_manager - WARNING - findfont: Font family 'Microsoft YaHei' not found.
2025-06-15 17:05:29,803 - matplotlib.font_manager - WARNING - findfont: Font family 'Microsoft YaHei' not found.
2025-06-15 17:05:29,803 - matplotlib.font_manager - WARNING - findfont: Font family 'Microsoft YaHei' not found.
2025-06-15 17:05:29,803 - matplotlib.font_manager - WARNING - findfont: Font family 'Microsoft YaHei' not found.
2025-06-15 17:05:29,804 - matplotlib.font_manager - WARNING - findfont: Font family 'Microsoft YaHei' not found.
2025-06-15 17:05:29,805 - matplotlib.font_manager - WARNING - findfont: Font family 'Microsoft YaHei' not found.
2025-06-15 17:05:29,805 - matplotlib.font_manager - WARNING - findfont: Font family 'Microsoft YaHei' not found.
2025-06-15 17:05:29,813 - matplotlib.font_manager - WARNING - findfont: Font family 'Microsoft YaHei' not found.
2025-06-15 17:05:29,813 - matplotlib.font_manager - WARNING - findfont: Font family 'Microsoft YaHei' not found.
2025-06-15 17:05:29,814 - matplotlib.font_manager - WARNING - findfont: Font family 'Microsoft YaHei' not found.
2025-06-15 17:05:29,814 - matplotlib.font_manager - WARNING - findfont: Font family 'Microsoft YaHei' not found.
2025-06-15 17:05:29,814 - matplotlib.font_manager - WARNING - findfont: Font family 'Microsoft YaHei' not found.
2025-06-15 17:05:29,814 - matplotlib.font_manager - WARNING - findfont: Font family 'Microsoft YaHei' not found.
2025-06-15 17:05:29,816 - matplotlib.font_manager - WARNING - findfont: Font family 'Microsoft YaHei' not found.
2025-06-15 17:05:29,816 - matplotlib.font_manager - WARNING - findfont: Font family 'Microsoft YaHei' not found.
2025-06-15 17:05:29,817 - matplotlib.font_manager - WARNING - findfont: Font family 'Microsoft YaHei' not found.
2025-06-15 17:05:29,817 - matplotlib.font_manager - WARNING - findfont: Font family 'Microsoft YaHei' not found.
2025-06-15 17:05:29,817 - matplotlib.font_manager - WARNING - findfont: Font family 'Microsoft YaHei' not found.
2025-06-15 17:05:29,817 - matplotlib.font_manager - WARNING - findfont: Font family 'Microsoft YaHei' not found.
2025-06-15 17:05:29,818 - matplotlib.font_manager - WARNING - findfont: Font family 'Microsoft YaHei' not found.
2025-06-15 17:05:29,819 - matplotlib.font_manager - WARNING - findfont: Font family 'Microsoft YaHei' not found.
2025-06-15 17:05:29,819 - matplotlib.font_manager - WARNING - findfont: Font family 'Microsoft YaHei' not found.
2025-06-15 17:05:29,826 - matplotlib.font_manager - WARNING - findfont: Font family 'Microsoft YaHei' not found.
2025-06-15 17:05:29,827 - matplotlib.font_manager - WARNING - findfont: Font family 'Microsoft YaHei' not found.
2025-06-15 17:05:29,827 - matplotlib.font_manager - WARNING - findfont: Font family 'Microsoft YaHei' not found.
2025-06-15 17:05:29,827 - matplotlib.font_manager - WARNING - findfont: Font family 'Microsoft YaHei' not found.
2025-06-15 17:05:29,828 - matplotlib.font_manager - WARNING - findfont: Font family 'Microsoft YaHei' not found.
2025-06-15 17:05:29,828 - matplotlib.font_manager - WARNING - findfont: Font family 'Microsoft YaHei' not found.
2025-06-15 17:05:29,829 - matplotlib.font_manager - WARNING - findfont: Font family 'Microsoft YaHei' not found.
2025-06-15 17:05:29,830 - matplotlib.font_manager - WARNING - findfont: Font family 'Microsoft YaHei' not found.
2025-06-15 17:05:29,830 - matplotlib.font_manager - WARNING - findfont: Font family 'Microsoft YaHei' not found.
2025-06-15 17:05:29,830 - matplotlib.font_manager - WARNING - findfont: Font family 'Microsoft YaHei' not found.
2025-06-15 17:05:29,830 - matplotlib.font_manager - WARNING - findfont: Font family 'Microsoft YaHei' not found.
2025-06-15 17:05:29,831 - matplotlib.font_manager - WARNING - findfont: Font family 'Microsoft YaHei' not found.
2025-06-15 17:05:29,831 - matplotlib.font_manager - WARNING - findfont: Font family 'Microsoft YaHei' not found.
2025-06-15 17:05:29,832 - matplotlib.font_manager - WARNING - findfont: Font family 'Microsoft YaHei' not found.
2025-06-15 17:05:29,832 - matplotlib.font_manager - WARNING - findfont: Font family 'Microsoft YaHei' not found.
2025-06-15 17:05:29,842 - matplotlib.font_manager - WARNING - findfont: Font family 'Microsoft YaHei' not found.
2025-06-15 17:05:29,842 - matplotlib.font_manager - WARNING - findfont: Font family 'Microsoft YaHei' not found.
2025-06-15 17:05:29,843 - matplotlib.font_manager - WARNING - findfont: Font family 'Microsoft YaHei' not found.
2025-06-15 17:05:29,843 - matplotlib.font_manager - WARNING - findfont: Font family 'Microsoft YaHei' not found.
2025-06-15 17:05:29,843 - matplotlib.font_manager - WARNING - findfont: Font family 'Microsoft YaHei' not found.
2025-06-15 17:05:29,843 - matplotlib.font_manager - WARNING - findfont: Font family 'Microsoft YaHei' not found.
2025-06-15 17:05:29,843 - matplotlib.font_manager - WARNING - findfont: Font family 'Microsoft YaHei' not found.
2025-06-15 17:05:29,844 - matplotlib.font_manager - WARNING - findfont: Font family 'Microsoft YaHei' not found.
2025-06-15 17:05:29,844 - matplotlib.font_manager - WARNING - findfont: Font family 'Microsoft YaHei' not found.
2025-06-15 17:05:29,844 - matplotlib.font_manager - WARNING - findfont: Font family 'Microsoft YaHei' not found.
2025-06-15 17:05:29,845 - matplotlib.font_manager - WARNING - findfont: Font family 'Microsoft YaHei' not found.
2025-06-15 17:05:29,846 - matplotlib.font_manager - WARNING - findfont: Font family 'Microsoft YaHei' not found.
2025-06-15 17:05:29,846 - matplotlib.font_manager - WARNING - findfont: Font family 'Microsoft YaHei' not found.
2025-06-15 17:05:29,846 - matplotlib.font_manager - WARNING - findfont: Font family 'Microsoft YaHei' not found.
2025-06-15 17:05:29,847 - matplotlib.font_manager - WARNING - findfont: Font family 'Microsoft YaHei' not found.
2025-06-15 17:05:29,847 - matplotlib.font_manager - WARNING - findfont: Font family 'Microsoft YaHei' not found.
2025-06-15 17:05:29,848 - matplotlib.font_manager - WARNING - findfont: Font family 'Microsoft YaHei' not found.
2025-06-15 17:05:29,848 - matplotlib.font_manager - WARNING - findfont: Font family 'Microsoft YaHei' not found.
2025-06-15 17:05:29,849 - matplotlib.font_manager - WARNING - findfont: Font family 'Microsoft YaHei' not found.
2025-06-15 17:05:29,849 - matplotlib.font_manager - WARNING - findfont: Font family 'Microsoft YaHei' not found.
2025-06-15 17:05:29,849 - matplotlib.font_manager - WARNING - findfont: Font family 'Microsoft YaHei' not found.
2025-06-15 17:05:29,850 - matplotlib.font_manager - WARNING - findfont: Font family 'Microsoft YaHei' not found.
2025-06-15 17:05:29,850 - matplotlib.font_manager - WARNING - findfont: Font family 'Microsoft YaHei' not found.
2025-06-15 17:05:29,850 - matplotlib.font_manager - WARNING - findfont: Font family 'Microsoft YaHei' not found.
2025-06-15 17:05:29,851 - matplotlib.font_manager - WARNING - findfont: Font family 'Microsoft YaHei' not found.
2025-06-15 17:05:29,852 - matplotlib.font_manager - WARNING - findfont: Font family 'Microsoft YaHei' not found.
2025-06-15 17:05:35,060 - root - INFO - plot_trace: Trace data min: -4078.0684379010513, max: 4802.88329480054, shape: (4000,)
2025-06-15 17:05:35,065 - matplotlib.font_manager - WARNING - findfont: Font family 'Microsoft YaHei' not found.
2025-06-15 17:05:35,066 - matplotlib.font_manager - WARNING - findfont: Font family 'Microsoft YaHei' not found.
2025-06-15 17:05:35,066 - matplotlib.font_manager - WARNING - findfont: Font family 'Microsoft YaHei' not found.
2025-06-15 17:05:35,066 - matplotlib.font_manager - WARNING - findfont: Font family 'Microsoft YaHei' not found.
2025-06-15 17:05:35,066 - matplotlib.font_manager - WARNING - findfont: Font family 'Microsoft YaHei' not found.
2025-06-15 17:05:35,071 - matplotlib.font_manager - WARNING - findfont: Font family 'Microsoft YaHei' not found.
2025-06-15 17:05:35,071 - matplotlib.font_manager - WARNING - findfont: Font family 'Microsoft YaHei' not found.
2025-06-15 17:05:35,072 - matplotlib.font_manager - WARNING - findfont: Font family 'Microsoft YaHei' not found.
2025-06-15 17:05:35,072 - matplotlib.font_manager - WARNING - findfont: Font family 'Microsoft YaHei' not found.
2025-06-15 17:05:35,072 - matplotlib.font_manager - WARNING - findfont: Font family 'Microsoft YaHei' not found.
2025-06-15 17:05:35,072 - matplotlib.font_manager - WARNING - findfont: Font family 'Microsoft YaHei' not found.
2025-06-15 17:05:35,072 - matplotlib.font_manager - WARNING - findfont: Font family 'Microsoft YaHei' not found.
2025-06-15 17:05:35,072 - matplotlib.font_manager - WARNING - findfont: Font family 'Microsoft YaHei' not found.
2025-06-15 17:05:35,073 - matplotlib.font_manager - WARNING - findfont: Font family 'Microsoft YaHei' not found.
2025-06-15 17:05:35,073 - matplotlib.font_manager - WARNING - findfont: Font family 'Microsoft YaHei' not found.
2025-06-15 17:05:35,073 - matplotlib.font_manager - WARNING - findfont: Font family 'Microsoft YaHei' not found.
2025-06-15 17:05:35,073 - matplotlib.font_manager - WARNING - findfont: Font family 'Microsoft YaHei' not found.
2025-06-15 17:05:35,074 - matplotlib.font_manager - WARNING - findfont: Font family 'Microsoft YaHei' not found.
2025-06-15 17:05:35,074 - matplotlib.font_manager - WARNING - findfont: Font family 'Microsoft YaHei' not found.
2025-06-15 17:05:35,074 - matplotlib.font_manager - WARNING - findfont: Font family 'Microsoft YaHei' not found.
2025-06-15 17:05:35,075 - matplotlib.font_manager - WARNING - findfont: Font family 'Microsoft YaHei' not found.
2025-06-15 17:05:35,075 - matplotlib.font_manager - WARNING - findfont: Font family 'Microsoft YaHei' not found.
2025-06-15 17:05:35,076 - matplotlib.font_manager - WARNING - findfont: Font family 'Microsoft YaHei' not found.
2025-06-15 17:05:35,077 - matplotlib.font_manager - WARNING - findfont: Font family 'Microsoft YaHei' not found.
2025-06-15 17:05:35,077 - matplotlib.font_manager - WARNING - findfont: Font family 'Microsoft YaHei' not found.
2025-06-15 17:05:35,078 - matplotlib.font_manager - WARNING - findfont: Font family 'Microsoft YaHei' not found.
2025-06-15 17:05:35,078 - matplotlib.font_manager - WARNING - findfont: Font family 'Microsoft YaHei' not found.
2025-06-15 17:05:35,078 - matplotlib.font_manager - WARNING - findfont: Font family 'Microsoft YaHei' not found.
2025-06-15 17:05:35,079 - matplotlib.font_manager - WARNING - findfont: Font family 'Microsoft YaHei' not found.
2025-06-15 17:05:35,083 - matplotlib.font_manager - WARNING - findfont: Font family 'Microsoft YaHei' not found.
2025-06-15 17:13:07,428 - root - INFO - reset_view: Trace data min: -4078.0684379010513, max: 4802.88329480054, shape: (4000,)
2025-06-15 17:13:07,437 - matplotlib.font_manager - WARNING - findfont: Font family 'Microsoft YaHei' not found.
2025-06-15 17:13:07,438 - matplotlib.font_manager - WARNING - findfont: Font family 'Microsoft YaHei' not found.
2025-06-15 17:13:07,439 - matplotlib.font_manager - WARNING - findfont: Font family 'Microsoft YaHei' not found.
2025-06-15 17:13:07,439 - matplotlib.font_manager - WARNING - findfont: Font family 'Microsoft YaHei' not found.
2025-06-15 17:13:07,439 - matplotlib.font_manager - WARNING - findfont: Font family 'Microsoft YaHei' not found.
2025-06-15 17:13:07,440 - matplotlib.font_manager - WARNING - findfont: Font family 'Microsoft YaHei' not found.
2025-06-15 17:13:07,440 - matplotlib.font_manager - WARNING - findfont: Font family 'Microsoft YaHei' not found.
2025-06-15 17:13:07,440 - matplotlib.font_manager - WARNING - findfont: Font family 'Microsoft YaHei' not found.
2025-06-15 17:13:07,441 - matplotlib.font_manager - WARNING - findfont: Font family 'Microsoft YaHei' not found.
2025-06-15 17:13:07,442 - matplotlib.font_manager - WARNING - findfont: Font family 'Microsoft YaHei' not found.
2025-06-15 17:13:07,443 - matplotlib.font_manager - WARNING - findfont: Font family 'Microsoft YaHei' not found.
2025-06-15 17:13:07,443 - matplotlib.font_manager - WARNING - findfont: Font family 'Microsoft YaHei' not found.
2025-06-15 17:13:07,443 - matplotlib.font_manager - WARNING - findfont: Font family 'Microsoft YaHei' not found.
2025-06-15 17:13:07,443 - matplotlib.font_manager - WARNING - findfont: Font family 'Microsoft YaHei' not found.
2025-06-15 17:13:07,444 - matplotlib.font_manager - WARNING - findfont: Font family 'Microsoft YaHei' not found.
2025-06-15 17:13:07,449 - matplotlib.font_manager - WARNING - findfont: Font family 'Microsoft YaHei' not found.
2025-06-15 17:13:08,102 - root - INFO - reset_view: Trace data min: -4078.0684379010513, max: 4802.88329480054, shape: (4000,)
2025-06-15 17:13:08,110 - matplotlib.font_manager - WARNING - findfont: Font family 'Microsoft YaHei' not found.
2025-06-15 17:13:08,111 - matplotlib.font_manager - WARNING - findfont: Font family 'Microsoft YaHei' not found.
2025-06-15 17:13:08,111 - matplotlib.font_manager - WARNING - findfont: Font family 'Microsoft YaHei' not found.
2025-06-15 17:13:08,111 - matplotlib.font_manager - WARNING - findfont: Font family 'Microsoft YaHei' not found.
2025-06-15 17:13:08,111 - matplotlib.font_manager - WARNING - findfont: Font family 'Microsoft YaHei' not found.
2025-06-15 17:13:08,112 - matplotlib.font_manager - WARNING - findfont: Font family 'Microsoft YaHei' not found.
2025-06-15 17:13:08,112 - matplotlib.font_manager - WARNING - findfont: Font family 'Microsoft YaHei' not found.
2025-06-15 17:13:08,112 - matplotlib.font_manager - WARNING - findfont: Font family 'Microsoft YaHei' not found.
2025-06-15 17:13:08,114 - matplotlib.font_manager - WARNING - findfont: Font family 'Microsoft YaHei' not found.
2025-06-15 17:13:08,114 - matplotlib.font_manager - WARNING - findfont: Font family 'Microsoft YaHei' not found.
2025-06-15 17:13:08,115 - matplotlib.font_manager - WARNING - findfont: Font family 'Microsoft YaHei' not found.
2025-06-15 17:13:08,115 - matplotlib.font_manager - WARNING - findfont: Font family 'Microsoft YaHei' not found.
2025-06-15 17:13:08,115 - matplotlib.font_manager - WARNING - findfont: Font family 'Microsoft YaHei' not found.
2025-06-15 17:13:08,116 - matplotlib.font_manager - WARNING - findfont: Font family 'Microsoft YaHei' not found.
2025-06-15 17:13:08,117 - matplotlib.font_manager - WARNING - findfont: Font family 'Microsoft YaHei' not found.
2025-06-15 17:13:08,121 - matplotlib.font_manager - WARNING - findfont: Font family 'Microsoft YaHei' not found.
2025-06-15 17:13:08,552 - root - INFO - reset_view: Trace data min: -4078.0684379010513, max: 4802.88329480054, shape: (4000,)
2025-06-15 17:13:08,561 - matplotlib.font_manager - WARNING - findfont: Font family 'Microsoft YaHei' not found.
2025-06-15 17:13:08,562 - matplotlib.font_manager - WARNING - findfont: Font family 'Microsoft YaHei' not found.
2025-06-15 17:13:08,562 - matplotlib.font_manager - WARNING - findfont: Font family 'Microsoft YaHei' not found.
2025-06-15 17:13:08,562 - matplotlib.font_manager - WARNING - findfont: Font family 'Microsoft YaHei' not found.
2025-06-15 17:13:08,562 - matplotlib.font_manager - WARNING - findfont: Font family 'Microsoft YaHei' not found.
2025-06-15 17:13:08,563 - matplotlib.font_manager - WARNING - findfont: Font family 'Microsoft YaHei' not found.
2025-06-15 17:13:08,563 - matplotlib.font_manager - WARNING - findfont: Font family 'Microsoft YaHei' not found.
2025-06-15 17:13:08,563 - matplotlib.font_manager - WARNING - findfont: Font family 'Microsoft YaHei' not found.
2025-06-15 17:13:08,564 - matplotlib.font_manager - WARNING - findfont: Font family 'Microsoft YaHei' not found.
2025-06-15 17:13:08,565 - matplotlib.font_manager - WARNING - findfont: Font family 'Microsoft YaHei' not found.
2025-06-15 17:13:08,566 - matplotlib.font_manager - WARNING - findfont: Font family 'Microsoft YaHei' not found.
2025-06-15 17:13:08,566 - matplotlib.font_manager - WARNING - findfont: Font family 'Microsoft YaHei' not found.
2025-06-15 17:13:08,566 - matplotlib.font_manager - WARNING - findfont: Font family 'Microsoft YaHei' not found.
2025-06-15 17:13:08,567 - matplotlib.font_manager - WARNING - findfont: Font family 'Microsoft YaHei' not found.
2025-06-15 17:13:08,568 - matplotlib.font_manager - WARNING - findfont: Font family 'Microsoft YaHei' not found.
2025-06-15 17:13:08,571 - matplotlib.font_manager - WARNING - findfont: Font family 'Microsoft YaHei' not found.
2025-06-15 17:13:13,711 - root - INFO - plot_trace: Trace data min: -4078.0684379010513, max: 4802.88329480054, shape: (4000,)
2025-06-15 17:13:13,723 - matplotlib.font_manager - WARNING - findfont: Font family 'Microsoft YaHei' not found.
2025-06-15 17:13:13,724 - matplotlib.font_manager - WARNING - findfont: Font family 'Microsoft YaHei' not found.
2025-06-15 17:13:13,724 - matplotlib.font_manager - WARNING - findfont: Font family 'Microsoft YaHei' not found.
2025-06-15 17:13:13,724 - matplotlib.font_manager - WARNING - findfont: Font family 'Microsoft YaHei' not found.
2025-06-15 17:13:13,725 - matplotlib.font_manager - WARNING - findfont: Font family 'Microsoft YaHei' not found.
2025-06-15 17:13:13,725 - matplotlib.font_manager - WARNING - findfont: Font family 'Microsoft YaHei' not found.
2025-06-15 17:13:13,725 - matplotlib.font_manager - WARNING - findfont: Font family 'Microsoft YaHei' not found.
2025-06-15 17:13:13,725 - matplotlib.font_manager - WARNING - findfont: Font family 'Microsoft YaHei' not found.
2025-06-15 17:13:13,726 - matplotlib.font_manager - WARNING - findfont: Font family 'Microsoft YaHei' not found.
2025-06-15 17:13:13,727 - matplotlib.font_manager - WARNING - findfont: Font family 'Microsoft YaHei' not found.
2025-06-15 17:13:13,728 - matplotlib.font_manager - WARNING - findfont: Font family 'Microsoft YaHei' not found.
2025-06-15 17:13:13,729 - matplotlib.font_manager - WARNING - findfont: Font family 'Microsoft YaHei' not found.
2025-06-15 17:13:13,729 - matplotlib.font_manager - WARNING - findfont: Font family 'Microsoft YaHei' not found.
2025-06-15 17:13:13,729 - matplotlib.font_manager - WARNING - findfont: Font family 'Microsoft YaHei' not found.
2025-06-15 17:13:13,730 - matplotlib.font_manager - WARNING - findfont: Font family 'Microsoft YaHei' not found.
2025-06-15 17:13:13,731 - matplotlib.font_manager - WARNING - findfont: Font family 'Microsoft YaHei' not found.
2025-06-15 17:13:13,735 - matplotlib.font_manager - WARNING - findfont: Font family 'Microsoft YaHei' not found.
2025-06-15 17:13:17,447 - matplotlib.font_manager - WARNING - findfont: Font family 'Microsoft YaHei' not found.
2025-06-15 17:13:17,447 - matplotlib.font_manager - WARNING - findfont: Font family 'Microsoft YaHei' not found.
2025-06-15 17:13:17,447 - matplotlib.font_manager - WARNING - findfont: Font family 'Microsoft YaHei' not found.
2025-06-15 17:13:17,447 - matplotlib.font_manager - WARNING - findfont: Font family 'Microsoft YaHei' not found.
2025-06-15 17:13:17,447 - matplotlib.font_manager - WARNING - findfont: Font family 'Microsoft YaHei' not found.
2025-06-15 17:13:17,449 - matplotlib.font_manager - WARNING - findfont: Font family 'Microsoft YaHei' not found.
2025-06-15 17:13:17,449 - matplotlib.font_manager - WARNING - findfont: Font family 'Microsoft YaHei' not found.
2025-06-15 17:13:17,449 - matplotlib.font_manager - WARNING - findfont: Font family 'Microsoft YaHei' not found.
2025-06-15 17:13:17,449 - matplotlib.font_manager - WARNING - findfont: Font family 'Microsoft YaHei' not found.
2025-06-15 17:13:17,449 - matplotlib.font_manager - WARNING - findfont: Font family 'Microsoft YaHei' not found.
2025-06-15 17:13:17,449 - matplotlib.font_manager - WARNING - findfont: Font family 'Microsoft YaHei' not found.
2025-06-15 17:13:17,450 - matplotlib.font_manager - WARNING - findfont: Font family 'Microsoft YaHei' not found.
2025-06-15 17:13:17,450 - matplotlib.font_manager - WARNING - findfont: Font family 'Microsoft YaHei' not found.
2025-06-15 17:13:17,450 - matplotlib.font_manager - WARNING - findfont: Font family 'Microsoft YaHei' not found.
2025-06-15 17:13:17,450 - matplotlib.font_manager - WARNING - findfont: Font family 'Microsoft YaHei' not found.
2025-06-15 17:13:17,451 - matplotlib.font_manager - WARNING - findfont: Font family 'Microsoft YaHei' not found.
2025-06-15 17:13:17,451 - matplotlib.font_manager - WARNING - findfont: Font family 'Microsoft YaHei' not found.
2025-06-15 17:13:17,451 - matplotlib.font_manager - WARNING - findfont: Font family 'Microsoft YaHei' not found.
2025-06-15 17:13:17,451 - matplotlib.font_manager - WARNING - findfont: Font family 'Microsoft YaHei' not found.
2025-06-15 17:13:17,452 - matplotlib.font_manager - WARNING - findfont: Font family 'Microsoft YaHei' not found.
2025-06-15 17:13:17,452 - matplotlib.font_manager - WARNING - findfont: Font family 'Microsoft YaHei' not found.
2025-06-15 17:13:17,453 - matplotlib.font_manager - WARNING - findfont: Font family 'Microsoft YaHei' not found.
2025-06-15 17:13:17,454 - matplotlib.font_manager - WARNING - findfont: Font family 'Microsoft YaHei' not found.
2025-06-15 17:13:17,454 - matplotlib.font_manager - WARNING - findfont: Font family 'Microsoft YaHei' not found.
2025-06-15 17:13:17,455 - matplotlib.font_manager - WARNING - findfont: Font family 'Microsoft YaHei' not found.
2025-06-15 17:13:17,455 - matplotlib.font_manager - WARNING - findfont: Font family 'Microsoft YaHei' not found.
2025-06-15 17:13:17,455 - matplotlib.font_manager - WARNING - findfont: Font family 'Microsoft YaHei' not found.
2025-06-15 17:13:17,455 - matplotlib.font_manager - WARNING - findfont: Font family 'Microsoft YaHei' not found.
2025-06-15 17:13:17,456 - matplotlib.font_manager - WARNING - findfont: Font family 'Microsoft YaHei' not found.
2025-06-15 17:13:17,458 - matplotlib.font_manager - WARNING - findfont: Font family 'Microsoft YaHei' not found.
2025-06-15 17:13:18,342 - root - INFO - reset_view: Trace data min: -4078.0684379010513, max: 4802.88329480054, shape: (4000,)
2025-06-15 17:13:18,350 - matplotlib.font_manager - WARNING - findfont: Font family 'Microsoft YaHei' not found.
2025-06-15 17:13:18,351 - matplotlib.font_manager - WARNING - findfont: Font family 'Microsoft YaHei' not found.
2025-06-15 17:13:18,351 - matplotlib.font_manager - WARNING - findfont: Font family 'Microsoft YaHei' not found.
2025-06-15 17:13:18,351 - matplotlib.font_manager - WARNING - findfont: Font family 'Microsoft YaHei' not found.
2025-06-15 17:13:18,352 - matplotlib.font_manager - WARNING - findfont: Font family 'Microsoft YaHei' not found.
2025-06-15 17:13:18,352 - matplotlib.font_manager - WARNING - findfont: Font family 'Microsoft YaHei' not found.
2025-06-15 17:13:18,352 - matplotlib.font_manager - WARNING - findfont: Font family 'Microsoft YaHei' not found.
2025-06-15 17:13:18,352 - matplotlib.font_manager - WARNING - findfont: Font family 'Microsoft YaHei' not found.
2025-06-15 17:13:18,354 - matplotlib.font_manager - WARNING - findfont: Font family 'Microsoft YaHei' not found.
2025-06-15 17:13:18,354 - matplotlib.font_manager - WARNING - findfont: Font family 'Microsoft YaHei' not found.
2025-06-15 17:13:18,355 - matplotlib.font_manager - WARNING - findfont: Font family 'Microsoft YaHei' not found.
2025-06-15 17:13:18,355 - matplotlib.font_manager - WARNING - findfont: Font family 'Microsoft YaHei' not found.
2025-06-15 17:13:18,355 - matplotlib.font_manager - WARNING - findfont: Font family 'Microsoft YaHei' not found.
2025-06-15 17:13:18,356 - matplotlib.font_manager - WARNING - findfont: Font family 'Microsoft YaHei' not found.
2025-06-15 17:13:18,357 - matplotlib.font_manager - WARNING - findfont: Font family 'Microsoft YaHei' not found.
2025-06-15 17:13:18,360 - matplotlib.font_manager - WARNING - findfont: Font family 'Microsoft YaHei' not found.
