2025-06-15 17:22:49,890 - root - INFO - Chinese font set to: Microsoft YaHei
2025-06-15 17:22:49,891 - matplotlib.font_manager - WARNING - findfont: Font family ['Microsoft YaHei'] not found. Falling back to DejaVu Sans.
2025-06-15 17:22:50,052 - matplotlib.font_manager - WARNING - findfont: Font family 'Microsoft YaHei' not found.
2025-06-15 17:22:50,055 - matplotlib.font_manager - WARNING - findfont: Font family 'Microsoft YaHei' not found.
2025-06-15 17:22:50,055 - matplotlib.font_manager - WARNING - findfont: Font family 'Microsoft YaHei' not found.
2025-06-15 17:22:50,055 - matplotlib.font_manager - WARNING - findfont: Font family 'Microsoft YaHei' not found.
2025-06-15 17:22:50,056 - matplotlib.font_manager - WARNING - findfont: Font family 'Microsoft YaHei' not found.
2025-06-15 17:22:50,056 - matplotlib.font_manager - WARNING - findfont: Font family 'Microsoft YaHei' not found.
2025-06-15 17:22:50,056 - matplotlib.font_manager - WARNING - findfont: Font family 'Microsoft YaHei' not found.
2025-06-15 17:22:50,056 - matplotlib.font_manager - WARNING - findfont: Font family 'Microsoft YaHei' not found.
2025-06-15 17:22:50,057 - matplotlib.font_manager - WARNING - findfont: Font family 'Microsoft YaHei' not found.
2025-06-15 17:22:50,057 - matplotlib.font_manager - WARNING - findfont: Font family 'Microsoft YaHei' not found.
2025-06-15 17:22:50,058 - matplotlib.font_manager - WARNING - findfont: Font family 'Microsoft YaHei' not found.
2025-06-15 17:22:50,058 - matplotlib.font_manager - WARNING - findfont: Font family 'Microsoft YaHei' not found.
2025-06-15 17:22:50,058 - matplotlib.font_manager - WARNING - findfont: Font family 'Microsoft YaHei' not found.
2025-06-15 17:22:50,062 - matplotlib.font_manager - WARNING - findfont: Font family 'Microsoft YaHei' not found.
2025-06-15 17:22:50,062 - matplotlib.font_manager - WARNING - findfont: Font family 'Microsoft YaHei' not found.
2025-06-15 17:22:50,062 - matplotlib.font_manager - WARNING - findfont: Font family 'Microsoft YaHei' not found.
2025-06-15 17:22:50,063 - matplotlib.font_manager - WARNING - findfont: Font family 'Microsoft YaHei' not found.
2025-06-15 17:22:50,063 - matplotlib.font_manager - WARNING - findfont: Font family 'Microsoft YaHei' not found.
2025-06-15 17:22:50,063 - matplotlib.font_manager - WARNING - findfont: Font family 'Microsoft YaHei' not found.
2025-06-15 17:22:50,100 - matplotlib.font_manager - WARNING - findfont: Font family 'Microsoft YaHei' not found.
2025-06-15 17:22:50,100 - matplotlib.font_manager - WARNING - findfont: Font family 'Microsoft YaHei' not found.
2025-06-15 17:22:50,100 - matplotlib.font_manager - WARNING - findfont: Font family 'Microsoft YaHei' not found.
2025-06-15 17:22:50,100 - matplotlib.font_manager - WARNING - findfont: Font family 'Microsoft YaHei' not found.
2025-06-15 17:22:50,100 - matplotlib.font_manager - WARNING - findfont: Font family 'Microsoft YaHei' not found.
2025-06-15 17:22:50,100 - matplotlib.font_manager - WARNING - findfont: Font family 'Microsoft YaHei' not found.
2025-06-15 17:22:50,101 - matplotlib.font_manager - WARNING - findfont: Font family 'Microsoft YaHei' not found.
2025-06-15 17:22:50,101 - matplotlib.font_manager - WARNING - findfont: Font family 'Microsoft YaHei' not found.
2025-06-15 17:22:50,103 - matplotlib.font_manager - WARNING - findfont: Font family 'Microsoft YaHei' not found.
2025-06-15 17:22:50,104 - matplotlib.font_manager - WARNING - findfont: Font family 'Microsoft YaHei' not found.
2025-06-15 17:22:50,105 - matplotlib.font_manager - WARNING - findfont: Font family 'Microsoft YaHei' not found.
2025-06-15 17:22:50,106 - matplotlib.font_manager - WARNING - findfont: Font family 'Microsoft YaHei' not found.
2025-06-15 17:22:50,106 - matplotlib.font_manager - WARNING - findfont: Font family 'Microsoft YaHei' not found.
2025-06-15 17:22:50,106 - matplotlib.font_manager - WARNING - findfont: Font family 'Microsoft YaHei' not found.
2025-06-15 17:22:50,107 - matplotlib.font_manager - WARNING - findfont: Font family 'Microsoft YaHei' not found.
2025-06-15 17:22:50,107 - matplotlib.font_manager - WARNING - findfont: Font family 'Microsoft YaHei' not found.
2025-06-15 17:22:50,108 - matplotlib.font_manager - WARNING - findfont: Font family 'Microsoft YaHei' not found.
2025-06-15 17:22:50,108 - matplotlib.font_manager - WARNING - findfont: Font family 'Microsoft YaHei' not found.
2025-06-15 17:22:50,109 - matplotlib.font_manager - WARNING - findfont: Font family 'Microsoft YaHei' not found.
2025-06-15 17:22:50,110 - matplotlib.font_manager - WARNING - findfont: Font family 'Microsoft YaHei' not found.
2025-06-15 17:22:50,110 - matplotlib.font_manager - WARNING - findfont: Font family 'Microsoft YaHei' not found.
2025-06-15 17:22:50,110 - matplotlib.font_manager - WARNING - findfont: Font family 'Microsoft YaHei' not found.
2025-06-15 17:22:50,111 - matplotlib.font_manager - WARNING - findfont: Font family 'Microsoft YaHei' not found.
2025-06-15 17:22:50,111 - matplotlib.font_manager - WARNING - findfont: Font family 'Microsoft YaHei' not found.
2025-06-15 17:22:50,112 - matplotlib.font_manager - WARNING - findfont: Font family 'Microsoft YaHei' not found.
2025-06-15 17:22:50,113 - matplotlib.font_manager - WARNING - findfont: Font family 'Microsoft YaHei' not found.
2025-06-15 17:22:51,541 - matplotlib.font_manager - WARNING - findfont: Font family 'Microsoft YaHei' not found.
2025-06-15 17:22:51,542 - matplotlib.font_manager - WARNING - findfont: Font family 'Microsoft YaHei' not found.
2025-06-15 17:22:51,542 - matplotlib.font_manager - WARNING - findfont: Font family 'Microsoft YaHei' not found.
2025-06-15 17:22:51,543 - matplotlib.font_manager - WARNING - findfont: Font family 'Microsoft YaHei' not found.
2025-06-15 17:22:51,543 - matplotlib.font_manager - WARNING - findfont: Font family 'Microsoft YaHei' not found.
2025-06-15 17:22:51,544 - matplotlib.font_manager - WARNING - findfont: Font family 'Microsoft YaHei' not found.
2025-06-15 17:22:51,546 - matplotlib.font_manager - WARNING - findfont: Font family 'Microsoft YaHei' not found.
2025-06-15 17:22:51,547 - matplotlib.font_manager - WARNING - findfont: Font family 'Microsoft YaHei' not found.
2025-06-15 17:22:51,548 - matplotlib.font_manager - WARNING - findfont: Font family 'Microsoft YaHei' not found.
2025-06-15 17:22:51,548 - matplotlib.font_manager - WARNING - findfont: Font family 'Microsoft YaHei' not found.
2025-06-15 17:22:51,549 - matplotlib.font_manager - WARNING - findfont: Font family 'Microsoft YaHei' not found.
2025-06-15 17:22:51,549 - matplotlib.font_manager - WARNING - findfont: Font family 'Microsoft YaHei' not found.
2025-06-15 17:22:51,549 - matplotlib.font_manager - WARNING - findfont: Font family 'Microsoft YaHei' not found.
2025-06-15 17:22:51,551 - matplotlib.font_manager - WARNING - findfont: Font family 'Microsoft YaHei' not found.
2025-06-15 17:22:51,552 - matplotlib.font_manager - WARNING - findfont: Font family 'Microsoft YaHei' not found.
2025-06-15 17:22:51,562 - matplotlib.font_manager - WARNING - findfont: Font family 'Microsoft YaHei' not found.
2025-06-15 17:22:51,562 - matplotlib.font_manager - WARNING - findfont: Font family 'Microsoft YaHei' not found.
2025-06-15 17:22:51,563 - matplotlib.font_manager - WARNING - findfont: Font family 'Microsoft YaHei' not found.
2025-06-15 17:22:51,563 - matplotlib.font_manager - WARNING - findfont: Font family 'Microsoft YaHei' not found.
2025-06-15 17:22:51,563 - matplotlib.font_manager - WARNING - findfont: Font family 'Microsoft YaHei' not found.
2025-06-15 17:22:51,564 - matplotlib.font_manager - WARNING - findfont: Font family 'Microsoft YaHei' not found.
2025-06-15 17:22:51,565 - matplotlib.font_manager - WARNING - findfont: Font family 'Microsoft YaHei' not found.
2025-06-15 17:22:51,566 - matplotlib.font_manager - WARNING - findfont: Font family 'Microsoft YaHei' not found.
2025-06-15 17:22:51,567 - matplotlib.font_manager - WARNING - findfont: Font family 'Microsoft YaHei' not found.
2025-06-15 17:22:51,567 - matplotlib.font_manager - WARNING - findfont: Font family 'Microsoft YaHei' not found.
2025-06-15 17:22:51,567 - matplotlib.font_manager - WARNING - findfont: Font family 'Microsoft YaHei' not found.
2025-06-15 17:22:51,568 - matplotlib.font_manager - WARNING - findfont: Font family 'Microsoft YaHei' not found.
2025-06-15 17:22:51,568 - matplotlib.font_manager - WARNING - findfont: Font family 'Microsoft YaHei' not found.
2025-06-15 17:22:51,569 - matplotlib.font_manager - WARNING - findfont: Font family 'Microsoft YaHei' not found.
2025-06-15 17:22:51,570 - matplotlib.font_manager - WARNING - findfont: Font family 'Microsoft YaHei' not found.
2025-06-15 17:22:51,578 - matplotlib.font_manager - WARNING - findfont: Font family 'Microsoft YaHei' not found.
2025-06-15 17:22:51,579 - matplotlib.font_manager - WARNING - findfont: Font family 'Microsoft YaHei' not found.
2025-06-15 17:22:51,579 - matplotlib.font_manager - WARNING - findfont: Font family 'Microsoft YaHei' not found.
2025-06-15 17:22:51,579 - matplotlib.font_manager - WARNING - findfont: Font family 'Microsoft YaHei' not found.
2025-06-15 17:22:51,580 - matplotlib.font_manager - WARNING - findfont: Font family 'Microsoft YaHei' not found.
2025-06-15 17:22:51,580 - matplotlib.font_manager - WARNING - findfont: Font family 'Microsoft YaHei' not found.
2025-06-15 17:22:51,581 - matplotlib.font_manager - WARNING - findfont: Font family 'Microsoft YaHei' not found.
2025-06-15 17:22:51,582 - matplotlib.font_manager - WARNING - findfont: Font family 'Microsoft YaHei' not found.
2025-06-15 17:22:51,582 - matplotlib.font_manager - WARNING - findfont: Font family 'Microsoft YaHei' not found.
2025-06-15 17:22:51,583 - matplotlib.font_manager - WARNING - findfont: Font family 'Microsoft YaHei' not found.
2025-06-15 17:22:51,583 - matplotlib.font_manager - WARNING - findfont: Font family 'Microsoft YaHei' not found.
2025-06-15 17:22:51,583 - matplotlib.font_manager - WARNING - findfont: Font family 'Microsoft YaHei' not found.
2025-06-15 17:22:51,584 - matplotlib.font_manager - WARNING - findfont: Font family 'Microsoft YaHei' not found.
2025-06-15 17:22:51,585 - matplotlib.font_manager - WARNING - findfont: Font family 'Microsoft YaHei' not found.
2025-06-15 17:22:51,585 - matplotlib.font_manager - WARNING - findfont: Font family 'Microsoft YaHei' not found.
2025-06-15 17:22:51,591 - matplotlib.font_manager - WARNING - findfont: Font family 'Microsoft YaHei' not found.
2025-06-15 17:22:51,591 - matplotlib.font_manager - WARNING - findfont: Font family 'Microsoft YaHei' not found.
2025-06-15 17:22:51,591 - matplotlib.font_manager - WARNING - findfont: Font family 'Microsoft YaHei' not found.
2025-06-15 17:22:51,591 - matplotlib.font_manager - WARNING - findfont: Font family 'Microsoft YaHei' not found.
2025-06-15 17:22:51,591 - matplotlib.font_manager - WARNING - findfont: Font family 'Microsoft YaHei' not found.
2025-06-15 17:22:51,591 - matplotlib.font_manager - WARNING - findfont: Font family 'Microsoft YaHei' not found.
2025-06-15 17:22:51,592 - matplotlib.font_manager - WARNING - findfont: Font family 'Microsoft YaHei' not found.
2025-06-15 17:22:51,592 - matplotlib.font_manager - WARNING - findfont: Font family 'Microsoft YaHei' not found.
2025-06-15 17:22:51,593 - matplotlib.font_manager - WARNING - findfont: Font family 'Microsoft YaHei' not found.
2025-06-15 17:22:51,593 - matplotlib.font_manager - WARNING - findfont: Font family 'Microsoft YaHei' not found.
2025-06-15 17:22:51,594 - matplotlib.font_manager - WARNING - findfont: Font family 'Microsoft YaHei' not found.
2025-06-15 17:22:51,594 - matplotlib.font_manager - WARNING - findfont: Font family 'Microsoft YaHei' not found.
2025-06-15 17:22:51,594 - matplotlib.font_manager - WARNING - findfont: Font family 'Microsoft YaHei' not found.
2025-06-15 17:22:51,595 - matplotlib.font_manager - WARNING - findfont: Font family 'Microsoft YaHei' not found.
2025-06-15 17:22:51,595 - matplotlib.font_manager - WARNING - findfont: Font family 'Microsoft YaHei' not found.
2025-06-15 17:22:51,595 - matplotlib.font_manager - WARNING - findfont: Font family 'Microsoft YaHei' not found.
2025-06-15 17:22:51,596 - matplotlib.font_manager - WARNING - findfont: Font family 'Microsoft YaHei' not found.
2025-06-15 17:22:51,596 - matplotlib.font_manager - WARNING - findfont: Font family 'Microsoft YaHei' not found.
2025-06-15 17:22:51,597 - matplotlib.font_manager - WARNING - findfont: Font family 'Microsoft YaHei' not found.
2025-06-15 17:22:51,598 - matplotlib.font_manager - WARNING - findfont: Font family 'Microsoft YaHei' not found.
2025-06-15 17:22:51,598 - matplotlib.font_manager - WARNING - findfont: Font family 'Microsoft YaHei' not found.
2025-06-15 17:22:51,598 - matplotlib.font_manager - WARNING - findfont: Font family 'Microsoft YaHei' not found.
2025-06-15 17:22:51,598 - matplotlib.font_manager - WARNING - findfont: Font family 'Microsoft YaHei' not found.
2025-06-15 17:22:51,599 - matplotlib.font_manager - WARNING - findfont: Font family 'Microsoft YaHei' not found.
2025-06-15 17:22:51,600 - matplotlib.font_manager - WARNING - findfont: Font family 'Microsoft YaHei' not found.
2025-06-15 17:22:51,600 - matplotlib.font_manager - WARNING - findfont: Font family 'Microsoft YaHei' not found.
2025-06-15 17:22:51,610 - matplotlib.font_manager - WARNING - findfont: Font family 'Microsoft YaHei' not found.
2025-06-15 17:22:51,610 - matplotlib.font_manager - WARNING - findfont: Font family 'Microsoft YaHei' not found.
2025-06-15 17:22:51,611 - matplotlib.font_manager - WARNING - findfont: Font family 'Microsoft YaHei' not found.
2025-06-15 17:22:51,611 - matplotlib.font_manager - WARNING - findfont: Font family 'Microsoft YaHei' not found.
2025-06-15 17:22:51,611 - matplotlib.font_manager - WARNING - findfont: Font family 'Microsoft YaHei' not found.
2025-06-15 17:22:51,611 - matplotlib.font_manager - WARNING - findfont: Font family 'Microsoft YaHei' not found.
2025-06-15 17:22:51,613 - matplotlib.font_manager - WARNING - findfont: Font family 'Microsoft YaHei' not found.
2025-06-15 17:22:51,613 - matplotlib.font_manager - WARNING - findfont: Font family 'Microsoft YaHei' not found.
2025-06-15 17:22:51,614 - matplotlib.font_manager - WARNING - findfont: Font family 'Microsoft YaHei' not found.
2025-06-15 17:22:51,614 - matplotlib.font_manager - WARNING - findfont: Font family 'Microsoft YaHei' not found.
2025-06-15 17:22:51,614 - matplotlib.font_manager - WARNING - findfont: Font family 'Microsoft YaHei' not found.
2025-06-15 17:22:51,614 - matplotlib.font_manager - WARNING - findfont: Font family 'Microsoft YaHei' not found.
2025-06-15 17:22:51,615 - matplotlib.font_manager - WARNING - findfont: Font family 'Microsoft YaHei' not found.
2025-06-15 17:22:51,616 - matplotlib.font_manager - WARNING - findfont: Font family 'Microsoft YaHei' not found.
2025-06-15 17:22:51,616 - matplotlib.font_manager - WARNING - findfont: Font family 'Microsoft YaHei' not found.
2025-06-15 17:22:51,623 - matplotlib.font_manager - WARNING - findfont: Font family 'Microsoft YaHei' not found.
2025-06-15 17:22:51,624 - matplotlib.font_manager - WARNING - findfont: Font family 'Microsoft YaHei' not found.
2025-06-15 17:22:51,624 - matplotlib.font_manager - WARNING - findfont: Font family 'Microsoft YaHei' not found.
2025-06-15 17:22:51,624 - matplotlib.font_manager - WARNING - findfont: Font family 'Microsoft YaHei' not found.
2025-06-15 17:22:51,624 - matplotlib.font_manager - WARNING - findfont: Font family 'Microsoft YaHei' not found.
2025-06-15 17:22:51,625 - matplotlib.font_manager - WARNING - findfont: Font family 'Microsoft YaHei' not found.
2025-06-15 17:22:51,626 - matplotlib.font_manager - WARNING - findfont: Font family 'Microsoft YaHei' not found.
2025-06-15 17:22:51,627 - matplotlib.font_manager - WARNING - findfont: Font family 'Microsoft YaHei' not found.
2025-06-15 17:22:51,627 - matplotlib.font_manager - WARNING - findfont: Font family 'Microsoft YaHei' not found.
2025-06-15 17:22:51,627 - matplotlib.font_manager - WARNING - findfont: Font family 'Microsoft YaHei' not found.
2025-06-15 17:22:51,627 - matplotlib.font_manager - WARNING - findfont: Font family 'Microsoft YaHei' not found.
2025-06-15 17:22:51,628 - matplotlib.font_manager - WARNING - findfont: Font family 'Microsoft YaHei' not found.
2025-06-15 17:22:51,628 - matplotlib.font_manager - WARNING - findfont: Font family 'Microsoft YaHei' not found.
2025-06-15 17:22:51,629 - matplotlib.font_manager - WARNING - findfont: Font family 'Microsoft YaHei' not found.
2025-06-15 17:22:51,629 - matplotlib.font_manager - WARNING - findfont: Font family 'Microsoft YaHei' not found.
2025-06-15 17:22:51,636 - matplotlib.font_manager - WARNING - findfont: Font family 'Microsoft YaHei' not found.
2025-06-15 17:22:51,637 - matplotlib.font_manager - WARNING - findfont: Font family 'Microsoft YaHei' not found.
2025-06-15 17:22:51,637 - matplotlib.font_manager - WARNING - findfont: Font family 'Microsoft YaHei' not found.
2025-06-15 17:22:51,637 - matplotlib.font_manager - WARNING - findfont: Font family 'Microsoft YaHei' not found.
2025-06-15 17:22:51,638 - matplotlib.font_manager - WARNING - findfont: Font family 'Microsoft YaHei' not found.
2025-06-15 17:22:51,638 - matplotlib.font_manager - WARNING - findfont: Font family 'Microsoft YaHei' not found.
2025-06-15 17:22:51,639 - matplotlib.font_manager - WARNING - findfont: Font family 'Microsoft YaHei' not found.
2025-06-15 17:22:51,640 - matplotlib.font_manager - WARNING - findfont: Font family 'Microsoft YaHei' not found.
2025-06-15 17:22:51,640 - matplotlib.font_manager - WARNING - findfont: Font family 'Microsoft YaHei' not found.
2025-06-15 17:22:51,640 - matplotlib.font_manager - WARNING - findfont: Font family 'Microsoft YaHei' not found.
2025-06-15 17:22:51,641 - matplotlib.font_manager - WARNING - findfont: Font family 'Microsoft YaHei' not found.
2025-06-15 17:22:51,641 - matplotlib.font_manager - WARNING - findfont: Font family 'Microsoft YaHei' not found.
2025-06-15 17:22:51,641 - matplotlib.font_manager - WARNING - findfont: Font family 'Microsoft YaHei' not found.
2025-06-15 17:22:51,642 - matplotlib.font_manager - WARNING - findfont: Font family 'Microsoft YaHei' not found.
2025-06-15 17:22:51,643 - matplotlib.font_manager - WARNING - findfont: Font family 'Microsoft YaHei' not found.
2025-06-15 17:22:51,649 - matplotlib.font_manager - WARNING - findfont: Font family 'Microsoft YaHei' not found.
2025-06-15 17:22:51,649 - matplotlib.font_manager - WARNING - findfont: Font family 'Microsoft YaHei' not found.
2025-06-15 17:22:51,649 - matplotlib.font_manager - WARNING - findfont: Font family 'Microsoft YaHei' not found.
2025-06-15 17:22:51,649 - matplotlib.font_manager - WARNING - findfont: Font family 'Microsoft YaHei' not found.
2025-06-15 17:22:51,649 - matplotlib.font_manager - WARNING - findfont: Font family 'Microsoft YaHei' not found.
2025-06-15 17:22:51,649 - matplotlib.font_manager - WARNING - findfont: Font family 'Microsoft YaHei' not found.
2025-06-15 17:22:51,649 - matplotlib.font_manager - WARNING - findfont: Font family 'Microsoft YaHei' not found.
2025-06-15 17:22:51,650 - matplotlib.font_manager - WARNING - findfont: Font family 'Microsoft YaHei' not found.
2025-06-15 17:22:51,650 - matplotlib.font_manager - WARNING - findfont: Font family 'Microsoft YaHei' not found.
2025-06-15 17:22:51,650 - matplotlib.font_manager - WARNING - findfont: Font family 'Microsoft YaHei' not found.
2025-06-15 17:22:51,652 - matplotlib.font_manager - WARNING - findfont: Font family 'Microsoft YaHei' not found.
2025-06-15 17:22:51,652 - matplotlib.font_manager - WARNING - findfont: Font family 'Microsoft YaHei' not found.
2025-06-15 17:22:51,652 - matplotlib.font_manager - WARNING - findfont: Font family 'Microsoft YaHei' not found.
2025-06-15 17:22:51,652 - matplotlib.font_manager - WARNING - findfont: Font family 'Microsoft YaHei' not found.
2025-06-15 17:22:51,653 - matplotlib.font_manager - WARNING - findfont: Font family 'Microsoft YaHei' not found.
2025-06-15 17:22:51,653 - matplotlib.font_manager - WARNING - findfont: Font family 'Microsoft YaHei' not found.
2025-06-15 17:22:51,654 - matplotlib.font_manager - WARNING - findfont: Font family 'Microsoft YaHei' not found.
2025-06-15 17:22:51,654 - matplotlib.font_manager - WARNING - findfont: Font family 'Microsoft YaHei' not found.
2025-06-15 17:22:51,655 - matplotlib.font_manager - WARNING - findfont: Font family 'Microsoft YaHei' not found.
2025-06-15 17:22:51,655 - matplotlib.font_manager - WARNING - findfont: Font family 'Microsoft YaHei' not found.
2025-06-15 17:22:51,655 - matplotlib.font_manager - WARNING - findfont: Font family 'Microsoft YaHei' not found.
2025-06-15 17:22:51,656 - matplotlib.font_manager - WARNING - findfont: Font family 'Microsoft YaHei' not found.
2025-06-15 17:22:51,656 - matplotlib.font_manager - WARNING - findfont: Font family 'Microsoft YaHei' not found.
2025-06-15 17:22:51,656 - matplotlib.font_manager - WARNING - findfont: Font family 'Microsoft YaHei' not found.
2025-06-15 17:22:51,657 - matplotlib.font_manager - WARNING - findfont: Font family 'Microsoft YaHei' not found.
2025-06-15 17:22:51,658 - matplotlib.font_manager - WARNING - findfont: Font family 'Microsoft YaHei' not found.
2025-06-15 17:22:55,660 - root - INFO - plot_trace: Trace data min: -4078.0684379010513, max: 4802.88329480054, shape: (4000,)
2025-06-15 17:22:55,665 - matplotlib.font_manager - WARNING - findfont: Font family 'Microsoft YaHei' not found.
2025-06-15 17:22:55,665 - matplotlib.font_manager - WARNING - findfont: Font family 'Microsoft YaHei' not found.
2025-06-15 17:22:55,666 - matplotlib.font_manager - WARNING - findfont: Font family 'Microsoft YaHei' not found.
2025-06-15 17:22:55,666 - matplotlib.font_manager - WARNING - findfont: Font family 'Microsoft YaHei' not found.
2025-06-15 17:22:55,666 - matplotlib.font_manager - WARNING - findfont: Font family 'Microsoft YaHei' not found.
2025-06-15 17:22:55,671 - matplotlib.font_manager - WARNING - findfont: Font family 'Microsoft YaHei' not found.
2025-06-15 17:22:55,671 - matplotlib.font_manager - WARNING - findfont: Font family 'Microsoft YaHei' not found.
2025-06-15 17:22:55,671 - matplotlib.font_manager - WARNING - findfont: Font family 'Microsoft YaHei' not found.
2025-06-15 17:22:55,671 - matplotlib.font_manager - WARNING - findfont: Font family 'Microsoft YaHei' not found.
2025-06-15 17:22:55,671 - matplotlib.font_manager - WARNING - findfont: Font family 'Microsoft YaHei' not found.
2025-06-15 17:22:55,671 - matplotlib.font_manager - WARNING - findfont: Font family 'Microsoft YaHei' not found.
2025-06-15 17:22:55,672 - matplotlib.font_manager - WARNING - findfont: Font family 'Microsoft YaHei' not found.
2025-06-15 17:22:55,672 - matplotlib.font_manager - WARNING - findfont: Font family 'Microsoft YaHei' not found.
2025-06-15 17:22:55,672 - matplotlib.font_manager - WARNING - findfont: Font family 'Microsoft YaHei' not found.
2025-06-15 17:22:55,672 - matplotlib.font_manager - WARNING - findfont: Font family 'Microsoft YaHei' not found.
2025-06-15 17:22:55,673 - matplotlib.font_manager - WARNING - findfont: Font family 'Microsoft YaHei' not found.
2025-06-15 17:22:55,673 - matplotlib.font_manager - WARNING - findfont: Font family 'Microsoft YaHei' not found.
2025-06-15 17:22:55,673 - matplotlib.font_manager - WARNING - findfont: Font family 'Microsoft YaHei' not found.
2025-06-15 17:22:55,674 - matplotlib.font_manager - WARNING - findfont: Font family 'Microsoft YaHei' not found.
2025-06-15 17:22:55,674 - matplotlib.font_manager - WARNING - findfont: Font family 'Microsoft YaHei' not found.
2025-06-15 17:22:55,674 - matplotlib.font_manager - WARNING - findfont: Font family 'Microsoft YaHei' not found.
2025-06-15 17:22:55,674 - matplotlib.font_manager - WARNING - findfont: Font family 'Microsoft YaHei' not found.
2025-06-15 17:22:55,676 - matplotlib.font_manager - WARNING - findfont: Font family 'Microsoft YaHei' not found.
2025-06-15 17:22:55,677 - matplotlib.font_manager - WARNING - findfont: Font family 'Microsoft YaHei' not found.
2025-06-15 17:22:55,677 - matplotlib.font_manager - WARNING - findfont: Font family 'Microsoft YaHei' not found.
2025-06-15 17:22:55,677 - matplotlib.font_manager - WARNING - findfont: Font family 'Microsoft YaHei' not found.
2025-06-15 17:22:55,678 - matplotlib.font_manager - WARNING - findfont: Font family 'Microsoft YaHei' not found.
2025-06-15 17:22:55,678 - matplotlib.font_manager - WARNING - findfont: Font family 'Microsoft YaHei' not found.
2025-06-15 17:22:55,679 - matplotlib.font_manager - WARNING - findfont: Font family 'Microsoft YaHei' not found.
2025-06-15 17:22:55,683 - matplotlib.font_manager - WARNING - findfont: Font family 'Microsoft YaHei' not found.
2025-06-15 17:23:01,490 - matplotlib.font_manager - WARNING - findfont: Font family 'Microsoft YaHei' not found.
2025-06-15 17:23:01,491 - matplotlib.font_manager - WARNING - findfont: Font family 'Microsoft YaHei' not found.
2025-06-15 17:23:01,491 - matplotlib.font_manager - WARNING - findfont: Font family 'Microsoft YaHei' not found.
2025-06-15 17:23:01,491 - matplotlib.font_manager - WARNING - findfont: Font family 'Microsoft YaHei' not found.
2025-06-15 17:23:01,492 - matplotlib.font_manager - WARNING - findfont: Font family 'Microsoft YaHei' not found.
2025-06-15 17:23:01,492 - matplotlib.font_manager - WARNING - findfont: Font family 'Microsoft YaHei' not found.
2025-06-15 17:23:01,495 - matplotlib.font_manager - WARNING - findfont: Font family 'Microsoft YaHei' not found.
2025-06-15 17:23:01,496 - matplotlib.font_manager - WARNING - findfont: Font family 'Microsoft YaHei' not found.
2025-06-15 17:23:01,496 - matplotlib.font_manager - WARNING - findfont: Font family 'Microsoft YaHei' not found.
2025-06-15 17:23:01,496 - matplotlib.font_manager - WARNING - findfont: Font family 'Microsoft YaHei' not found.
2025-06-15 17:23:01,496 - matplotlib.font_manager - WARNING - findfont: Font family 'Microsoft YaHei' not found.
2025-06-15 17:23:01,497 - matplotlib.font_manager - WARNING - findfont: Font family 'Microsoft YaHei' not found.
2025-06-15 17:23:01,498 - matplotlib.font_manager - WARNING - findfont: Font family 'Microsoft YaHei' not found.
2025-06-15 17:23:01,498 - matplotlib.font_manager - WARNING - findfont: Font family 'Microsoft YaHei' not found.
2025-06-15 17:23:01,499 - matplotlib.font_manager - WARNING - findfont: Font family 'Microsoft YaHei' not found.
2025-06-15 17:23:01,500 - matplotlib.font_manager - WARNING - findfont: Font family 'Microsoft YaHei' not found.
2025-06-15 17:23:01,502 - matplotlib.font_manager - WARNING - findfont: Font family 'Microsoft YaHei' not found.
2025-06-15 17:23:01,504 - matplotlib.font_manager - WARNING - findfont: Font family 'Microsoft YaHei' not found.
2025-06-15 17:23:01,504 - matplotlib.font_manager - WARNING - findfont: Font family 'Microsoft YaHei' not found.
2025-06-15 17:23:01,505 - matplotlib.font_manager - WARNING - findfont: Font family 'Microsoft YaHei' not found.
2025-06-15 17:23:01,505 - matplotlib.font_manager - WARNING - findfont: Font family 'Microsoft YaHei' not found.
2025-06-15 17:23:01,506 - matplotlib.font_manager - WARNING - findfont: Font family 'Microsoft YaHei' not found.
2025-06-15 17:23:01,506 - matplotlib.font_manager - WARNING - findfont: Font family 'Microsoft YaHei' not found.
2025-06-15 17:23:01,506 - matplotlib.font_manager - WARNING - findfont: Font family 'Microsoft YaHei' not found.
2025-06-15 17:23:01,509 - matplotlib.font_manager - WARNING - findfont: Font family 'Microsoft YaHei' not found.
2025-06-15 17:23:01,511 - matplotlib.font_manager - WARNING - findfont: Font family 'Microsoft YaHei' not found.
2025-06-15 17:23:04,141 - root - INFO - reset_view: Trace data min: -4078.0684379010513, max: 4802.88329480054, shape: (4000,)
2025-06-15 17:23:04,149 - matplotlib.font_manager - WARNING - findfont: Font family 'Microsoft YaHei' not found.
2025-06-15 17:23:04,150 - matplotlib.font_manager - WARNING - findfont: Font family 'Microsoft YaHei' not found.
2025-06-15 17:23:04,150 - matplotlib.font_manager - WARNING - findfont: Font family 'Microsoft YaHei' not found.
2025-06-15 17:23:04,150 - matplotlib.font_manager - WARNING - findfont: Font family 'Microsoft YaHei' not found.
2025-06-15 17:23:04,150 - matplotlib.font_manager - WARNING - findfont: Font family 'Microsoft YaHei' not found.
2025-06-15 17:23:04,151 - matplotlib.font_manager - WARNING - findfont: Font family 'Microsoft YaHei' not found.
2025-06-15 17:23:04,151 - matplotlib.font_manager - WARNING - findfont: Font family 'Microsoft YaHei' not found.
2025-06-15 17:23:04,151 - matplotlib.font_manager - WARNING - findfont: Font family 'Microsoft YaHei' not found.
2025-06-15 17:23:04,152 - matplotlib.font_manager - WARNING - findfont: Font family 'Microsoft YaHei' not found.
2025-06-15 17:23:04,153 - matplotlib.font_manager - WARNING - findfont: Font family 'Microsoft YaHei' not found.
2025-06-15 17:23:04,154 - matplotlib.font_manager - WARNING - findfont: Font family 'Microsoft YaHei' not found.
2025-06-15 17:23:04,154 - matplotlib.font_manager - WARNING - findfont: Font family 'Microsoft YaHei' not found.
2025-06-15 17:23:04,154 - matplotlib.font_manager - WARNING - findfont: Font family 'Microsoft YaHei' not found.
2025-06-15 17:23:04,154 - matplotlib.font_manager - WARNING - findfont: Font family 'Microsoft YaHei' not found.
2025-06-15 17:23:04,155 - matplotlib.font_manager - WARNING - findfont: Font family 'Microsoft YaHei' not found.
2025-06-15 17:23:04,159 - matplotlib.font_manager - WARNING - findfont: Font family 'Microsoft YaHei' not found.
2025-06-15 17:23:07,624 - matplotlib.font_manager - WARNING - findfont: Font family 'Microsoft YaHei' not found.
2025-06-15 17:23:07,626 - matplotlib.font_manager - WARNING - findfont: Font family 'Microsoft YaHei' not found.
2025-06-15 17:23:07,626 - matplotlib.font_manager - WARNING - findfont: Font family 'Microsoft YaHei' not found.
2025-06-15 17:23:07,629 - matplotlib.font_manager - WARNING - findfont: Font family 'Microsoft YaHei' not found.
2025-06-15 17:23:07,630 - matplotlib.font_manager - WARNING - findfont: Font family 'Microsoft YaHei' not found.
2025-06-15 17:23:07,631 - matplotlib.font_manager - WARNING - findfont: Font family 'Microsoft YaHei' not found.
2025-06-15 17:23:07,631 - matplotlib.font_manager - WARNING - findfont: Font family 'Microsoft YaHei' not found.
2025-06-15 17:23:07,632 - matplotlib.font_manager - WARNING - findfont: Font family 'Microsoft YaHei' not found.
2025-06-15 17:23:07,632 - matplotlib.font_manager - WARNING - findfont: Font family 'Microsoft YaHei' not found.
2025-06-15 17:23:07,633 - matplotlib.font_manager - WARNING - findfont: Font family 'Microsoft YaHei' not found.
2025-06-15 17:23:07,633 - matplotlib.font_manager - WARNING - findfont: Font family 'Microsoft YaHei' not found.
2025-06-15 17:23:07,634 - matplotlib.font_manager - WARNING - findfont: Font family 'Microsoft YaHei' not found.
2025-06-15 17:23:07,636 - matplotlib.font_manager - WARNING - findfont: Font family 'Microsoft YaHei' not found.
2025-06-15 17:23:07,637 - matplotlib.font_manager - WARNING - findfont: Font family 'Microsoft YaHei' not found.
2025-06-15 17:23:07,638 - matplotlib.font_manager - WARNING - findfont: Font family 'Microsoft YaHei' not found.
2025-06-15 17:23:07,638 - matplotlib.font_manager - WARNING - findfont: Font family 'Microsoft YaHei' not found.
2025-06-15 17:23:07,639 - matplotlib.font_manager - WARNING - findfont: Font family 'Microsoft YaHei' not found.
2025-06-15 17:23:07,639 - matplotlib.font_manager - WARNING - findfont: Font family 'Microsoft YaHei' not found.
2025-06-15 17:23:07,640 - matplotlib.font_manager - WARNING - findfont: Font family 'Microsoft YaHei' not found.
2025-06-15 17:23:07,641 - matplotlib.font_manager - WARNING - findfont: Font family 'Microsoft YaHei' not found.
2025-06-15 17:23:07,643 - matplotlib.font_manager - WARNING - findfont: Font family 'Microsoft YaHei' not found.
