2025-06-15 17:18:16,052 - root - INFO - Chinese font set to: Microsoft YaHei
2025-06-15 17:18:16,054 - matplotlib.font_manager - WARNING - findfont: Font family ['Microsoft YaHei'] not found. Falling back to DejaVu Sans.
2025-06-15 17:18:16,216 - matplotlib.font_manager - WARNING - findfont: Font family 'Microsoft YaHei' not found.
2025-06-15 17:18:16,218 - matplotlib.font_manager - WARNING - findfont: Font family 'Microsoft YaHei' not found.
2025-06-15 17:18:16,218 - matplotlib.font_manager - WARNING - findfont: Font family 'Microsoft YaHei' not found.
2025-06-15 17:18:16,218 - matplotlib.font_manager - WARNING - findfont: Font family 'Microsoft YaHei' not found.
2025-06-15 17:18:16,218 - matplotlib.font_manager - WARNING - findfont: Font family 'Microsoft YaHei' not found.
2025-06-15 17:18:16,219 - matplotlib.font_manager - WARNING - findfont: Font family 'Microsoft YaHei' not found.
2025-06-15 17:18:16,219 - matplotlib.font_manager - WARNING - findfont: Font family 'Microsoft YaHei' not found.
2025-06-15 17:18:16,220 - matplotlib.font_manager - WARNING - findfont: Font family 'Microsoft YaHei' not found.
2025-06-15 17:18:16,220 - matplotlib.font_manager - WARNING - findfont: Font family 'Microsoft YaHei' not found.
2025-06-15 17:18:16,220 - matplotlib.font_manager - WARNING - findfont: Font family 'Microsoft YaHei' not found.
2025-06-15 17:18:16,220 - matplotlib.font_manager - WARNING - findfont: Font family 'Microsoft YaHei' not found.
2025-06-15 17:18:16,220 - matplotlib.font_manager - WARNING - findfont: Font family 'Microsoft YaHei' not found.
2025-06-15 17:18:16,221 - matplotlib.font_manager - WARNING - findfont: Font family 'Microsoft YaHei' not found.
2025-06-15 17:18:16,224 - matplotlib.font_manager - WARNING - findfont: Font family 'Microsoft YaHei' not found.
2025-06-15 17:18:16,224 - matplotlib.font_manager - WARNING - findfont: Font family 'Microsoft YaHei' not found.
2025-06-15 17:18:16,225 - matplotlib.font_manager - WARNING - findfont: Font family 'Microsoft YaHei' not found.
2025-06-15 17:18:16,225 - matplotlib.font_manager - WARNING - findfont: Font family 'Microsoft YaHei' not found.
2025-06-15 17:18:16,225 - matplotlib.font_manager - WARNING - findfont: Font family 'Microsoft YaHei' not found.
2025-06-15 17:18:16,225 - matplotlib.font_manager - WARNING - findfont: Font family 'Microsoft YaHei' not found.
2025-06-15 17:18:16,263 - matplotlib.font_manager - WARNING - findfont: Font family 'Microsoft YaHei' not found.
2025-06-15 17:18:16,263 - matplotlib.font_manager - WARNING - findfont: Font family 'Microsoft YaHei' not found.
2025-06-15 17:18:16,263 - matplotlib.font_manager - WARNING - findfont: Font family 'Microsoft YaHei' not found.
2025-06-15 17:18:16,264 - matplotlib.font_manager - WARNING - findfont: Font family 'Microsoft YaHei' not found.
2025-06-15 17:18:16,264 - matplotlib.font_manager - WARNING - findfont: Font family 'Microsoft YaHei' not found.
2025-06-15 17:18:16,264 - matplotlib.font_manager - WARNING - findfont: Font family 'Microsoft YaHei' not found.
2025-06-15 17:18:16,264 - matplotlib.font_manager - WARNING - findfont: Font family 'Microsoft YaHei' not found.
2025-06-15 17:18:16,265 - matplotlib.font_manager - WARNING - findfont: Font family 'Microsoft YaHei' not found.
2025-06-15 17:18:16,266 - matplotlib.font_manager - WARNING - findfont: Font family 'Microsoft YaHei' not found.
2025-06-15 17:18:16,267 - matplotlib.font_manager - WARNING - findfont: Font family 'Microsoft YaHei' not found.
2025-06-15 17:18:16,269 - matplotlib.font_manager - WARNING - findfont: Font family 'Microsoft YaHei' not found.
2025-06-15 17:18:16,269 - matplotlib.font_manager - WARNING - findfont: Font family 'Microsoft YaHei' not found.
2025-06-15 17:18:16,269 - matplotlib.font_manager - WARNING - findfont: Font family 'Microsoft YaHei' not found.
2025-06-15 17:18:16,270 - matplotlib.font_manager - WARNING - findfont: Font family 'Microsoft YaHei' not found.
2025-06-15 17:18:16,270 - matplotlib.font_manager - WARNING - findfont: Font family 'Microsoft YaHei' not found.
2025-06-15 17:18:16,270 - matplotlib.font_manager - WARNING - findfont: Font family 'Microsoft YaHei' not found.
2025-06-15 17:18:16,271 - matplotlib.font_manager - WARNING - findfont: Font family 'Microsoft YaHei' not found.
2025-06-15 17:18:16,271 - matplotlib.font_manager - WARNING - findfont: Font family 'Microsoft YaHei' not found.
2025-06-15 17:18:16,272 - matplotlib.font_manager - WARNING - findfont: Font family 'Microsoft YaHei' not found.
2025-06-15 17:18:16,273 - matplotlib.font_manager - WARNING - findfont: Font family 'Microsoft YaHei' not found.
2025-06-15 17:18:16,273 - matplotlib.font_manager - WARNING - findfont: Font family 'Microsoft YaHei' not found.
2025-06-15 17:18:16,273 - matplotlib.font_manager - WARNING - findfont: Font family 'Microsoft YaHei' not found.
2025-06-15 17:18:16,273 - matplotlib.font_manager - WARNING - findfont: Font family 'Microsoft YaHei' not found.
2025-06-15 17:18:16,274 - matplotlib.font_manager - WARNING - findfont: Font family 'Microsoft YaHei' not found.
2025-06-15 17:18:16,275 - matplotlib.font_manager - WARNING - findfont: Font family 'Microsoft YaHei' not found.
2025-06-15 17:18:16,275 - matplotlib.font_manager - WARNING - findfont: Font family 'Microsoft YaHei' not found.
2025-06-15 17:18:20,716 - root - INFO - plot_trace: Trace data min: -4078.0684379010513, max: 4802.88329480054, shape: (4000,)
2025-06-15 17:18:20,721 - matplotlib.font_manager - WARNING - findfont: Font family 'Microsoft YaHei' not found.
2025-06-15 17:18:20,722 - matplotlib.font_manager - WARNING - findfont: Font family 'Microsoft YaHei' not found.
2025-06-15 17:18:20,722 - matplotlib.font_manager - WARNING - findfont: Font family 'Microsoft YaHei' not found.
2025-06-15 17:18:20,722 - matplotlib.font_manager - WARNING - findfont: Font family 'Microsoft YaHei' not found.
2025-06-15 17:18:20,722 - matplotlib.font_manager - WARNING - findfont: Font family 'Microsoft YaHei' not found.
2025-06-15 17:18:20,727 - matplotlib.font_manager - WARNING - findfont: Font family 'Microsoft YaHei' not found.
2025-06-15 17:18:20,727 - matplotlib.font_manager - WARNING - findfont: Font family 'Microsoft YaHei' not found.
2025-06-15 17:18:20,727 - matplotlib.font_manager - WARNING - findfont: Font family 'Microsoft YaHei' not found.
2025-06-15 17:18:20,727 - matplotlib.font_manager - WARNING - findfont: Font family 'Microsoft YaHei' not found.
2025-06-15 17:18:20,727 - matplotlib.font_manager - WARNING - findfont: Font family 'Microsoft YaHei' not found.
2025-06-15 17:18:20,728 - matplotlib.font_manager - WARNING - findfont: Font family 'Microsoft YaHei' not found.
2025-06-15 17:18:20,728 - matplotlib.font_manager - WARNING - findfont: Font family 'Microsoft YaHei' not found.
2025-06-15 17:18:20,728 - matplotlib.font_manager - WARNING - findfont: Font family 'Microsoft YaHei' not found.
2025-06-15 17:18:20,728 - matplotlib.font_manager - WARNING - findfont: Font family 'Microsoft YaHei' not found.
2025-06-15 17:18:20,729 - matplotlib.font_manager - WARNING - findfont: Font family 'Microsoft YaHei' not found.
2025-06-15 17:18:20,729 - matplotlib.font_manager - WARNING - findfont: Font family 'Microsoft YaHei' not found.
2025-06-15 17:18:20,729 - matplotlib.font_manager - WARNING - findfont: Font family 'Microsoft YaHei' not found.
2025-06-15 17:18:20,729 - matplotlib.font_manager - WARNING - findfont: Font family 'Microsoft YaHei' not found.
2025-06-15 17:18:20,730 - matplotlib.font_manager - WARNING - findfont: Font family 'Microsoft YaHei' not found.
2025-06-15 17:18:20,730 - matplotlib.font_manager - WARNING - findfont: Font family 'Microsoft YaHei' not found.
2025-06-15 17:18:20,730 - matplotlib.font_manager - WARNING - findfont: Font family 'Microsoft YaHei' not found.
2025-06-15 17:18:20,730 - matplotlib.font_manager - WARNING - findfont: Font family 'Microsoft YaHei' not found.
2025-06-15 17:18:20,732 - matplotlib.font_manager - WARNING - findfont: Font family 'Microsoft YaHei' not found.
2025-06-15 17:18:20,733 - matplotlib.font_manager - WARNING - findfont: Font family 'Microsoft YaHei' not found.
2025-06-15 17:18:20,733 - matplotlib.font_manager - WARNING - findfont: Font family 'Microsoft YaHei' not found.
2025-06-15 17:18:20,733 - matplotlib.font_manager - WARNING - findfont: Font family 'Microsoft YaHei' not found.
2025-06-15 17:18:20,734 - matplotlib.font_manager - WARNING - findfont: Font family 'Microsoft YaHei' not found.
2025-06-15 17:18:20,734 - matplotlib.font_manager - WARNING - findfont: Font family 'Microsoft YaHei' not found.
2025-06-15 17:18:20,735 - matplotlib.font_manager - WARNING - findfont: Font family 'Microsoft YaHei' not found.
2025-06-15 17:18:20,739 - matplotlib.font_manager - WARNING - findfont: Font family 'Microsoft YaHei' not found.
2025-06-15 17:18:22,164 - matplotlib.font_manager - WARNING - findfont: Font family 'Microsoft YaHei' not found.
2025-06-15 17:18:22,164 - matplotlib.font_manager - WARNING - findfont: Font family 'Microsoft YaHei' not found.
2025-06-15 17:18:22,164 - matplotlib.font_manager - WARNING - findfont: Font family 'Microsoft YaHei' not found.
2025-06-15 17:18:22,165 - matplotlib.font_manager - WARNING - findfont: Font family 'Microsoft YaHei' not found.
2025-06-15 17:18:22,165 - matplotlib.font_manager - WARNING - findfont: Font family 'Microsoft YaHei' not found.
2025-06-15 17:18:22,165 - matplotlib.font_manager - WARNING - findfont: Font family 'Microsoft YaHei' not found.
2025-06-15 17:18:22,170 - matplotlib.font_manager - WARNING - findfont: Font family 'Microsoft YaHei' not found.
2025-06-15 17:18:22,170 - matplotlib.font_manager - WARNING - findfont: Font family 'Microsoft YaHei' not found.
2025-06-15 17:18:22,171 - matplotlib.font_manager - WARNING - findfont: Font family 'Microsoft YaHei' not found.
2025-06-15 17:18:22,171 - matplotlib.font_manager - WARNING - findfont: Font family 'Microsoft YaHei' not found.
2025-06-15 17:18:22,171 - matplotlib.font_manager - WARNING - findfont: Font family 'Microsoft YaHei' not found.
2025-06-15 17:18:22,171 - matplotlib.font_manager - WARNING - findfont: Font family 'Microsoft YaHei' not found.
2025-06-15 17:18:22,183 - root - INFO - plot_trace: Trace data min: -4078.0684379010513, max: 4802.88329480054, shape: (4000,)
2025-06-15 17:18:22,192 - matplotlib.font_manager - WARNING - findfont: Font family 'Microsoft YaHei' not found.
2025-06-15 17:18:22,193 - matplotlib.font_manager - WARNING - findfont: Font family 'Microsoft YaHei' not found.
2025-06-15 17:18:22,193 - matplotlib.font_manager - WARNING - findfont: Font family 'Microsoft YaHei' not found.
2025-06-15 17:18:22,193 - matplotlib.font_manager - WARNING - findfont: Font family 'Microsoft YaHei' not found.
2025-06-15 17:18:22,194 - matplotlib.font_manager - WARNING - findfont: Font family 'Microsoft YaHei' not found.
2025-06-15 17:18:22,194 - matplotlib.font_manager - WARNING - findfont: Font family 'Microsoft YaHei' not found.
2025-06-15 17:18:22,194 - matplotlib.font_manager - WARNING - findfont: Font family 'Microsoft YaHei' not found.
2025-06-15 17:18:22,194 - matplotlib.font_manager - WARNING - findfont: Font family 'Microsoft YaHei' not found.
2025-06-15 17:18:22,195 - matplotlib.font_manager - WARNING - findfont: Font family 'Microsoft YaHei' not found.
2025-06-15 17:18:22,196 - matplotlib.font_manager - WARNING - findfont: Font family 'Microsoft YaHei' not found.
2025-06-15 17:18:22,197 - matplotlib.font_manager - WARNING - findfont: Font family 'Microsoft YaHei' not found.
2025-06-15 17:18:22,197 - matplotlib.font_manager - WARNING - findfont: Font family 'Microsoft YaHei' not found.
2025-06-15 17:18:22,198 - matplotlib.font_manager - WARNING - findfont: Font family 'Microsoft YaHei' not found.
2025-06-15 17:18:22,198 - matplotlib.font_manager - WARNING - findfont: Font family 'Microsoft YaHei' not found.
2025-06-15 17:18:22,198 - matplotlib.font_manager - WARNING - findfont: Font family 'Microsoft YaHei' not found.
2025-06-15 17:18:22,199 - matplotlib.font_manager - WARNING - findfont: Font family 'Microsoft YaHei' not found.
2025-06-15 17:18:22,203 - matplotlib.font_manager - WARNING - findfont: Font family 'Microsoft YaHei' not found.
2025-06-15 17:18:22,209 - matplotlib.font_manager - WARNING - findfont: Font family 'Microsoft YaHei' not found.
2025-06-15 17:18:22,210 - matplotlib.font_manager - WARNING - findfont: Font family 'Microsoft YaHei' not found.
2025-06-15 17:18:22,210 - matplotlib.font_manager - WARNING - findfont: Font family 'Microsoft YaHei' not found.
2025-06-15 17:18:22,210 - matplotlib.font_manager - WARNING - findfont: Font family 'Microsoft YaHei' not found.
2025-06-15 17:18:22,211 - matplotlib.font_manager - WARNING - findfont: Font family 'Microsoft YaHei' not found.
2025-06-15 17:18:22,211 - matplotlib.font_manager - WARNING - findfont: Font family 'Microsoft YaHei' not found.
2025-06-15 17:18:22,211 - matplotlib.font_manager - WARNING - findfont: Font family 'Microsoft YaHei' not found.
2025-06-15 17:18:22,211 - matplotlib.font_manager - WARNING - findfont: Font family 'Microsoft YaHei' not found.
2025-06-15 17:18:22,212 - matplotlib.font_manager - WARNING - findfont: Font family 'Microsoft YaHei' not found.
2025-06-15 17:18:22,213 - matplotlib.font_manager - WARNING - findfont: Font family 'Microsoft YaHei' not found.
2025-06-15 17:18:22,214 - matplotlib.font_manager - WARNING - findfont: Font family 'Microsoft YaHei' not found.
2025-06-15 17:18:22,214 - matplotlib.font_manager - WARNING - findfont: Font family 'Microsoft YaHei' not found.
2025-06-15 17:18:22,215 - matplotlib.font_manager - WARNING - findfont: Font family 'Microsoft YaHei' not found.
2025-06-15 17:18:22,215 - matplotlib.font_manager - WARNING - findfont: Font family 'Microsoft YaHei' not found.
2025-06-15 17:18:22,215 - matplotlib.font_manager - WARNING - findfont: Font family 'Microsoft YaHei' not found.
2025-06-15 17:18:22,216 - matplotlib.font_manager - WARNING - findfont: Font family 'Microsoft YaHei' not found.
2025-06-15 17:18:22,220 - matplotlib.font_manager - WARNING - findfont: Font family 'Microsoft YaHei' not found.
2025-06-15 17:18:24,156 - matplotlib.font_manager - WARNING - findfont: Font family 'Microsoft YaHei' not found.
2025-06-15 17:18:24,157 - matplotlib.font_manager - WARNING - findfont: Font family 'Microsoft YaHei' not found.
2025-06-15 17:18:24,157 - matplotlib.font_manager - WARNING - findfont: Font family 'Microsoft YaHei' not found.
2025-06-15 17:18:24,158 - matplotlib.font_manager - WARNING - findfont: Font family 'Microsoft YaHei' not found.
2025-06-15 17:18:24,158 - matplotlib.font_manager - WARNING - findfont: Font family 'Microsoft YaHei' not found.
2025-06-15 17:18:24,159 - matplotlib.font_manager - WARNING - findfont: Font family 'Microsoft YaHei' not found.
2025-06-15 17:18:24,159 - matplotlib.font_manager - WARNING - findfont: Font family 'Microsoft YaHei' not found.
2025-06-15 17:18:24,160 - matplotlib.font_manager - WARNING - findfont: Font family 'Microsoft YaHei' not found.
2025-06-15 17:18:24,160 - matplotlib.font_manager - WARNING - findfont: Font family 'Microsoft YaHei' not found.
2025-06-15 17:18:24,162 - matplotlib.font_manager - WARNING - findfont: Font family 'Microsoft YaHei' not found.
2025-06-15 17:18:24,164 - matplotlib.font_manager - WARNING - findfont: Font family 'Microsoft YaHei' not found.
2025-06-15 17:18:24,164 - matplotlib.font_manager - WARNING - findfont: Font family 'Microsoft YaHei' not found.
2025-06-15 17:18:24,165 - matplotlib.font_manager - WARNING - findfont: Font family 'Microsoft YaHei' not found.
2025-06-15 17:18:24,165 - matplotlib.font_manager - WARNING - findfont: Font family 'Microsoft YaHei' not found.
2025-06-15 17:18:24,166 - matplotlib.font_manager - WARNING - findfont: Font family 'Microsoft YaHei' not found.
2025-06-15 17:18:24,167 - matplotlib.font_manager - WARNING - findfont: Font family 'Microsoft YaHei' not found.
2025-06-15 17:18:24,173 - matplotlib.font_manager - WARNING - findfont: Font family 'Microsoft YaHei' not found.
2025-06-15 17:18:24,182 - matplotlib.font_manager - WARNING - findfont: Font family 'Microsoft YaHei' not found.
2025-06-15 17:18:24,183 - matplotlib.font_manager - WARNING - findfont: Font family 'Microsoft YaHei' not found.
2025-06-15 17:18:24,183 - matplotlib.font_manager - WARNING - findfont: Font family 'Microsoft YaHei' not found.
2025-06-15 17:18:24,184 - matplotlib.font_manager - WARNING - findfont: Font family 'Microsoft YaHei' not found.
2025-06-15 17:18:24,184 - matplotlib.font_manager - WARNING - findfont: Font family 'Microsoft YaHei' not found.
2025-06-15 17:18:24,184 - matplotlib.font_manager - WARNING - findfont: Font family 'Microsoft YaHei' not found.
2025-06-15 17:18:24,185 - matplotlib.font_manager - WARNING - findfont: Font family 'Microsoft YaHei' not found.
2025-06-15 17:18:24,185 - matplotlib.font_manager - WARNING - findfont: Font family 'Microsoft YaHei' not found.
2025-06-15 17:18:24,185 - matplotlib.font_manager - WARNING - findfont: Font family 'Microsoft YaHei' not found.
2025-06-15 17:18:24,187 - matplotlib.font_manager - WARNING - findfont: Font family 'Microsoft YaHei' not found.
2025-06-15 17:18:24,188 - matplotlib.font_manager - WARNING - findfont: Font family 'Microsoft YaHei' not found.
2025-06-15 17:18:24,188 - matplotlib.font_manager - WARNING - findfont: Font family 'Microsoft YaHei' not found.
2025-06-15 17:18:24,189 - matplotlib.font_manager - WARNING - findfont: Font family 'Microsoft YaHei' not found.
2025-06-15 17:18:24,189 - matplotlib.font_manager - WARNING - findfont: Font family 'Microsoft YaHei' not found.
2025-06-15 17:18:24,189 - matplotlib.font_manager - WARNING - findfont: Font family 'Microsoft YaHei' not found.
2025-06-15 17:18:24,191 - matplotlib.font_manager - WARNING - findfont: Font family 'Microsoft YaHei' not found.
2025-06-15 17:18:24,195 - matplotlib.font_manager - WARNING - findfont: Font family 'Microsoft YaHei' not found.
2025-06-15 17:18:24,203 - matplotlib.font_manager - WARNING - findfont: Font family 'Microsoft YaHei' not found.
2025-06-15 17:18:24,203 - matplotlib.font_manager - WARNING - findfont: Font family 'Microsoft YaHei' not found.
2025-06-15 17:18:24,204 - matplotlib.font_manager - WARNING - findfont: Font family 'Microsoft YaHei' not found.
2025-06-15 17:18:24,204 - matplotlib.font_manager - WARNING - findfont: Font family 'Microsoft YaHei' not found.
2025-06-15 17:18:24,204 - matplotlib.font_manager - WARNING - findfont: Font family 'Microsoft YaHei' not found.
2025-06-15 17:18:24,204 - matplotlib.font_manager - WARNING - findfont: Font family 'Microsoft YaHei' not found.
2025-06-15 17:18:24,205 - matplotlib.font_manager - WARNING - findfont: Font family 'Microsoft YaHei' not found.
2025-06-15 17:18:24,205 - matplotlib.font_manager - WARNING - findfont: Font family 'Microsoft YaHei' not found.
2025-06-15 17:18:24,205 - matplotlib.font_manager - WARNING - findfont: Font family 'Microsoft YaHei' not found.
2025-06-15 17:18:24,207 - matplotlib.font_manager - WARNING - findfont: Font family 'Microsoft YaHei' not found.
2025-06-15 17:18:24,208 - matplotlib.font_manager - WARNING - findfont: Font family 'Microsoft YaHei' not found.
2025-06-15 17:18:24,208 - matplotlib.font_manager - WARNING - findfont: Font family 'Microsoft YaHei' not found.
2025-06-15 17:18:24,208 - matplotlib.font_manager - WARNING - findfont: Font family 'Microsoft YaHei' not found.
2025-06-15 17:18:24,208 - matplotlib.font_manager - WARNING - findfont: Font family 'Microsoft YaHei' not found.
2025-06-15 17:18:24,209 - matplotlib.font_manager - WARNING - findfont: Font family 'Microsoft YaHei' not found.
2025-06-15 17:18:24,210 - matplotlib.font_manager - WARNING - findfont: Font family 'Microsoft YaHei' not found.
2025-06-15 17:18:24,213 - matplotlib.font_manager - WARNING - findfont: Font family 'Microsoft YaHei' not found.
2025-06-15 17:18:24,219 - matplotlib.font_manager - WARNING - findfont: Font family 'Microsoft YaHei' not found.
2025-06-15 17:18:24,219 - matplotlib.font_manager - WARNING - findfont: Font family 'Microsoft YaHei' not found.
2025-06-15 17:18:24,219 - matplotlib.font_manager - WARNING - findfont: Font family 'Microsoft YaHei' not found.
2025-06-15 17:18:24,219 - matplotlib.font_manager - WARNING - findfont: Font family 'Microsoft YaHei' not found.
2025-06-15 17:18:24,219 - matplotlib.font_manager - WARNING - findfont: Font family 'Microsoft YaHei' not found.
2025-06-15 17:18:24,219 - matplotlib.font_manager - WARNING - findfont: Font family 'Microsoft YaHei' not found.
2025-06-15 17:18:24,220 - matplotlib.font_manager - WARNING - findfont: Font family 'Microsoft YaHei' not found.
2025-06-15 17:18:24,220 - matplotlib.font_manager - WARNING - findfont: Font family 'Microsoft YaHei' not found.
2025-06-15 17:18:24,220 - matplotlib.font_manager - WARNING - findfont: Font family 'Microsoft YaHei' not found.
2025-06-15 17:18:24,221 - matplotlib.font_manager - WARNING - findfont: Font family 'Microsoft YaHei' not found.
2025-06-15 17:18:24,221 - matplotlib.font_manager - WARNING - findfont: Font family 'Microsoft YaHei' not found.
2025-06-15 17:18:24,221 - matplotlib.font_manager - WARNING - findfont: Font family 'Microsoft YaHei' not found.
2025-06-15 17:18:24,222 - matplotlib.font_manager - WARNING - findfont: Font family 'Microsoft YaHei' not found.
2025-06-15 17:18:24,222 - matplotlib.font_manager - WARNING - findfont: Font family 'Microsoft YaHei' not found.
2025-06-15 17:18:24,222 - matplotlib.font_manager - WARNING - findfont: Font family 'Microsoft YaHei' not found.
2025-06-15 17:18:24,222 - matplotlib.font_manager - WARNING - findfont: Font family 'Microsoft YaHei' not found.
2025-06-15 17:18:24,222 - matplotlib.font_manager - WARNING - findfont: Font family 'Microsoft YaHei' not found.
2025-06-15 17:18:24,222 - matplotlib.font_manager - WARNING - findfont: Font family 'Microsoft YaHei' not found.
2025-06-15 17:18:24,223 - matplotlib.font_manager - WARNING - findfont: Font family 'Microsoft YaHei' not found.
2025-06-15 17:18:24,223 - matplotlib.font_manager - WARNING - findfont: Font family 'Microsoft YaHei' not found.
2025-06-15 17:18:24,223 - matplotlib.font_manager - WARNING - findfont: Font family 'Microsoft YaHei' not found.
2025-06-15 17:18:24,223 - matplotlib.font_manager - WARNING - findfont: Font family 'Microsoft YaHei' not found.
2025-06-15 17:18:24,224 - matplotlib.font_manager - WARNING - findfont: Font family 'Microsoft YaHei' not found.
2025-06-15 17:18:24,224 - matplotlib.font_manager - WARNING - findfont: Font family 'Microsoft YaHei' not found.
2025-06-15 17:18:24,224 - matplotlib.font_manager - WARNING - findfont: Font family 'Microsoft YaHei' not found.
2025-06-15 17:18:24,224 - matplotlib.font_manager - WARNING - findfont: Font family 'Microsoft YaHei' not found.
2025-06-15 17:18:24,226 - matplotlib.font_manager - WARNING - findfont: Font family 'Microsoft YaHei' not found.
2025-06-15 17:18:24,226 - matplotlib.font_manager - WARNING - findfont: Font family 'Microsoft YaHei' not found.
2025-06-15 17:18:24,227 - matplotlib.font_manager - WARNING - findfont: Font family 'Microsoft YaHei' not found.
2025-06-15 17:18:24,227 - matplotlib.font_manager - WARNING - findfont: Font family 'Microsoft YaHei' not found.
2025-06-15 17:18:24,227 - matplotlib.font_manager - WARNING - findfont: Font family 'Microsoft YaHei' not found.
2025-06-15 17:18:24,227 - matplotlib.font_manager - WARNING - findfont: Font family 'Microsoft YaHei' not found.
2025-06-15 17:18:24,228 - matplotlib.font_manager - WARNING - findfont: Font family 'Microsoft YaHei' not found.
2025-06-15 17:18:24,229 - matplotlib.font_manager - WARNING - findfont: Font family 'Microsoft YaHei' not found.
2025-06-15 17:18:24,232 - matplotlib.font_manager - WARNING - findfont: Font family 'Microsoft YaHei' not found.
2025-06-15 17:18:24,242 - matplotlib.font_manager - WARNING - findfont: Font family 'Microsoft YaHei' not found.
2025-06-15 17:18:24,243 - matplotlib.font_manager - WARNING - findfont: Font family 'Microsoft YaHei' not found.
2025-06-15 17:18:24,243 - matplotlib.font_manager - WARNING - findfont: Font family 'Microsoft YaHei' not found.
2025-06-15 17:18:24,243 - matplotlib.font_manager - WARNING - findfont: Font family 'Microsoft YaHei' not found.
2025-06-15 17:18:24,243 - matplotlib.font_manager - WARNING - findfont: Font family 'Microsoft YaHei' not found.
2025-06-15 17:18:24,244 - matplotlib.font_manager - WARNING - findfont: Font family 'Microsoft YaHei' not found.
2025-06-15 17:18:24,244 - matplotlib.font_manager - WARNING - findfont: Font family 'Microsoft YaHei' not found.
2025-06-15 17:18:24,244 - matplotlib.font_manager - WARNING - findfont: Font family 'Microsoft YaHei' not found.
2025-06-15 17:18:24,245 - matplotlib.font_manager - WARNING - findfont: Font family 'Microsoft YaHei' not found.
2025-06-15 17:18:24,246 - matplotlib.font_manager - WARNING - findfont: Font family 'Microsoft YaHei' not found.
2025-06-15 17:18:24,247 - matplotlib.font_manager - WARNING - findfont: Font family 'Microsoft YaHei' not found.
2025-06-15 17:18:24,247 - matplotlib.font_manager - WARNING - findfont: Font family 'Microsoft YaHei' not found.
2025-06-15 17:18:24,247 - matplotlib.font_manager - WARNING - findfont: Font family 'Microsoft YaHei' not found.
2025-06-15 17:18:24,247 - matplotlib.font_manager - WARNING - findfont: Font family 'Microsoft YaHei' not found.
2025-06-15 17:18:24,248 - matplotlib.font_manager - WARNING - findfont: Font family 'Microsoft YaHei' not found.
2025-06-15 17:18:24,249 - matplotlib.font_manager - WARNING - findfont: Font family 'Microsoft YaHei' not found.
2025-06-15 17:18:24,252 - matplotlib.font_manager - WARNING - findfont: Font family 'Microsoft YaHei' not found.
2025-06-15 17:18:24,260 - matplotlib.font_manager - WARNING - findfont: Font family 'Microsoft YaHei' not found.
2025-06-15 17:18:24,260 - matplotlib.font_manager - WARNING - findfont: Font family 'Microsoft YaHei' not found.
2025-06-15 17:18:24,260 - matplotlib.font_manager - WARNING - findfont: Font family 'Microsoft YaHei' not found.
2025-06-15 17:18:24,261 - matplotlib.font_manager - WARNING - findfont: Font family 'Microsoft YaHei' not found.
2025-06-15 17:18:24,261 - matplotlib.font_manager - WARNING - findfont: Font family 'Microsoft YaHei' not found.
2025-06-15 17:18:24,261 - matplotlib.font_manager - WARNING - findfont: Font family 'Microsoft YaHei' not found.
2025-06-15 17:18:24,261 - matplotlib.font_manager - WARNING - findfont: Font family 'Microsoft YaHei' not found.
2025-06-15 17:18:24,262 - matplotlib.font_manager - WARNING - findfont: Font family 'Microsoft YaHei' not found.
2025-06-15 17:18:24,262 - matplotlib.font_manager - WARNING - findfont: Font family 'Microsoft YaHei' not found.
2025-06-15 17:18:24,263 - matplotlib.font_manager - WARNING - findfont: Font family 'Microsoft YaHei' not found.
2025-06-15 17:18:24,264 - matplotlib.font_manager - WARNING - findfont: Font family 'Microsoft YaHei' not found.
2025-06-15 17:18:24,264 - matplotlib.font_manager - WARNING - findfont: Font family 'Microsoft YaHei' not found.
2025-06-15 17:18:24,265 - matplotlib.font_manager - WARNING - findfont: Font family 'Microsoft YaHei' not found.
2025-06-15 17:18:24,265 - matplotlib.font_manager - WARNING - findfont: Font family 'Microsoft YaHei' not found.
2025-06-15 17:18:24,265 - matplotlib.font_manager - WARNING - findfont: Font family 'Microsoft YaHei' not found.
2025-06-15 17:18:24,266 - matplotlib.font_manager - WARNING - findfont: Font family 'Microsoft YaHei' not found.
2025-06-15 17:18:24,270 - matplotlib.font_manager - WARNING - findfont: Font family 'Microsoft YaHei' not found.
2025-06-15 17:18:24,277 - matplotlib.font_manager - WARNING - findfont: Font family 'Microsoft YaHei' not found.
2025-06-15 17:18:24,277 - matplotlib.font_manager - WARNING - findfont: Font family 'Microsoft YaHei' not found.
2025-06-15 17:18:24,277 - matplotlib.font_manager - WARNING - findfont: Font family 'Microsoft YaHei' not found.
2025-06-15 17:18:24,278 - matplotlib.font_manager - WARNING - findfont: Font family 'Microsoft YaHei' not found.
2025-06-15 17:18:24,278 - matplotlib.font_manager - WARNING - findfont: Font family 'Microsoft YaHei' not found.
2025-06-15 17:18:24,278 - matplotlib.font_manager - WARNING - findfont: Font family 'Microsoft YaHei' not found.
2025-06-15 17:18:24,278 - matplotlib.font_manager - WARNING - findfont: Font family 'Microsoft YaHei' not found.
2025-06-15 17:18:24,279 - matplotlib.font_manager - WARNING - findfont: Font family 'Microsoft YaHei' not found.
2025-06-15 17:18:24,279 - matplotlib.font_manager - WARNING - findfont: Font family 'Microsoft YaHei' not found.
2025-06-15 17:18:24,280 - matplotlib.font_manager - WARNING - findfont: Font family 'Microsoft YaHei' not found.
2025-06-15 17:18:24,281 - matplotlib.font_manager - WARNING - findfont: Font family 'Microsoft YaHei' not found.
2025-06-15 17:18:24,281 - matplotlib.font_manager - WARNING - findfont: Font family 'Microsoft YaHei' not found.
2025-06-15 17:18:24,282 - matplotlib.font_manager - WARNING - findfont: Font family 'Microsoft YaHei' not found.
2025-06-15 17:18:24,282 - matplotlib.font_manager - WARNING - findfont: Font family 'Microsoft YaHei' not found.
2025-06-15 17:18:24,282 - matplotlib.font_manager - WARNING - findfont: Font family 'Microsoft YaHei' not found.
2025-06-15 17:18:24,283 - matplotlib.font_manager - WARNING - findfont: Font family 'Microsoft YaHei' not found.
2025-06-15 17:18:24,287 - matplotlib.font_manager - WARNING - findfont: Font family 'Microsoft YaHei' not found.
2025-06-15 17:18:24,292 - matplotlib.font_manager - WARNING - findfont: Font family 'Microsoft YaHei' not found.
2025-06-15 17:18:24,293 - matplotlib.font_manager - WARNING - findfont: Font family 'Microsoft YaHei' not found.
2025-06-15 17:18:24,293 - matplotlib.font_manager - WARNING - findfont: Font family 'Microsoft YaHei' not found.
2025-06-15 17:18:24,293 - matplotlib.font_manager - WARNING - findfont: Font family 'Microsoft YaHei' not found.
2025-06-15 17:18:24,293 - matplotlib.font_manager - WARNING - findfont: Font family 'Microsoft YaHei' not found.
2025-06-15 17:18:24,293 - matplotlib.font_manager - WARNING - findfont: Font family 'Microsoft YaHei' not found.
2025-06-15 17:18:24,294 - matplotlib.font_manager - WARNING - findfont: Font family 'Microsoft YaHei' not found.
2025-06-15 17:18:24,294 - matplotlib.font_manager - WARNING - findfont: Font family 'Microsoft YaHei' not found.
2025-06-15 17:18:24,294 - matplotlib.font_manager - WARNING - findfont: Font family 'Microsoft YaHei' not found.
2025-06-15 17:18:24,295 - matplotlib.font_manager - WARNING - findfont: Font family 'Microsoft YaHei' not found.
2025-06-15 17:18:24,295 - matplotlib.font_manager - WARNING - findfont: Font family 'Microsoft YaHei' not found.
2025-06-15 17:18:24,295 - matplotlib.font_manager - WARNING - findfont: Font family 'Microsoft YaHei' not found.
2025-06-15 17:18:24,295 - matplotlib.font_manager - WARNING - findfont: Font family 'Microsoft YaHei' not found.
2025-06-15 17:18:24,295 - matplotlib.font_manager - WARNING - findfont: Font family 'Microsoft YaHei' not found.
2025-06-15 17:18:24,296 - matplotlib.font_manager - WARNING - findfont: Font family 'Microsoft YaHei' not found.
2025-06-15 17:18:24,296 - matplotlib.font_manager - WARNING - findfont: Font family 'Microsoft YaHei' not found.
2025-06-15 17:18:24,296 - matplotlib.font_manager - WARNING - findfont: Font family 'Microsoft YaHei' not found.
2025-06-15 17:18:24,296 - matplotlib.font_manager - WARNING - findfont: Font family 'Microsoft YaHei' not found.
2025-06-15 17:18:24,297 - matplotlib.font_manager - WARNING - findfont: Font family 'Microsoft YaHei' not found.
2025-06-15 17:18:24,297 - matplotlib.font_manager - WARNING - findfont: Font family 'Microsoft YaHei' not found.
2025-06-15 17:18:24,297 - matplotlib.font_manager - WARNING - findfont: Font family 'Microsoft YaHei' not found.
2025-06-15 17:18:24,297 - matplotlib.font_manager - WARNING - findfont: Font family 'Microsoft YaHei' not found.
2025-06-15 17:18:24,298 - matplotlib.font_manager - WARNING - findfont: Font family 'Microsoft YaHei' not found.
2025-06-15 17:18:24,298 - matplotlib.font_manager - WARNING - findfont: Font family 'Microsoft YaHei' not found.
2025-06-15 17:18:24,298 - matplotlib.font_manager - WARNING - findfont: Font family 'Microsoft YaHei' not found.
2025-06-15 17:18:24,298 - matplotlib.font_manager - WARNING - findfont: Font family 'Microsoft YaHei' not found.
2025-06-15 17:18:24,300 - matplotlib.font_manager - WARNING - findfont: Font family 'Microsoft YaHei' not found.
2025-06-15 17:18:24,300 - matplotlib.font_manager - WARNING - findfont: Font family 'Microsoft YaHei' not found.
2025-06-15 17:18:24,301 - matplotlib.font_manager - WARNING - findfont: Font family 'Microsoft YaHei' not found.
2025-06-15 17:18:24,301 - matplotlib.font_manager - WARNING - findfont: Font family 'Microsoft YaHei' not found.
2025-06-15 17:18:24,301 - matplotlib.font_manager - WARNING - findfont: Font family 'Microsoft YaHei' not found.
2025-06-15 17:18:24,301 - matplotlib.font_manager - WARNING - findfont: Font family 'Microsoft YaHei' not found.
2025-06-15 17:18:24,302 - matplotlib.font_manager - WARNING - findfont: Font family 'Microsoft YaHei' not found.
2025-06-15 17:18:24,303 - matplotlib.font_manager - WARNING - findfont: Font family 'Microsoft YaHei' not found.
2025-06-15 17:18:24,307 - matplotlib.font_manager - WARNING - findfont: Font family 'Microsoft YaHei' not found.
2025-06-15 17:18:28,138 - matplotlib.font_manager - WARNING - findfont: Font family 'Microsoft YaHei' not found.
2025-06-15 17:18:28,139 - matplotlib.font_manager - WARNING - findfont: Font family 'Microsoft YaHei' not found.
2025-06-15 17:18:28,140 - matplotlib.font_manager - WARNING - findfont: Font family 'Microsoft YaHei' not found.
2025-06-15 17:18:28,140 - matplotlib.font_manager - WARNING - findfont: Font family 'Microsoft YaHei' not found.
2025-06-15 17:18:28,140 - matplotlib.font_manager - WARNING - findfont: Font family 'Microsoft YaHei' not found.
2025-06-15 17:18:28,140 - matplotlib.font_manager - WARNING - findfont: Font family 'Microsoft YaHei' not found.
2025-06-15 17:18:28,140 - matplotlib.font_manager - WARNING - findfont: Font family 'Microsoft YaHei' not found.
2025-06-15 17:18:28,141 - matplotlib.font_manager - WARNING - findfont: Font family 'Microsoft YaHei' not found.
2025-06-15 17:18:28,141 - matplotlib.font_manager - WARNING - findfont: Font family 'Microsoft YaHei' not found.
2025-06-15 17:18:28,141 - matplotlib.font_manager - WARNING - findfont: Font family 'Microsoft YaHei' not found.
2025-06-15 17:18:28,141 - matplotlib.font_manager - WARNING - findfont: Font family 'Microsoft YaHei' not found.
2025-06-15 17:18:28,142 - matplotlib.font_manager - WARNING - findfont: Font family 'Microsoft YaHei' not found.
2025-06-15 17:18:28,145 - matplotlib.font_manager - WARNING - findfont: Font family 'Microsoft YaHei' not found.
2025-06-15 17:18:28,145 - matplotlib.font_manager - WARNING - findfont: Font family 'Microsoft YaHei' not found.
2025-06-15 17:18:28,146 - matplotlib.font_manager - WARNING - findfont: Font family 'Microsoft YaHei' not found.
2025-06-15 17:18:28,146 - matplotlib.font_manager - WARNING - findfont: Font family 'Microsoft YaHei' not found.
2025-06-15 17:18:28,146 - matplotlib.font_manager - WARNING - findfont: Font family 'Microsoft YaHei' not found.
2025-06-15 17:18:28,146 - matplotlib.font_manager - WARNING - findfont: Font family 'Microsoft YaHei' not found.
2025-06-15 17:18:28,160 - root - INFO - plot_trace: Trace data min: -4078.0684379010513, max: 4802.88329480054, shape: (4000,)
2025-06-15 17:18:28,169 - matplotlib.font_manager - WARNING - findfont: Font family 'Microsoft YaHei' not found.
2025-06-15 17:18:28,169 - matplotlib.font_manager - WARNING - findfont: Font family 'Microsoft YaHei' not found.
2025-06-15 17:18:28,169 - matplotlib.font_manager - WARNING - findfont: Font family 'Microsoft YaHei' not found.
2025-06-15 17:18:28,169 - matplotlib.font_manager - WARNING - findfont: Font family 'Microsoft YaHei' not found.
2025-06-15 17:18:28,170 - matplotlib.font_manager - WARNING - findfont: Font family 'Microsoft YaHei' not found.
2025-06-15 17:18:28,170 - matplotlib.font_manager - WARNING - findfont: Font family 'Microsoft YaHei' not found.
2025-06-15 17:18:28,170 - matplotlib.font_manager - WARNING - findfont: Font family 'Microsoft YaHei' not found.
2025-06-15 17:18:28,170 - matplotlib.font_manager - WARNING - findfont: Font family 'Microsoft YaHei' not found.
2025-06-15 17:18:28,171 - matplotlib.font_manager - WARNING - findfont: Font family 'Microsoft YaHei' not found.
2025-06-15 17:18:28,172 - matplotlib.font_manager - WARNING - findfont: Font family 'Microsoft YaHei' not found.
2025-06-15 17:18:28,173 - matplotlib.font_manager - WARNING - findfont: Font family 'Microsoft YaHei' not found.
2025-06-15 17:18:28,173 - matplotlib.font_manager - WARNING - findfont: Font family 'Microsoft YaHei' not found.
2025-06-15 17:18:28,174 - matplotlib.font_manager - WARNING - findfont: Font family 'Microsoft YaHei' not found.
2025-06-15 17:18:28,174 - matplotlib.font_manager - WARNING - findfont: Font family 'Microsoft YaHei' not found.
2025-06-15 17:18:28,174 - matplotlib.font_manager - WARNING - findfont: Font family 'Microsoft YaHei' not found.
2025-06-15 17:18:28,175 - matplotlib.font_manager - WARNING - findfont: Font family 'Microsoft YaHei' not found.
2025-06-15 17:18:28,179 - matplotlib.font_manager - WARNING - findfont: Font family 'Microsoft YaHei' not found.
2025-06-15 17:18:58,012 - matplotlib.font_manager - WARNING - findfont: Font family 'Microsoft YaHei' not found.
2025-06-15 17:18:58,014 - matplotlib.font_manager - WARNING - findfont: Font family 'Microsoft YaHei' not found.
2025-06-15 17:18:58,014 - matplotlib.font_manager - WARNING - findfont: Font family 'Microsoft YaHei' not found.
2025-06-15 17:18:58,014 - matplotlib.font_manager - WARNING - findfont: Font family 'Microsoft YaHei' not found.
2025-06-15 17:18:58,014 - matplotlib.font_manager - WARNING - findfont: Font family 'Microsoft YaHei' not found.
2025-06-15 17:18:58,015 - matplotlib.font_manager - WARNING - findfont: Font family 'Microsoft YaHei' not found.
2025-06-15 17:18:58,018 - matplotlib.font_manager - WARNING - findfont: Font family 'Microsoft YaHei' not found.
2025-06-15 17:18:58,019 - matplotlib.font_manager - WARNING - findfont: Font family 'Microsoft YaHei' not found.
2025-06-15 17:18:58,019 - matplotlib.font_manager - WARNING - findfont: Font family 'Microsoft YaHei' not found.
2025-06-15 17:18:58,019 - matplotlib.font_manager - WARNING - findfont: Font family 'Microsoft YaHei' not found.
2025-06-15 17:18:58,019 - matplotlib.font_manager - WARNING - findfont: Font family 'Microsoft YaHei' not found.
2025-06-15 17:18:58,020 - matplotlib.font_manager - WARNING - findfont: Font family 'Microsoft YaHei' not found.
2025-06-15 17:18:58,034 - root - INFO - plot_trace: Trace data min: -4078.0684379010513, max: 4802.88329480054, shape: (4000,)
2025-06-15 17:18:58,043 - matplotlib.font_manager - WARNING - findfont: Font family 'Microsoft YaHei' not found.
2025-06-15 17:18:58,043 - matplotlib.font_manager - WARNING - findfont: Font family 'Microsoft YaHei' not found.
2025-06-15 17:18:58,044 - matplotlib.font_manager - WARNING - findfont: Font family 'Microsoft YaHei' not found.
2025-06-15 17:18:58,044 - matplotlib.font_manager - WARNING - findfont: Font family 'Microsoft YaHei' not found.
2025-06-15 17:18:58,044 - matplotlib.font_manager - WARNING - findfont: Font family 'Microsoft YaHei' not found.
2025-06-15 17:18:58,045 - matplotlib.font_manager - WARNING - findfont: Font family 'Microsoft YaHei' not found.
2025-06-15 17:18:58,045 - matplotlib.font_manager - WARNING - findfont: Font family 'Microsoft YaHei' not found.
2025-06-15 17:18:58,045 - matplotlib.font_manager - WARNING - findfont: Font family 'Microsoft YaHei' not found.
2025-06-15 17:18:58,045 - matplotlib.font_manager - WARNING - findfont: Font family 'Microsoft YaHei' not found.
2025-06-15 17:18:58,047 - matplotlib.font_manager - WARNING - findfont: Font family 'Microsoft YaHei' not found.
2025-06-15 17:18:58,048 - matplotlib.font_manager - WARNING - findfont: Font family 'Microsoft YaHei' not found.
2025-06-15 17:18:58,048 - matplotlib.font_manager - WARNING - findfont: Font family 'Microsoft YaHei' not found.
2025-06-15 17:18:58,048 - matplotlib.font_manager - WARNING - findfont: Font family 'Microsoft YaHei' not found.
2025-06-15 17:18:58,048 - matplotlib.font_manager - WARNING - findfont: Font family 'Microsoft YaHei' not found.
2025-06-15 17:18:58,049 - matplotlib.font_manager - WARNING - findfont: Font family 'Microsoft YaHei' not found.
2025-06-15 17:18:58,050 - matplotlib.font_manager - WARNING - findfont: Font family 'Microsoft YaHei' not found.
2025-06-15 17:18:58,054 - matplotlib.font_manager - WARNING - findfont: Font family 'Microsoft YaHei' not found.
2025-06-15 17:18:58,061 - matplotlib.font_manager - WARNING - findfont: Font family 'Microsoft YaHei' not found.
2025-06-15 17:18:58,061 - matplotlib.font_manager - WARNING - findfont: Font family 'Microsoft YaHei' not found.
2025-06-15 17:18:58,062 - matplotlib.font_manager - WARNING - findfont: Font family 'Microsoft YaHei' not found.
2025-06-15 17:18:58,062 - matplotlib.font_manager - WARNING - findfont: Font family 'Microsoft YaHei' not found.
2025-06-15 17:18:58,062 - matplotlib.font_manager - WARNING - findfont: Font family 'Microsoft YaHei' not found.
2025-06-15 17:18:58,063 - matplotlib.font_manager - WARNING - findfont: Font family 'Microsoft YaHei' not found.
2025-06-15 17:18:58,063 - matplotlib.font_manager - WARNING - findfont: Font family 'Microsoft YaHei' not found.
2025-06-15 17:18:58,063 - matplotlib.font_manager - WARNING - findfont: Font family 'Microsoft YaHei' not found.
2025-06-15 17:18:58,063 - matplotlib.font_manager - WARNING - findfont: Font family 'Microsoft YaHei' not found.
2025-06-15 17:18:58,065 - matplotlib.font_manager - WARNING - findfont: Font family 'Microsoft YaHei' not found.
2025-06-15 17:18:58,066 - matplotlib.font_manager - WARNING - findfont: Font family 'Microsoft YaHei' not found.
2025-06-15 17:18:58,066 - matplotlib.font_manager - WARNING - findfont: Font family 'Microsoft YaHei' not found.
2025-06-15 17:18:58,066 - matplotlib.font_manager - WARNING - findfont: Font family 'Microsoft YaHei' not found.
2025-06-15 17:18:58,066 - matplotlib.font_manager - WARNING - findfont: Font family 'Microsoft YaHei' not found.
2025-06-15 17:18:58,067 - matplotlib.font_manager - WARNING - findfont: Font family 'Microsoft YaHei' not found.
2025-06-15 17:18:58,068 - matplotlib.font_manager - WARNING - findfont: Font family 'Microsoft YaHei' not found.
2025-06-15 17:18:58,072 - matplotlib.font_manager - WARNING - findfont: Font family 'Microsoft YaHei' not found.
2025-06-15 17:18:59,678 - matplotlib.font_manager - WARNING - findfont: Font family 'Microsoft YaHei' not found.
2025-06-15 17:18:59,679 - matplotlib.font_manager - WARNING - findfont: Font family 'Microsoft YaHei' not found.
2025-06-15 17:18:59,679 - matplotlib.font_manager - WARNING - findfont: Font family 'Microsoft YaHei' not found.
2025-06-15 17:18:59,680 - matplotlib.font_manager - WARNING - findfont: Font family 'Microsoft YaHei' not found.
2025-06-15 17:18:59,680 - matplotlib.font_manager - WARNING - findfont: Font family 'Microsoft YaHei' not found.
2025-06-15 17:18:59,684 - matplotlib.font_manager - WARNING - findfont: Font family 'Microsoft YaHei' not found.
2025-06-15 17:18:59,684 - matplotlib.font_manager - WARNING - findfont: Font family 'Microsoft YaHei' not found.
2025-06-15 17:18:59,684 - matplotlib.font_manager - WARNING - findfont: Font family 'Microsoft YaHei' not found.
2025-06-15 17:18:59,684 - matplotlib.font_manager - WARNING - findfont: Font family 'Microsoft YaHei' not found.
2025-06-15 17:18:59,685 - matplotlib.font_manager - WARNING - findfont: Font family 'Microsoft YaHei' not found.
2025-06-15 17:18:59,685 - matplotlib.font_manager - WARNING - findfont: Font family 'Microsoft YaHei' not found.
2025-06-15 17:18:59,685 - matplotlib.font_manager - WARNING - findfont: Font family 'Microsoft YaHei' not found.
2025-06-15 17:18:59,686 - matplotlib.font_manager - WARNING - findfont: Font family 'Microsoft YaHei' not found.
2025-06-15 17:18:59,687 - matplotlib.font_manager - WARNING - findfont: Font family 'Microsoft YaHei' not found.
2025-06-15 17:18:59,687 - matplotlib.font_manager - WARNING - findfont: Font family 'Microsoft YaHei' not found.
2025-06-15 17:18:59,688 - matplotlib.font_manager - WARNING - findfont: Font family 'Microsoft YaHei' not found.
2025-06-15 17:18:59,688 - matplotlib.font_manager - WARNING - findfont: Font family 'Microsoft YaHei' not found.
2025-06-15 17:18:59,689 - matplotlib.font_manager - WARNING - findfont: Font family 'Microsoft YaHei' not found.
2025-06-15 17:18:59,690 - matplotlib.font_manager - WARNING - findfont: Font family 'Microsoft YaHei' not found.
2025-06-15 17:18:59,692 - matplotlib.font_manager - WARNING - findfont: Font family 'Microsoft YaHei' not found.
2025-06-15 17:18:59,693 - matplotlib.font_manager - WARNING - findfont: Font family 'Microsoft YaHei' not found.
2025-06-15 17:18:59,694 - matplotlib.font_manager - WARNING - findfont: Font family 'Microsoft YaHei' not found.
2025-06-15 17:18:59,695 - matplotlib.font_manager - WARNING - findfont: Font family 'Microsoft YaHei' not found.
2025-06-15 17:18:59,695 - matplotlib.font_manager - WARNING - findfont: Font family 'Microsoft YaHei' not found.
2025-06-15 17:18:59,695 - matplotlib.font_manager - WARNING - findfont: Font family 'Microsoft YaHei' not found.
2025-06-15 17:18:59,696 - matplotlib.font_manager - WARNING - findfont: Font family 'Microsoft YaHei' not found.
2025-06-15 17:18:59,698 - matplotlib.font_manager - WARNING - findfont: Font family 'Microsoft YaHei' not found.
2025-06-15 17:18:59,699 - matplotlib.font_manager - WARNING - findfont: Font family 'Microsoft YaHei' not found.
2025-06-15 17:19:07,621 - matplotlib.font_manager - WARNING - findfont: Font family 'Microsoft YaHei' not found.
2025-06-15 17:19:07,623 - matplotlib.font_manager - WARNING - findfont: Font family 'Microsoft YaHei' not found.
2025-06-15 17:19:07,623 - matplotlib.font_manager - WARNING - findfont: Font family 'Microsoft YaHei' not found.
2025-06-15 17:19:07,623 - matplotlib.font_manager - WARNING - findfont: Font family 'Microsoft YaHei' not found.
2025-06-15 17:19:07,624 - matplotlib.font_manager - WARNING - findfont: Font family 'Microsoft YaHei' not found.
2025-06-15 17:19:07,624 - matplotlib.font_manager - WARNING - findfont: Font family 'Microsoft YaHei' not found.
2025-06-15 17:19:07,627 - matplotlib.font_manager - WARNING - findfont: Font family 'Microsoft YaHei' not found.
2025-06-15 17:19:07,628 - matplotlib.font_manager - WARNING - findfont: Font family 'Microsoft YaHei' not found.
2025-06-15 17:19:07,628 - matplotlib.font_manager - WARNING - findfont: Font family 'Microsoft YaHei' not found.
2025-06-15 17:19:07,628 - matplotlib.font_manager - WARNING - findfont: Font family 'Microsoft YaHei' not found.
2025-06-15 17:19:07,628 - matplotlib.font_manager - WARNING - findfont: Font family 'Microsoft YaHei' not found.
2025-06-15 17:19:07,628 - matplotlib.font_manager - WARNING - findfont: Font family 'Microsoft YaHei' not found.
2025-06-15 17:19:07,641 - root - INFO - plot_trace: Trace data min: -4078.0684379010513, max: 4802.88329480054, shape: (4000,)
2025-06-15 17:19:07,650 - matplotlib.font_manager - WARNING - findfont: Font family 'Microsoft YaHei' not found.
2025-06-15 17:19:07,650 - matplotlib.font_manager - WARNING - findfont: Font family 'Microsoft YaHei' not found.
2025-06-15 17:19:07,651 - matplotlib.font_manager - WARNING - findfont: Font family 'Microsoft YaHei' not found.
2025-06-15 17:19:07,651 - matplotlib.font_manager - WARNING - findfont: Font family 'Microsoft YaHei' not found.
2025-06-15 17:19:07,651 - matplotlib.font_manager - WARNING - findfont: Font family 'Microsoft YaHei' not found.
2025-06-15 17:19:07,651 - matplotlib.font_manager - WARNING - findfont: Font family 'Microsoft YaHei' not found.
2025-06-15 17:19:07,652 - matplotlib.font_manager - WARNING - findfont: Font family 'Microsoft YaHei' not found.
2025-06-15 17:19:07,652 - matplotlib.font_manager - WARNING - findfont: Font family 'Microsoft YaHei' not found.
2025-06-15 17:19:07,652 - matplotlib.font_manager - WARNING - findfont: Font family 'Microsoft YaHei' not found.
2025-06-15 17:19:07,653 - matplotlib.font_manager - WARNING - findfont: Font family 'Microsoft YaHei' not found.
2025-06-15 17:19:07,654 - matplotlib.font_manager - WARNING - findfont: Font family 'Microsoft YaHei' not found.
2025-06-15 17:19:07,655 - matplotlib.font_manager - WARNING - findfont: Font family 'Microsoft YaHei' not found.
2025-06-15 17:19:07,655 - matplotlib.font_manager - WARNING - findfont: Font family 'Microsoft YaHei' not found.
2025-06-15 17:19:07,655 - matplotlib.font_manager - WARNING - findfont: Font family 'Microsoft YaHei' not found.
2025-06-15 17:19:07,655 - matplotlib.font_manager - WARNING - findfont: Font family 'Microsoft YaHei' not found.
2025-06-15 17:19:07,656 - matplotlib.font_manager - WARNING - findfont: Font family 'Microsoft YaHei' not found.
2025-06-15 17:19:07,660 - matplotlib.font_manager - WARNING - findfont: Font family 'Microsoft YaHei' not found.
2025-06-15 17:19:07,668 - matplotlib.font_manager - WARNING - findfont: Font family 'Microsoft YaHei' not found.
2025-06-15 17:19:07,668 - matplotlib.font_manager - WARNING - findfont: Font family 'Microsoft YaHei' not found.
2025-06-15 17:19:07,669 - matplotlib.font_manager - WARNING - findfont: Font family 'Microsoft YaHei' not found.
2025-06-15 17:19:07,669 - matplotlib.font_manager - WARNING - findfont: Font family 'Microsoft YaHei' not found.
2025-06-15 17:19:07,669 - matplotlib.font_manager - WARNING - findfont: Font family 'Microsoft YaHei' not found.
2025-06-15 17:19:07,669 - matplotlib.font_manager - WARNING - findfont: Font family 'Microsoft YaHei' not found.
2025-06-15 17:19:07,670 - matplotlib.font_manager - WARNING - findfont: Font family 'Microsoft YaHei' not found.
2025-06-15 17:19:07,670 - matplotlib.font_manager - WARNING - findfont: Font family 'Microsoft YaHei' not found.
2025-06-15 17:19:07,670 - matplotlib.font_manager - WARNING - findfont: Font family 'Microsoft YaHei' not found.
2025-06-15 17:19:07,671 - matplotlib.font_manager - WARNING - findfont: Font family 'Microsoft YaHei' not found.
2025-06-15 17:19:07,672 - matplotlib.font_manager - WARNING - findfont: Font family 'Microsoft YaHei' not found.
2025-06-15 17:19:07,673 - matplotlib.font_manager - WARNING - findfont: Font family 'Microsoft YaHei' not found.
2025-06-15 17:19:07,673 - matplotlib.font_manager - WARNING - findfont: Font family 'Microsoft YaHei' not found.
2025-06-15 17:19:07,673 - matplotlib.font_manager - WARNING - findfont: Font family 'Microsoft YaHei' not found.
2025-06-15 17:19:07,673 - matplotlib.font_manager - WARNING - findfont: Font family 'Microsoft YaHei' not found.
2025-06-15 17:19:07,674 - matplotlib.font_manager - WARNING - findfont: Font family 'Microsoft YaHei' not found.
2025-06-15 17:19:07,679 - matplotlib.font_manager - WARNING - findfont: Font family 'Microsoft YaHei' not found.
2025-06-15 17:19:07,686 - matplotlib.font_manager - WARNING - findfont: Font family 'Microsoft YaHei' not found.
2025-06-15 17:19:07,686 - matplotlib.font_manager - WARNING - findfont: Font family 'Microsoft YaHei' not found.
2025-06-15 17:19:07,687 - matplotlib.font_manager - WARNING - findfont: Font family 'Microsoft YaHei' not found.
2025-06-15 17:19:07,687 - matplotlib.font_manager - WARNING - findfont: Font family 'Microsoft YaHei' not found.
2025-06-15 17:19:07,687 - matplotlib.font_manager - WARNING - findfont: Font family 'Microsoft YaHei' not found.
2025-06-15 17:19:07,688 - matplotlib.font_manager - WARNING - findfont: Font family 'Microsoft YaHei' not found.
2025-06-15 17:19:07,688 - matplotlib.font_manager - WARNING - findfont: Font family 'Microsoft YaHei' not found.
2025-06-15 17:19:07,688 - matplotlib.font_manager - WARNING - findfont: Font family 'Microsoft YaHei' not found.
2025-06-15 17:19:07,688 - matplotlib.font_manager - WARNING - findfont: Font family 'Microsoft YaHei' not found.
2025-06-15 17:19:07,690 - matplotlib.font_manager - WARNING - findfont: Font family 'Microsoft YaHei' not found.
2025-06-15 17:19:07,690 - matplotlib.font_manager - WARNING - findfont: Font family 'Microsoft YaHei' not found.
2025-06-15 17:19:07,691 - matplotlib.font_manager - WARNING - findfont: Font family 'Microsoft YaHei' not found.
2025-06-15 17:19:07,691 - matplotlib.font_manager - WARNING - findfont: Font family 'Microsoft YaHei' not found.
2025-06-15 17:19:07,691 - matplotlib.font_manager - WARNING - findfont: Font family 'Microsoft YaHei' not found.
2025-06-15 17:19:07,691 - matplotlib.font_manager - WARNING - findfont: Font family 'Microsoft YaHei' not found.
2025-06-15 17:19:07,692 - matplotlib.font_manager - WARNING - findfont: Font family 'Microsoft YaHei' not found.
2025-06-15 17:19:07,697 - matplotlib.font_manager - WARNING - findfont: Font family 'Microsoft YaHei' not found.
2025-06-15 17:19:10,270 - matplotlib.font_manager - WARNING - findfont: Font family 'Microsoft YaHei' not found.
2025-06-15 17:19:10,270 - matplotlib.font_manager - WARNING - findfont: Font family 'Microsoft YaHei' not found.
2025-06-15 17:19:10,270 - matplotlib.font_manager - WARNING - findfont: Font family 'Microsoft YaHei' not found.
2025-06-15 17:19:10,271 - matplotlib.font_manager - WARNING - findfont: Font family 'Microsoft YaHei' not found.
2025-06-15 17:19:10,271 - matplotlib.font_manager - WARNING - findfont: Font family 'Microsoft YaHei' not found.
2025-06-15 17:19:10,271 - matplotlib.font_manager - WARNING - findfont: Font family 'Microsoft YaHei' not found.
2025-06-15 17:19:10,274 - matplotlib.font_manager - WARNING - findfont: Font family 'Microsoft YaHei' not found.
2025-06-15 17:19:10,275 - matplotlib.font_manager - WARNING - findfont: Font family 'Microsoft YaHei' not found.
2025-06-15 17:19:10,275 - matplotlib.font_manager - WARNING - findfont: Font family 'Microsoft YaHei' not found.
2025-06-15 17:19:10,275 - matplotlib.font_manager - WARNING - findfont: Font family 'Microsoft YaHei' not found.
2025-06-15 17:19:10,275 - matplotlib.font_manager - WARNING - findfont: Font family 'Microsoft YaHei' not found.
2025-06-15 17:19:10,275 - matplotlib.font_manager - WARNING - findfont: Font family 'Microsoft YaHei' not found.
2025-06-15 17:19:10,288 - root - INFO - plot_trace: Trace data min: -4078.0684379010513, max: 4802.88329480054, shape: (4000,)
2025-06-15 17:19:10,296 - matplotlib.font_manager - WARNING - findfont: Font family 'Microsoft YaHei' not found.
2025-06-15 17:19:10,297 - matplotlib.font_manager - WARNING - findfont: Font family 'Microsoft YaHei' not found.
2025-06-15 17:19:10,297 - matplotlib.font_manager - WARNING - findfont: Font family 'Microsoft YaHei' not found.
2025-06-15 17:19:10,297 - matplotlib.font_manager - WARNING - findfont: Font family 'Microsoft YaHei' not found.
2025-06-15 17:19:10,298 - matplotlib.font_manager - WARNING - findfont: Font family 'Microsoft YaHei' not found.
2025-06-15 17:19:10,298 - matplotlib.font_manager - WARNING - findfont: Font family 'Microsoft YaHei' not found.
2025-06-15 17:19:10,298 - matplotlib.font_manager - WARNING - findfont: Font family 'Microsoft YaHei' not found.
2025-06-15 17:19:10,298 - matplotlib.font_manager - WARNING - findfont: Font family 'Microsoft YaHei' not found.
2025-06-15 17:19:10,299 - matplotlib.font_manager - WARNING - findfont: Font family 'Microsoft YaHei' not found.
2025-06-15 17:19:10,300 - matplotlib.font_manager - WARNING - findfont: Font family 'Microsoft YaHei' not found.
2025-06-15 17:19:10,301 - matplotlib.font_manager - WARNING - findfont: Font family 'Microsoft YaHei' not found.
2025-06-15 17:19:10,301 - matplotlib.font_manager - WARNING - findfont: Font family 'Microsoft YaHei' not found.
2025-06-15 17:19:10,301 - matplotlib.font_manager - WARNING - findfont: Font family 'Microsoft YaHei' not found.
2025-06-15 17:19:10,302 - matplotlib.font_manager - WARNING - findfont: Font family 'Microsoft YaHei' not found.
2025-06-15 17:19:10,302 - matplotlib.font_manager - WARNING - findfont: Font family 'Microsoft YaHei' not found.
2025-06-15 17:19:10,303 - matplotlib.font_manager - WARNING - findfont: Font family 'Microsoft YaHei' not found.
2025-06-15 17:19:10,307 - matplotlib.font_manager - WARNING - findfont: Font family 'Microsoft YaHei' not found.
2025-06-15 17:19:10,314 - matplotlib.font_manager - WARNING - findfont: Font family 'Microsoft YaHei' not found.
2025-06-15 17:19:10,315 - matplotlib.font_manager - WARNING - findfont: Font family 'Microsoft YaHei' not found.
2025-06-15 17:19:10,315 - matplotlib.font_manager - WARNING - findfont: Font family 'Microsoft YaHei' not found.
2025-06-15 17:19:10,315 - matplotlib.font_manager - WARNING - findfont: Font family 'Microsoft YaHei' not found.
2025-06-15 17:19:10,316 - matplotlib.font_manager - WARNING - findfont: Font family 'Microsoft YaHei' not found.
2025-06-15 17:19:10,316 - matplotlib.font_manager - WARNING - findfont: Font family 'Microsoft YaHei' not found.
2025-06-15 17:19:10,316 - matplotlib.font_manager - WARNING - findfont: Font family 'Microsoft YaHei' not found.
2025-06-15 17:19:10,316 - matplotlib.font_manager - WARNING - findfont: Font family 'Microsoft YaHei' not found.
2025-06-15 17:19:10,317 - matplotlib.font_manager - WARNING - findfont: Font family 'Microsoft YaHei' not found.
2025-06-15 17:19:10,318 - matplotlib.font_manager - WARNING - findfont: Font family 'Microsoft YaHei' not found.
2025-06-15 17:19:10,319 - matplotlib.font_manager - WARNING - findfont: Font family 'Microsoft YaHei' not found.
2025-06-15 17:19:10,319 - matplotlib.font_manager - WARNING - findfont: Font family 'Microsoft YaHei' not found.
2025-06-15 17:19:10,319 - matplotlib.font_manager - WARNING - findfont: Font family 'Microsoft YaHei' not found.
2025-06-15 17:19:10,320 - matplotlib.font_manager - WARNING - findfont: Font family 'Microsoft YaHei' not found.
2025-06-15 17:19:10,320 - matplotlib.font_manager - WARNING - findfont: Font family 'Microsoft YaHei' not found.
2025-06-15 17:19:10,321 - matplotlib.font_manager - WARNING - findfont: Font family 'Microsoft YaHei' not found.
2025-06-15 17:19:10,325 - matplotlib.font_manager - WARNING - findfont: Font family 'Microsoft YaHei' not found.
2025-06-15 17:19:10,662 - matplotlib.font_manager - WARNING - findfont: Font family 'Microsoft YaHei' not found.
2025-06-15 17:19:10,662 - matplotlib.font_manager - WARNING - findfont: Font family 'Microsoft YaHei' not found.
2025-06-15 17:19:10,662 - matplotlib.font_manager - WARNING - findfont: Font family 'Microsoft YaHei' not found.
2025-06-15 17:19:10,663 - matplotlib.font_manager - WARNING - findfont: Font family 'Microsoft YaHei' not found.
2025-06-15 17:19:10,663 - matplotlib.font_manager - WARNING - findfont: Font family 'Microsoft YaHei' not found.
2025-06-15 17:19:10,663 - matplotlib.font_manager - WARNING - findfont: Font family 'Microsoft YaHei' not found.
2025-06-15 17:19:10,667 - matplotlib.font_manager - WARNING - findfont: Font family 'Microsoft YaHei' not found.
2025-06-15 17:19:10,667 - matplotlib.font_manager - WARNING - findfont: Font family 'Microsoft YaHei' not found.
2025-06-15 17:19:10,667 - matplotlib.font_manager - WARNING - findfont: Font family 'Microsoft YaHei' not found.
2025-06-15 17:19:10,668 - matplotlib.font_manager - WARNING - findfont: Font family 'Microsoft YaHei' not found.
2025-06-15 17:19:10,668 - matplotlib.font_manager - WARNING - findfont: Font family 'Microsoft YaHei' not found.
2025-06-15 17:19:10,668 - matplotlib.font_manager - WARNING - findfont: Font family 'Microsoft YaHei' not found.
2025-06-15 17:19:10,681 - root - INFO - plot_trace: Trace data min: -4078.0684379010513, max: 4802.88329480054, shape: (4000,)
2025-06-15 17:19:10,689 - matplotlib.font_manager - WARNING - findfont: Font family 'Microsoft YaHei' not found.
2025-06-15 17:19:10,690 - matplotlib.font_manager - WARNING - findfont: Font family 'Microsoft YaHei' not found.
2025-06-15 17:19:10,690 - matplotlib.font_manager - WARNING - findfont: Font family 'Microsoft YaHei' not found.
2025-06-15 17:19:10,690 - matplotlib.font_manager - WARNING - findfont: Font family 'Microsoft YaHei' not found.
2025-06-15 17:19:10,691 - matplotlib.font_manager - WARNING - findfont: Font family 'Microsoft YaHei' not found.
2025-06-15 17:19:10,691 - matplotlib.font_manager - WARNING - findfont: Font family 'Microsoft YaHei' not found.
2025-06-15 17:19:10,691 - matplotlib.font_manager - WARNING - findfont: Font family 'Microsoft YaHei' not found.
2025-06-15 17:19:10,691 - matplotlib.font_manager - WARNING - findfont: Font family 'Microsoft YaHei' not found.
2025-06-15 17:19:10,692 - matplotlib.font_manager - WARNING - findfont: Font family 'Microsoft YaHei' not found.
2025-06-15 17:19:10,693 - matplotlib.font_manager - WARNING - findfont: Font family 'Microsoft YaHei' not found.
2025-06-15 17:19:10,694 - matplotlib.font_manager - WARNING - findfont: Font family 'Microsoft YaHei' not found.
2025-06-15 17:19:10,694 - matplotlib.font_manager - WARNING - findfont: Font family 'Microsoft YaHei' not found.
2025-06-15 17:19:10,694 - matplotlib.font_manager - WARNING - findfont: Font family 'Microsoft YaHei' not found.
2025-06-15 17:19:10,694 - matplotlib.font_manager - WARNING - findfont: Font family 'Microsoft YaHei' not found.
2025-06-15 17:19:10,695 - matplotlib.font_manager - WARNING - findfont: Font family 'Microsoft YaHei' not found.
2025-06-15 17:19:10,696 - matplotlib.font_manager - WARNING - findfont: Font family 'Microsoft YaHei' not found.
2025-06-15 17:19:10,700 - matplotlib.font_manager - WARNING - findfont: Font family 'Microsoft YaHei' not found.
2025-06-15 17:19:13,457 - matplotlib.font_manager - WARNING - findfont: Font family 'Microsoft YaHei' not found.
2025-06-15 17:19:13,457 - matplotlib.font_manager - WARNING - findfont: Font family 'Microsoft YaHei' not found.
2025-06-15 17:19:13,457 - matplotlib.font_manager - WARNING - findfont: Font family 'Microsoft YaHei' not found.
2025-06-15 17:19:13,457 - matplotlib.font_manager - WARNING - findfont: Font family 'Microsoft YaHei' not found.
2025-06-15 17:19:13,458 - matplotlib.font_manager - WARNING - findfont: Font family 'Microsoft YaHei' not found.
2025-06-15 17:19:13,458 - matplotlib.font_manager - WARNING - findfont: Font family 'Microsoft YaHei' not found.
2025-06-15 17:19:13,461 - matplotlib.font_manager - WARNING - findfont: Font family 'Microsoft YaHei' not found.
2025-06-15 17:19:13,461 - matplotlib.font_manager - WARNING - findfont: Font family 'Microsoft YaHei' not found.
2025-06-15 17:19:13,461 - matplotlib.font_manager - WARNING - findfont: Font family 'Microsoft YaHei' not found.
2025-06-15 17:19:13,462 - matplotlib.font_manager - WARNING - findfont: Font family 'Microsoft YaHei' not found.
2025-06-15 17:19:13,462 - matplotlib.font_manager - WARNING - findfont: Font family 'Microsoft YaHei' not found.
2025-06-15 17:19:13,462 - matplotlib.font_manager - WARNING - findfont: Font family 'Microsoft YaHei' not found.
2025-06-15 17:19:13,475 - root - INFO - plot_trace: Trace data min: -4078.0684379010513, max: 4802.88329480054, shape: (4000,)
2025-06-15 17:19:13,483 - matplotlib.font_manager - WARNING - findfont: Font family 'Microsoft YaHei' not found.
2025-06-15 17:19:13,484 - matplotlib.font_manager - WARNING - findfont: Font family 'Microsoft YaHei' not found.
2025-06-15 17:19:13,484 - matplotlib.font_manager - WARNING - findfont: Font family 'Microsoft YaHei' not found.
2025-06-15 17:19:13,484 - matplotlib.font_manager - WARNING - findfont: Font family 'Microsoft YaHei' not found.
2025-06-15 17:19:13,484 - matplotlib.font_manager - WARNING - findfont: Font family 'Microsoft YaHei' not found.
2025-06-15 17:19:13,485 - matplotlib.font_manager - WARNING - findfont: Font family 'Microsoft YaHei' not found.
2025-06-15 17:19:13,485 - matplotlib.font_manager - WARNING - findfont: Font family 'Microsoft YaHei' not found.
2025-06-15 17:19:13,485 - matplotlib.font_manager - WARNING - findfont: Font family 'Microsoft YaHei' not found.
2025-06-15 17:19:13,485 - matplotlib.font_manager - WARNING - findfont: Font family 'Microsoft YaHei' not found.
2025-06-15 17:19:13,487 - matplotlib.font_manager - WARNING - findfont: Font family 'Microsoft YaHei' not found.
2025-06-15 17:19:13,488 - matplotlib.font_manager - WARNING - findfont: Font family 'Microsoft YaHei' not found.
2025-06-15 17:19:13,488 - matplotlib.font_manager - WARNING - findfont: Font family 'Microsoft YaHei' not found.
2025-06-15 17:19:13,488 - matplotlib.font_manager - WARNING - findfont: Font family 'Microsoft YaHei' not found.
2025-06-15 17:19:13,489 - matplotlib.font_manager - WARNING - findfont: Font family 'Microsoft YaHei' not found.
2025-06-15 17:19:13,489 - matplotlib.font_manager - WARNING - findfont: Font family 'Microsoft YaHei' not found.
2025-06-15 17:19:13,490 - matplotlib.font_manager - WARNING - findfont: Font family 'Microsoft YaHei' not found.
2025-06-15 17:19:13,494 - matplotlib.font_manager - WARNING - findfont: Font family 'Microsoft YaHei' not found.
2025-06-15 17:19:13,502 - matplotlib.font_manager - WARNING - findfont: Font family 'Microsoft YaHei' not found.
2025-06-15 17:19:13,502 - matplotlib.font_manager - WARNING - findfont: Font family 'Microsoft YaHei' not found.
2025-06-15 17:19:13,502 - matplotlib.font_manager - WARNING - findfont: Font family 'Microsoft YaHei' not found.
2025-06-15 17:19:13,503 - matplotlib.font_manager - WARNING - findfont: Font family 'Microsoft YaHei' not found.
2025-06-15 17:19:13,503 - matplotlib.font_manager - WARNING - findfont: Font family 'Microsoft YaHei' not found.
2025-06-15 17:19:13,503 - matplotlib.font_manager - WARNING - findfont: Font family 'Microsoft YaHei' not found.
2025-06-15 17:19:13,503 - matplotlib.font_manager - WARNING - findfont: Font family 'Microsoft YaHei' not found.
2025-06-15 17:19:13,504 - matplotlib.font_manager - WARNING - findfont: Font family 'Microsoft YaHei' not found.
2025-06-15 17:19:13,504 - matplotlib.font_manager - WARNING - findfont: Font family 'Microsoft YaHei' not found.
2025-06-15 17:19:13,505 - matplotlib.font_manager - WARNING - findfont: Font family 'Microsoft YaHei' not found.
2025-06-15 17:19:13,506 - matplotlib.font_manager - WARNING - findfont: Font family 'Microsoft YaHei' not found.
2025-06-15 17:19:13,506 - matplotlib.font_manager - WARNING - findfont: Font family 'Microsoft YaHei' not found.
2025-06-15 17:19:13,507 - matplotlib.font_manager - WARNING - findfont: Font family 'Microsoft YaHei' not found.
2025-06-15 17:19:13,507 - matplotlib.font_manager - WARNING - findfont: Font family 'Microsoft YaHei' not found.
2025-06-15 17:19:13,507 - matplotlib.font_manager - WARNING - findfont: Font family 'Microsoft YaHei' not found.
2025-06-15 17:19:13,508 - matplotlib.font_manager - WARNING - findfont: Font family 'Microsoft YaHei' not found.
2025-06-15 17:19:13,512 - matplotlib.font_manager - WARNING - findfont: Font family 'Microsoft YaHei' not found.
2025-06-15 17:19:14,728 - matplotlib.font_manager - WARNING - findfont: Font family 'Microsoft YaHei' not found.
2025-06-15 17:19:14,729 - matplotlib.font_manager - WARNING - findfont: Font family 'Microsoft YaHei' not found.
2025-06-15 17:19:14,729 - matplotlib.font_manager - WARNING - findfont: Font family 'Microsoft YaHei' not found.
2025-06-15 17:19:14,730 - matplotlib.font_manager - WARNING - findfont: Font family 'Microsoft YaHei' not found.
2025-06-15 17:19:14,733 - matplotlib.font_manager - WARNING - findfont: Font family 'Microsoft YaHei' not found.
2025-06-15 17:19:14,734 - matplotlib.font_manager - WARNING - findfont: Font family 'Microsoft YaHei' not found.
2025-06-15 17:19:14,734 - matplotlib.font_manager - WARNING - findfont: Font family 'Microsoft YaHei' not found.
2025-06-15 17:19:14,734 - matplotlib.font_manager - WARNING - findfont: Font family 'Microsoft YaHei' not found.
2025-06-15 17:19:14,734 - matplotlib.font_manager - WARNING - findfont: Font family 'Microsoft YaHei' not found.
2025-06-15 17:19:14,735 - matplotlib.font_manager - WARNING - findfont: Font family 'Microsoft YaHei' not found.
2025-06-15 17:19:14,736 - matplotlib.font_manager - WARNING - findfont: Font family 'Microsoft YaHei' not found.
2025-06-15 17:19:14,736 - matplotlib.font_manager - WARNING - findfont: Font family 'Microsoft YaHei' not found.
2025-06-15 17:19:14,737 - matplotlib.font_manager - WARNING - findfont: Font family 'Microsoft YaHei' not found.
2025-06-15 17:19:14,737 - matplotlib.font_manager - WARNING - findfont: Font family 'Microsoft YaHei' not found.
2025-06-15 17:19:14,738 - matplotlib.font_manager - WARNING - findfont: Font family 'Microsoft YaHei' not found.
2025-06-15 17:19:14,740 - matplotlib.font_manager - WARNING - findfont: Font family 'Microsoft YaHei' not found.
2025-06-15 17:19:14,742 - matplotlib.font_manager - WARNING - findfont: Font family 'Microsoft YaHei' not found.
2025-06-15 17:19:14,742 - matplotlib.font_manager - WARNING - findfont: Font family 'Microsoft YaHei' not found.
2025-06-15 17:19:14,743 - matplotlib.font_manager - WARNING - findfont: Font family 'Microsoft YaHei' not found.
2025-06-15 17:19:14,743 - matplotlib.font_manager - WARNING - findfont: Font family 'Microsoft YaHei' not found.
2025-06-15 17:19:14,744 - matplotlib.font_manager - WARNING - findfont: Font family 'Microsoft YaHei' not found.
2025-06-15 17:19:14,744 - matplotlib.font_manager - WARNING - findfont: Font family 'Microsoft YaHei' not found.
2025-06-15 17:19:14,745 - matplotlib.font_manager - WARNING - findfont: Font family 'Microsoft YaHei' not found.
2025-06-15 17:19:14,747 - matplotlib.font_manager - WARNING - findfont: Font family 'Microsoft YaHei' not found.
2025-06-15 17:19:14,750 - matplotlib.font_manager - WARNING - findfont: Font family 'Microsoft YaHei' not found.
2025-06-15 17:19:19,262 - matplotlib.font_manager - WARNING - findfont: Font family 'Microsoft YaHei' not found.
2025-06-15 17:19:19,263 - matplotlib.font_manager - WARNING - findfont: Font family 'Microsoft YaHei' not found.
2025-06-15 17:19:19,263 - matplotlib.font_manager - WARNING - findfont: Font family 'Microsoft YaHei' not found.
2025-06-15 17:19:19,263 - matplotlib.font_manager - WARNING - findfont: Font family 'Microsoft YaHei' not found.
2025-06-15 17:19:19,264 - matplotlib.font_manager - WARNING - findfont: Font family 'Microsoft YaHei' not found.
2025-06-15 17:19:19,264 - matplotlib.font_manager - WARNING - findfont: Font family 'Microsoft YaHei' not found.
2025-06-15 17:19:19,267 - matplotlib.font_manager - WARNING - findfont: Font family 'Microsoft YaHei' not found.
2025-06-15 17:19:19,268 - matplotlib.font_manager - WARNING - findfont: Font family 'Microsoft YaHei' not found.
2025-06-15 17:19:19,268 - matplotlib.font_manager - WARNING - findfont: Font family 'Microsoft YaHei' not found.
2025-06-15 17:19:19,268 - matplotlib.font_manager - WARNING - findfont: Font family 'Microsoft YaHei' not found.
2025-06-15 17:19:19,268 - matplotlib.font_manager - WARNING - findfont: Font family 'Microsoft YaHei' not found.
2025-06-15 17:19:19,268 - matplotlib.font_manager - WARNING - findfont: Font family 'Microsoft YaHei' not found.
2025-06-15 17:19:19,282 - root - INFO - plot_trace: Trace data min: -4078.0684379010513, max: 4802.88329480054, shape: (4000,)
2025-06-15 17:19:19,290 - matplotlib.font_manager - WARNING - findfont: Font family 'Microsoft YaHei' not found.
2025-06-15 17:19:19,290 - matplotlib.font_manager - WARNING - findfont: Font family 'Microsoft YaHei' not found.
2025-06-15 17:19:19,291 - matplotlib.font_manager - WARNING - findfont: Font family 'Microsoft YaHei' not found.
2025-06-15 17:19:19,291 - matplotlib.font_manager - WARNING - findfont: Font family 'Microsoft YaHei' not found.
2025-06-15 17:19:19,291 - matplotlib.font_manager - WARNING - findfont: Font family 'Microsoft YaHei' not found.
2025-06-15 17:19:19,292 - matplotlib.font_manager - WARNING - findfont: Font family 'Microsoft YaHei' not found.
2025-06-15 17:19:19,292 - matplotlib.font_manager - WARNING - findfont: Font family 'Microsoft YaHei' not found.
2025-06-15 17:19:19,292 - matplotlib.font_manager - WARNING - findfont: Font family 'Microsoft YaHei' not found.
2025-06-15 17:19:19,292 - matplotlib.font_manager - WARNING - findfont: Font family 'Microsoft YaHei' not found.
2025-06-15 17:19:19,294 - matplotlib.font_manager - WARNING - findfont: Font family 'Microsoft YaHei' not found.
2025-06-15 17:19:19,294 - matplotlib.font_manager - WARNING - findfont: Font family 'Microsoft YaHei' not found.
2025-06-15 17:19:19,295 - matplotlib.font_manager - WARNING - findfont: Font family 'Microsoft YaHei' not found.
2025-06-15 17:19:19,295 - matplotlib.font_manager - WARNING - findfont: Font family 'Microsoft YaHei' not found.
2025-06-15 17:19:19,295 - matplotlib.font_manager - WARNING - findfont: Font family 'Microsoft YaHei' not found.
2025-06-15 17:19:19,295 - matplotlib.font_manager - WARNING - findfont: Font family 'Microsoft YaHei' not found.
2025-06-15 17:19:19,296 - matplotlib.font_manager - WARNING - findfont: Font family 'Microsoft YaHei' not found.
2025-06-15 17:19:19,300 - matplotlib.font_manager - WARNING - findfont: Font family 'Microsoft YaHei' not found.
2025-06-15 17:21:29,708 - root - INFO - reset_view: Trace data min: -4078.0684379010513, max: 4802.88329480054, shape: (4000,)
2025-06-15 17:21:29,717 - matplotlib.font_manager - WARNING - findfont: Font family 'Microsoft YaHei' not found.
2025-06-15 17:21:29,718 - matplotlib.font_manager - WARNING - findfont: Font family 'Microsoft YaHei' not found.
2025-06-15 17:21:29,718 - matplotlib.font_manager - WARNING - findfont: Font family 'Microsoft YaHei' not found.
2025-06-15 17:21:29,718 - matplotlib.font_manager - WARNING - findfont: Font family 'Microsoft YaHei' not found.
2025-06-15 17:21:29,718 - matplotlib.font_manager - WARNING - findfont: Font family 'Microsoft YaHei' not found.
2025-06-15 17:21:29,719 - matplotlib.font_manager - WARNING - findfont: Font family 'Microsoft YaHei' not found.
2025-06-15 17:21:29,719 - matplotlib.font_manager - WARNING - findfont: Font family 'Microsoft YaHei' not found.
2025-06-15 17:21:29,719 - matplotlib.font_manager - WARNING - findfont: Font family 'Microsoft YaHei' not found.
2025-06-15 17:21:29,720 - matplotlib.font_manager - WARNING - findfont: Font family 'Microsoft YaHei' not found.
2025-06-15 17:21:29,721 - matplotlib.font_manager - WARNING - findfont: Font family 'Microsoft YaHei' not found.
2025-06-15 17:21:29,722 - matplotlib.font_manager - WARNING - findfont: Font family 'Microsoft YaHei' not found.
2025-06-15 17:21:29,722 - matplotlib.font_manager - WARNING - findfont: Font family 'Microsoft YaHei' not found.
2025-06-15 17:21:29,722 - matplotlib.font_manager - WARNING - findfont: Font family 'Microsoft YaHei' not found.
2025-06-15 17:21:29,722 - matplotlib.font_manager - WARNING - findfont: Font family 'Microsoft YaHei' not found.
2025-06-15 17:21:29,723 - matplotlib.font_manager - WARNING - findfont: Font family 'Microsoft YaHei' not found.
2025-06-15 17:21:29,727 - matplotlib.font_manager - WARNING - findfont: Font family 'Microsoft YaHei' not found.
